[2.956s] Invoking command in '/home/pi/sunflower/build/stem_pkg': PYTHONPATH=/home/pi/sunflower/install/stem_pkg/lib/python3.8/site-packages:${PYTHONPATH} /usr/bin/python3 setup.py develop --prefix /home/pi/sunflower/install/stem_pkg --editable --build-directory /home/pi/sunflower/build/stem_pkg/build --no-deps install_data --install-dir /home/pi/sunflower/install/stem_pkg
[4.091s] running develop
[4.844s] running egg_info
[4.845s] writing stem_pkg.egg-info/PKG-INFO
[4.846s] writing dependency_links to stem_pkg.egg-info/dependency_links.txt
[4.847s] writing entry points to stem_pkg.egg-info/entry_points.txt
[4.848s] writing requirements to stem_pkg.egg-info/requires.txt
[4.848s] writing top-level names to stem_pkg.egg-info/top_level.txt
[4.971s] reading manifest file 'stem_pkg.egg-info/SOURCES.txt'
[4.975s] writing manifest file 'stem_pkg.egg-info/SOURCES.txt'
[5.150s] running build_ext
[5.313s] Creating /home/pi/sunflower/install/stem_pkg/lib/python3.8/site-packages/site.py
[5.323s] Creating /home/pi/sunflower/install/stem_pkg/lib/python3.8/site-packages/stem-pkg.egg-link (link to .)
[5.329s] Installing calculator script to /home/pi/sunflower/install/stem_pkg/lib/stem_pkg
[5.331s] Installing cmd_selector script to /home/pi/sunflower/install/stem_pkg/lib/stem_pkg
[5.332s] Installing serial_talker script to /home/pi/sunflower/install/stem_pkg/lib/stem_pkg
[5.334s] Installing tensor script to /home/pi/sunflower/install/stem_pkg/lib/stem_pkg
[5.336s] Installing tensor_publisher script to /home/pi/sunflower/install/stem_pkg/lib/stem_pkg
[5.338s] 
[5.340s] Installed /home/pi/sunflower/build/stem_pkg
[5.342s] running install_data
[5.460s] Invoked command in '/home/pi/sunflower/build/stem_pkg' returned '0': PYTHONPATH=/home/pi/sunflower/install/stem_pkg/lib/python3.8/site-packages:${PYTHONPATH} /usr/bin/python3 setup.py develop --prefix /home/pi/sunflower/install/stem_pkg --editable --build-directory /home/pi/sunflower/build/stem_pkg/build --no-deps install_data --install-dir /home/pi/sunflower/install/stem_pkg
