[8.082s] Invoking command in '/home/pi/sunflower/build/stem_pkg': PYTHONPATH=/home/pi/sunflower/install/stem_pkg/lib/python3.8/site-packages:${PYTHONPATH} /usr/bin/python3 setup.py develop --prefix /home/pi/sunflower/install/stem_pkg --editable --build-directory /home/pi/sunflower/build/stem_pkg/build --no-deps install_data --install-dir /home/pi/sunflower/install/stem_pkg
[10.792s] running develop
[12.502s] running egg_info
[12.503s] writing stem_pkg.egg-info/PKG-INFO
[12.507s] writing dependency_links to stem_pkg.egg-info/dependency_links.txt
[12.510s] writing entry points to stem_pkg.egg-info/entry_points.txt
[12.512s] writing requirements to stem_pkg.egg-info/requires.txt
[12.515s] writing top-level names to stem_pkg.egg-info/top_level.txt
[12.697s] reading manifest file 'stem_pkg.egg-info/SOURCES.txt'
[12.703s] writing manifest file 'stem_pkg.egg-info/SOURCES.txt'
[12.953s] running build_ext
[12.956s] Creating /home/pi/sunflower/install/stem_pkg/lib/python3.8/site-packages/stem-pkg.egg-link (link to .)
[12.966s] Installing calculator script to /home/pi/sunflower/install/stem_pkg/lib/stem_pkg
[12.971s] Installing cmd_selector script to /home/pi/sunflower/install/stem_pkg/lib/stem_pkg
[12.975s] Installing serial_talker script to /home/pi/sunflower/install/stem_pkg/lib/stem_pkg
[12.980s] Installing tensor script to /home/pi/sunflower/install/stem_pkg/lib/stem_pkg
[12.985s] Installing tensor_publisher script to /home/pi/sunflower/install/stem_pkg/lib/stem_pkg
[12.990s] 
[12.992s] Installed /home/pi/sunflower/build/stem_pkg
[12.994s] running install_data
[14.224s] Invoked command in '/home/pi/sunflower/build/stem_pkg' returned '0': PYTHONPATH=/home/pi/sunflower/install/stem_pkg/lib/python3.8/site-packages:${PYTHONPATH} /usr/bin/python3 setup.py develop --prefix /home/pi/sunflower/install/stem_pkg --editable --build-directory /home/pi/sunflower/build/stem_pkg/build --no-deps install_data --install-dir /home/pi/sunflower/install/stem_pkg
