[3.772s] Invoking command in '/home/pi/sunflower/build/sunflower_interfaces': CMAKE_PREFIX_PATH=/opt/ros/foxy /usr/bin/cmake --build /home/pi/sunflower/build/sunflower_interfaces -- -j4 -l4
[4.598s] [  3%] Built target sunflower_interfaces__cpp
[4.618s] [ 12%] Built target sunflower_interfaces__rosidl_generator_c
[5.179s] [ 22%] Built target sunflower_interfaces__rosidl_typesupport_cpp
[5.196s] [ 32%] Built target sunflower_interfaces__rosidl_typesupport_introspection_cpp
[5.200s] [ 41%] Built target sunflower_interfaces__rosidl_typesupport_introspection_c
[5.258s] [ 51%] Built target sunflower_interfaces__rosidl_typesupport_fastrtps_cpp
[5.488s] [ 61%] Built target sunflower_interfaces__rosidl_typesupport_c
[5.712s] [ 70%] Built target sunflower_interfaces__rosidl_typesupport_fastrtps_c
[6.097s] [ 70%] Built target sunflower_interfaces
[6.346s] [ 74%] Built target sunflower_interfaces__py
[6.551s] [ 80%] Built target sunflower_interfaces__python
[7.010s] [ 87%] Built target sunflower_interfaces__rosidl_typesupport_c__pyext
[7.035s] [ 93%] Built target sunflower_interfaces__rosidl_typesupport_introspection_c__pyext
[7.047s] [100%] Built target sunflower_interfaces__rosidl_typesupport_fastrtps_c__pyext
[7.185s] Invoked command in '/home/pi/sunflower/build/sunflower_interfaces' returned '0': CMAKE_PREFIX_PATH=/opt/ros/foxy /usr/bin/cmake --build /home/pi/sunflower/build/sunflower_interfaces -- -j4 -l4
[9.089s] Invoking command in '/home/pi/sunflower/build/sunflower_interfaces': CMAKE_PREFIX_PATH=/opt/ros/foxy /usr/bin/cmake --install /home/pi/sunflower/build/sunflower_interfaces
[9.152s] -- Install configuration: ""
[9.155s] -- Execute custom install script
[9.158s] -- Up-to-date symlink: /home/pi/sunflower/install/sunflower_interfaces/share/ament_index/resource_index/rosidl_interfaces/sunflower_interfaces
[9.162s] -- Up-to-date symlink: /home/pi/sunflower/install/sunflower_interfaces/include/sunflower_interfaces/msg/detail/tflite_result__functions.h
[9.163s] -- Up-to-date symlink: /home/pi/sunflower/install/sunflower_interfaces/include/sunflower_interfaces/msg/detail/tflite_result__struct.h
[9.170s] -- Up-to-date symlink: /home/pi/sunflower/install/sunflower_interfaces/include/sunflower_interfaces/msg/detail/tflite_result__type_support.h
[9.170s] -- Up-to-date symlink: /home/pi/sunflower/install/sunflower_interfaces/include/sunflower_interfaces/msg/rosidl_generator_c__visibility_control.h
[9.173s] -- Up-to-date symlink: /home/pi/sunflower/install/sunflower_interfaces/include/sunflower_interfaces/msg/tflite_result.h
[9.177s] -- Up-to-date symlink: /home/pi/sunflower/install/sunflower_interfaces/share/sunflower_interfaces/environment/library_path.sh
[9.181s] -- Up-to-date symlink: /home/pi/sunflower/install/sunflower_interfaces/share/sunflower_interfaces/environment/library_path.dsv
[9.185s] -- Up-to-date symlink: /home/pi/sunflower/install/sunflower_interfaces/include/sunflower_interfaces/msg/detail/tflite_result__rosidl_typesupport_fastrtps_c.h
[9.188s] -- Up-to-date symlink: /home/pi/sunflower/install/sunflower_interfaces/include/sunflower_interfaces/msg/rosidl_typesupport_fastrtps_c__visibility_control.h
[9.192s] -- Up-to-date symlink: /home/pi/sunflower/install/sunflower_interfaces/lib/libsunflower_interfaces__rosidl_typesupport_fastrtps_c.so
[9.199s] -- Up-to-date symlink: /home/pi/sunflower/install/sunflower_interfaces/include/sunflower_interfaces/msg/detail/tflite_result__rosidl_typesupport_fastrtps_cpp.hpp
[9.203s] -- Up-to-date symlink: /home/pi/sunflower/install/sunflower_interfaces/include/sunflower_interfaces/msg/rosidl_typesupport_fastrtps_cpp__visibility_control.h
[9.207s] -- Up-to-date symlink: /home/pi/sunflower/install/sunflower_interfaces/lib/libsunflower_interfaces__rosidl_typesupport_fastrtps_cpp.so
[9.214s] -- Up-to-date symlink: /home/pi/sunflower/install/sunflower_interfaces/include/sunflower_interfaces/msg/detail/tflite_result__rosidl_typesupport_introspection_c.h
[9.217s] -- Up-to-date symlink: /home/pi/sunflower/install/sunflower_interfaces/include/sunflower_interfaces/msg/rosidl_typesupport_introspection_c__visibility_control.h
[9.223s] -- Up-to-date symlink: /home/pi/sunflower/install/sunflower_interfaces/include/sunflower_interfaces/msg/detail/tflite_result__builder.hpp
[9.229s] -- Up-to-date symlink: /home/pi/sunflower/install/sunflower_interfaces/include/sunflower_interfaces/msg/detail/tflite_result__struct.hpp
[9.231s] -- Up-to-date symlink: /home/pi/sunflower/install/sunflower_interfaces/include/sunflower_interfaces/msg/detail/tflite_result__traits.hpp
[9.235s] -- Up-to-date symlink: /home/pi/sunflower/install/sunflower_interfaces/include/sunflower_interfaces/msg/tflite_result.hpp
[9.242s] -- Up-to-date symlink: /home/pi/sunflower/install/sunflower_interfaces/include/sunflower_interfaces/msg/detail/tflite_result__rosidl_typesupport_introspection_cpp.hpp
[9.245s] -- Up-to-date symlink: /home/pi/sunflower/install/sunflower_interfaces/share/sunflower_interfaces/environment/pythonpath.sh
[9.249s] -- Up-to-date symlink: /home/pi/sunflower/install/sunflower_interfaces/share/sunflower_interfaces/environment/pythonpath.dsv
[9.252s] -- Up-to-date symlink: /home/pi/sunflower/install/sunflower_interfaces/lib/python3.8/site-packages/sunflower_interfaces/__init__.py
[9.257s] -- Up-to-date symlink: /home/pi/sunflower/install/sunflower_interfaces/lib/python3.8/site-packages/sunflower_interfaces/msg/__init__.py
[9.259s] -- Up-to-date symlink: /home/pi/sunflower/install/sunflower_interfaces/lib/python3.8/site-packages/sunflower_interfaces/msg/_tflite_result.py
[9.264s] -- Up-to-date symlink: /home/pi/sunflower/install/sunflower_interfaces/lib/python3.8/site-packages/sunflower_interfaces/sunflower_interfaces_s__rosidl_typesupport_fastrtps_c.cpython-38-aarch64-linux-gnu.so
[9.269s] -- Up-to-date symlink: /home/pi/sunflower/install/sunflower_interfaces/lib/python3.8/site-packages/sunflower_interfaces/sunflower_interfaces_s__rosidl_typesupport_introspection_c.cpython-38-aarch64-linux-gnu.so
[9.273s] -- Up-to-date symlink: /home/pi/sunflower/install/sunflower_interfaces/lib/python3.8/site-packages/sunflower_interfaces/sunflower_interfaces_s__rosidl_typesupport_c.cpython-38-aarch64-linux-gnu.so
[9.277s] -- Up-to-date symlink: /home/pi/sunflower/install/sunflower_interfaces/lib/libsunflower_interfaces__python.so
[9.281s] -- Up-to-date symlink: /home/pi/sunflower/install/sunflower_interfaces/share/sunflower_interfaces/msg/TfliteResult.idl
[9.285s] -- Up-to-date symlink: /home/pi/sunflower/install/sunflower_interfaces/share/sunflower_interfaces/msg/TfliteResult.msg
[9.306s] -- Up-to-date symlink: /home/pi/sunflower/install/sunflower_interfaces/share/ament_index/resource_index/package_run_dependencies/sunflower_interfaces
[9.310s] -- Up-to-date symlink: /home/pi/sunflower/install/sunflower_interfaces/share/ament_index/resource_index/parent_prefix_path/sunflower_interfaces
[9.314s] -- Up-to-date symlink: /home/pi/sunflower/install/sunflower_interfaces/share/sunflower_interfaces/environment/ament_prefix_path.sh
[9.322s] -- Up-to-date symlink: /home/pi/sunflower/install/sunflower_interfaces/share/sunflower_interfaces/environment/ament_prefix_path.dsv
[9.325s] -- Up-to-date symlink: /home/pi/sunflower/install/sunflower_interfaces/share/sunflower_interfaces/environment/path.sh
[9.331s] -- Up-to-date symlink: /home/pi/sunflower/install/sunflower_interfaces/share/sunflower_interfaces/environment/path.dsv
[9.335s] -- Up-to-date symlink: /home/pi/sunflower/install/sunflower_interfaces/share/sunflower_interfaces/local_setup.bash
[9.340s] -- Up-to-date symlink: /home/pi/sunflower/install/sunflower_interfaces/share/sunflower_interfaces/local_setup.sh
[9.350s] -- Up-to-date symlink: /home/pi/sunflower/install/sunflower_interfaces/share/sunflower_interfaces/local_setup.zsh
[9.353s] -- Up-to-date symlink: /home/pi/sunflower/install/sunflower_interfaces/share/sunflower_interfaces/local_setup.dsv
[9.362s] -- Symlinking: /home/pi/sunflower/install/sunflower_interfaces/share/sunflower_interfaces/package.dsv
[9.454s] -- Up-to-date symlink: /home/pi/sunflower/install/sunflower_interfaces/share/ament_index/resource_index/packages/sunflower_interfaces
[9.455s] -- Up-to-date symlink: /home/pi/sunflower/install/sunflower_interfaces/share/sunflower_interfaces/cmake/rosidl_cmake-extras.cmake
[9.458s] -- Up-to-date symlink: /home/pi/sunflower/install/sunflower_interfaces/share/sunflower_interfaces/cmake/ament_cmake_export_dependencies-extras.cmake
[9.461s] -- Up-to-date symlink: /home/pi/sunflower/install/sunflower_interfaces/share/sunflower_interfaces/cmake/ament_cmake_export_libraries-extras.cmake
[9.470s] -- Up-to-date symlink: /home/pi/sunflower/install/sunflower_interfaces/share/sunflower_interfaces/cmake/ament_cmake_export_targets-extras.cmake
[9.473s] -- Up-to-date symlink: /home/pi/sunflower/install/sunflower_interfaces/share/sunflower_interfaces/cmake/ament_cmake_export_include_directories-extras.cmake
[9.476s] -- Up-to-date symlink: /home/pi/sunflower/install/sunflower_interfaces/share/sunflower_interfaces/cmake/rosidl_cmake_export_typesupport_libraries-extras.cmake
[9.486s] -- Up-to-date symlink: /home/pi/sunflower/install/sunflower_interfaces/share/sunflower_interfaces/cmake/rosidl_cmake_export_typesupport_targets-extras.cmake
[9.489s] -- Up-to-date symlink: /home/pi/sunflower/install/sunflower_interfaces/share/sunflower_interfaces/cmake/sunflower_interfacesConfig.cmake
[9.491s] -- Up-to-date symlink: /home/pi/sunflower/install/sunflower_interfaces/share/sunflower_interfaces/cmake/sunflower_interfacesConfig-version.cmake
[9.502s] -- Up-to-date symlink: /home/pi/sunflower/install/sunflower_interfaces/share/sunflower_interfaces/package.xml
[9.504s] -- Up-to-date: /home/pi/sunflower/install/sunflower_interfaces/lib/libsunflower_interfaces__rosidl_generator_c.so
[9.508s] -- Up-to-date: /home/pi/sunflower/install/sunflower_interfaces/lib/libsunflower_interfaces__rosidl_typesupport_introspection_c.so
[9.515s] -- Up-to-date: /home/pi/sunflower/install/sunflower_interfaces/lib/libsunflower_interfaces__rosidl_typesupport_c.so
[9.523s] -- Up-to-date: /home/pi/sunflower/install/sunflower_interfaces/lib/libsunflower_interfaces__rosidl_typesupport_introspection_cpp.so
[9.534s] -- Up-to-date: /home/pi/sunflower/install/sunflower_interfaces/lib/libsunflower_interfaces__rosidl_typesupport_cpp.so
[9.997s] -- Up-to-date: /home/pi/sunflower/install/sunflower_interfaces/share/sunflower_interfaces/cmake/sunflower_interfaces__rosidl_generator_cExport.cmake
[9.999s] -- Up-to-date: /home/pi/sunflower/install/sunflower_interfaces/share/sunflower_interfaces/cmake/sunflower_interfaces__rosidl_generator_cExport-noconfig.cmake
[10.004s] -- Up-to-date: /home/pi/sunflower/install/sunflower_interfaces/share/sunflower_interfaces/cmake/sunflower_interfaces__rosidl_typesupport_introspection_cExport.cmake
[10.007s] -- Up-to-date: /home/pi/sunflower/install/sunflower_interfaces/share/sunflower_interfaces/cmake/sunflower_interfaces__rosidl_typesupport_introspection_cExport-noconfig.cmake
[10.010s] -- Up-to-date: /home/pi/sunflower/install/sunflower_interfaces/share/sunflower_interfaces/cmake/sunflower_interfaces__rosidl_typesupport_cExport.cmake
[10.013s] -- Up-to-date: /home/pi/sunflower/install/sunflower_interfaces/share/sunflower_interfaces/cmake/sunflower_interfaces__rosidl_typesupport_cExport-noconfig.cmake
[10.024s] -- Up-to-date: /home/pi/sunflower/install/sunflower_interfaces/share/sunflower_interfaces/cmake/sunflower_interfaces__rosidl_generator_cppExport.cmake
[10.037s] -- Up-to-date: /home/pi/sunflower/install/sunflower_interfaces/share/sunflower_interfaces/cmake/sunflower_interfaces__rosidl_typesupport_introspection_cppExport.cmake
[10.039s] -- Up-to-date: /home/pi/sunflower/install/sunflower_interfaces/share/sunflower_interfaces/cmake/sunflower_interfaces__rosidl_typesupport_introspection_cppExport-noconfig.cmake
[10.043s] -- Up-to-date: /home/pi/sunflower/install/sunflower_interfaces/share/sunflower_interfaces/cmake/sunflower_interfaces__rosidl_typesupport_cppExport.cmake
[10.047s] -- Up-to-date: /home/pi/sunflower/install/sunflower_interfaces/share/sunflower_interfaces/cmake/sunflower_interfaces__rosidl_typesupport_cppExport-noconfig.cmake
[10.075s] Invoked command in '/home/pi/sunflower/build/sunflower_interfaces' returned '0': CMAKE_PREFIX_PATH=/opt/ros/foxy /usr/bin/cmake --install /home/pi/sunflower/build/sunflower_interfaces
