running develop
running egg_info
creating tflite_pkg.egg-info
writing tflite_pkg.egg-info/PKG-INFO
writing dependency_links to tflite_pkg.egg-info/dependency_links.txt
writing entry points to tflite_pkg.egg-info/entry_points.txt
writing requirements to tflite_pkg.egg-info/requires.txt
writing top-level names to tflite_pkg.egg-info/top_level.txt
writing manifest file 'tflite_pkg.egg-info/SOURCES.txt'
reading manifest file 'tflite_pkg.egg-info/SOURCES.txt'
writing manifest file 'tflite_pkg.egg-info/SOURCES.txt'
running build_ext
Creating /home/pi/sunflower/install/tflite_pkg/lib/python3.8/site-packages/site.py
Creating /home/pi/sunflower/install/tflite_pkg/lib/python3.8/site-packages/tflite-pkg.egg-link (link to .)

Installed /home/pi/sunflower/build/tflite_pkg
running install_data
creating /home/pi/sunflower/install/tflite_pkg/share/ament_index
creating /home/pi/sunflower/install/tflite_pkg/share/ament_index/resource_index
creating /home/pi/sunflower/install/tflite_pkg/share/ament_index/resource_index/packages
copying resource/tflite_pkg -> /home/pi/sunflower/install/tflite_pkg/share/ament_index/resource_index/packages
copying package.xml -> /home/pi/sunflower/install/tflite_pkg/share/tflite_pkg
