[10.183s] Invoking command in '/home/pi/sunflower/build/tflite_pkg': PYTHONPATH=/home/pi/sunflower/install/tflite_pkg/lib/python3.8/site-packages:${PYTHONPATH} /usr/bin/python3 setup.py develop --prefix /home/pi/sunflower/install/tflite_pkg --editable --build-directory /home/pi/sunflower/build/tflite_pkg/build --no-deps install_data --install-dir /home/pi/sunflower/install/tflite_pkg
[13.334s] running develop
[14.944s] running egg_info
[14.945s] creating tflite_pkg.egg-info
[14.948s] writing tflite_pkg.egg-info/PKG-INFO
[14.952s] writing dependency_links to tflite_pkg.egg-info/dependency_links.txt
[14.954s] writing entry points to tflite_pkg.egg-info/entry_points.txt
[14.955s] writing requirements to tflite_pkg.egg-info/requires.txt
[14.956s] writing top-level names to tflite_pkg.egg-info/top_level.txt
[14.964s] writing manifest file 'tflite_pkg.egg-info/SOURCES.txt'
[15.230s] reading manifest file 'tflite_pkg.egg-info/SOURCES.txt'
[15.234s] writing manifest file 'tflite_pkg.egg-info/SOURCES.txt'
[15.517s] running build_ext
[15.519s] Creating /home/pi/sunflower/install/tflite_pkg/lib/python3.8/site-packages/site.py
[15.531s] Creating /home/pi/sunflower/install/tflite_pkg/lib/python3.8/site-packages/tflite-pkg.egg-link (link to .)
[15.537s] 
[15.538s] Installed /home/pi/sunflower/build/tflite_pkg
[15.539s] running install_data
[15.540s] creating /home/pi/sunflower/install/tflite_pkg/share/ament_index
[15.541s] creating /home/pi/sunflower/install/tflite_pkg/share/ament_index/resource_index
[15.541s] creating /home/pi/sunflower/install/tflite_pkg/share/ament_index/resource_index/packages
[15.542s] copying resource/tflite_pkg -> /home/pi/sunflower/install/tflite_pkg/share/ament_index/resource_index/packages
[15.544s] copying package.xml -> /home/pi/sunflower/install/tflite_pkg/share/tflite_pkg
[15.813s] Invoked command in '/home/pi/sunflower/build/tflite_pkg' returned '0': PYTHONPATH=/home/pi/sunflower/install/tflite_pkg/lib/python3.8/site-packages:${PYTHONPATH} /usr/bin/python3 setup.py develop --prefix /home/pi/sunflower/install/tflite_pkg --editable --build-directory /home/pi/sunflower/build/tflite_pkg/build --no-deps install_data --install-dir /home/pi/sunflower/install/tflite_pkg
