[6.388s] Invoking command in '/home/pi/sunflower/build/stem_pkg': PYTHONPATH=/home/pi/sunflower/install/stem_pkg/lib/python3.8/site-packages:${PYTHONPATH} /usr/bin/python3 setup.py develop --prefix /home/pi/sunflower/install/stem_pkg --editable --build-directory /home/pi/sunflower/build/stem_pkg/build --no-deps install_data --install-dir /home/pi/sunflower/install/stem_pkg
[8.593s] running develop
[10.915s] running egg_info
[10.917s] writing stem_pkg.egg-info/PKG-INFO
[10.918s] writing dependency_links to stem_pkg.egg-info/dependency_links.txt
[10.919s] writing entry points to stem_pkg.egg-info/entry_points.txt
[10.921s] writing requirements to stem_pkg.egg-info/requires.txt
[10.923s] writing top-level names to stem_pkg.egg-info/top_level.txt
[11.104s] reading manifest file 'stem_pkg.egg-info/SOURCES.txt'
[11.109s] writing manifest file 'stem_pkg.egg-info/SOURCES.txt'
[11.445s] running build_ext
[11.448s] Creating /home/pi/sunflower/install/stem_pkg/lib/python3.8/site-packages/stem-pkg.egg-link (link to .)
[11.455s] Installing calculator script to /home/pi/sunflower/install/stem_pkg/lib/stem_pkg
[11.460s] Installing cmd_selector script to /home/pi/sunflower/install/stem_pkg/lib/stem_pkg
[11.463s] Installing serial_talker script to /home/pi/sunflower/install/stem_pkg/lib/stem_pkg
[11.467s] Installing tensor script to /home/pi/sunflower/install/stem_pkg/lib/stem_pkg
[11.471s] Installing tensor_publisher script to /home/pi/sunflower/install/stem_pkg/lib/stem_pkg
[11.473s] 
[11.474s] Installed /home/pi/sunflower/build/stem_pkg
[11.476s] running install_data
[11.695s] Invoked command in '/home/pi/sunflower/build/stem_pkg' returned '0': PYTHONPATH=/home/pi/sunflower/install/stem_pkg/lib/python3.8/site-packages:${PYTHONPATH} /usr/bin/python3 setup.py develop --prefix /home/pi/sunflower/install/stem_pkg --editable --build-directory /home/pi/sunflower/build/stem_pkg/build --no-deps install_data --install-dir /home/pi/sunflower/install/stem_pkg
