[1.246s] Invoking command in '/home/pi/sunflower/build/sunflower_interfaces': CMAKE_PREFIX_PATH=${CMAKE_PREFIX_PATH}:/home/pi/sunflower/install/tflite_pkg:/home/pi/sunflower/install/test_pkg:/opt/ros/foxy /usr/bin/cmake /home/pi/sunflower/src/sunflower_interfaces -DCMAKE_INSTALL_PREFIX=/home/pi/sunflower/install/sunflower_interfaces
[2.407s] -- The C compiler identification is GNU 9.4.0
[3.203s] -- The CXX compiler identification is GNU 9.4.0
[3.244s] -- Check for working C compiler: /usr/bin/cc
[3.738s] -- Check for working C compiler: /usr/bin/cc -- works
[3.747s] -- Detecting C compiler ABI info
[4.172s] -- Detecting C compiler ABI info - done
[4.220s] -- Detecting C compile features
[4.223s] -- Detecting C compile features - done
[4.237s] -- Check for working CXX compiler: /usr/bin/c++
[4.659s] -- Check for working CXX compiler: /usr/bin/c++ -- works
[4.662s] -- Detecting CXX compiler ABI info
[5.131s] -- Detecting CXX compiler ABI info - done
[5.172s] -- Detecting CXX compile features
[5.174s] -- Detecting CXX compile features - done
[5.209s] -- Found ament_cmake: 0.9.9 (/opt/ros/foxy/share/ament_cmake/cmake)
[5.404s] -- Found PythonInterp: /usr/bin/python3 (found suitable version "3.8.10", minimum required is "3") 
[5.404s] -- Using PYTHON_EXECUTABLE: /usr/bin/python3
[6.773s] -- Found builtin_interfaces: 1.0.0 (/opt/ros/foxy/share/builtin_interfaces/cmake)
[6.998s] -- Using all available rosidl_typesupport_c: rosidl_typesupport_fastrtps_c;rosidl_typesupport_introspection_c
[7.059s] -- Found rosidl_adapter: 1.2.1 (/opt/ros/foxy/share/rosidl_adapter/cmake)
[7.742s] -- Found OpenSSL: /usr/lib/aarch64-linux-gnu/libcrypto.so (found version "1.1.1f")  
[7.987s] -- Found FastRTPS: /opt/ros/foxy/include  
[8.557s] -- Using all available rosidl_typesupport_cpp: rosidl_typesupport_fastrtps_cpp;rosidl_typesupport_introspection_cpp
[8.684s] -- Found rosidl_default_generators: 1.0.1 (/opt/ros/foxy/share/rosidl_default_generators/cmake)
[8.835s] -- Found PythonInterp: /usr/bin/python3 (found version "3.8.10") 
[9.388s] -- Found ament_cmake_ros: 0.9.2 (/opt/ros/foxy/share/ament_cmake_ros/cmake)
[10.302s] -- Using all available rosidl_typesupport_c: rosidl_typesupport_fastrtps_c;rosidl_typesupport_introspection_c
[10.354s] -- Using all available rosidl_typesupport_cpp: rosidl_typesupport_fastrtps_cpp;rosidl_typesupport_introspection_cpp
[10.465s] -- Found PythonInterp: /usr/bin/python3 (found suitable version "3.8.10", minimum required is "3.5") 
[10.480s] -- Found python_cmake_module: 0.8.1 (/opt/ros/foxy/share/python_cmake_module/cmake)
[10.616s] -- Found PythonLibs: /usr/lib/aarch64-linux-gnu/libpython3.8.so (found suitable version "3.8.10", minimum required is "3.5") 
[10.617s] -- Using PYTHON_EXECUTABLE: /usr/bin/python3
[10.618s] -- Using PYTHON_INCLUDE_DIRS: /usr/include/python3.8
[10.619s] -- Using PYTHON_LIBRARIES: /usr/lib/aarch64-linux-gnu/libpython3.8.so
[10.726s] -- Found PythonExtra: .so  
[10.981s] -- Configuring done
[11.165s] -- Generating done
[11.180s] -- Build files have been written to: /home/pi/sunflower/build/sunflower_interfaces
[11.217s] Invoked command in '/home/pi/sunflower/build/sunflower_interfaces' returned '0': CMAKE_PREFIX_PATH=${CMAKE_PREFIX_PATH}:/home/pi/sunflower/install/tflite_pkg:/home/pi/sunflower/install/test_pkg:/opt/ros/foxy /usr/bin/cmake /home/pi/sunflower/src/sunflower_interfaces -DCMAKE_INSTALL_PREFIX=/home/pi/sunflower/install/sunflower_interfaces
[11.229s] Invoking command in '/home/pi/sunflower/build/sunflower_interfaces': CMAKE_PREFIX_PATH=${CMAKE_PREFIX_PATH}:/home/pi/sunflower/install/tflite_pkg:/home/pi/sunflower/install/test_pkg:/opt/ros/foxy /usr/bin/cmake --build /home/pi/sunflower/build/sunflower_interfaces -- -j4 -l4
[11.675s] [35m[1mScanning dependencies of target sunflower_interfaces__cpp[0m
[11.745s] [  3%] [34m[1mGenerating C code for ROS interfaces[0m
[11.803s] [  6%] [34m[1mGenerating C++ code for ROS interfaces[0m
[13.120s] [  6%] Built target sunflower_interfaces__cpp
[13.174s] [  9%] [34m[1mGenerating C++ introspection for ROS interfaces[0m
[13.184s] [ 12%] [34m[1mGenerating C++ type support dispatch for ROS interfaces[0m
[13.187s] [ 16%] [34m[1mGenerating C++ type support for eProsima Fast-RTPS[0m
[13.231s] [35m[1mScanning dependencies of target sunflower_interfaces__rosidl_generator_c[0m
[13.349s] [ 19%] [32mBuilding C object CMakeFiles/sunflower_interfaces__rosidl_generator_c.dir/rosidl_generator_c/sunflower_interfaces/msg/detail/tflite_result__functions.c.o[0m
[14.039s] [ 22%] [32m[1mLinking C shared library libsunflower_interfaces__rosidl_generator_c.so[0m
[14.329s] [ 22%] Built target sunflower_interfaces__rosidl_generator_c
[14.389s] [ 25%] [34m[1mGenerating C introspection for ROS interfaces[0m
[14.745s] [35m[1mScanning dependencies of target sunflower_interfaces__rosidl_typesupport_introspection_cpp[0m
[14.921s] [ 29%] [32mBuilding CXX object CMakeFiles/sunflower_interfaces__rosidl_typesupport_introspection_cpp.dir/rosidl_typesupport_introspection_cpp/sunflower_interfaces/msg/detail/tflite_result__type_support.cpp.o[0m
[15.023s] [35m[1mScanning dependencies of target sunflower_interfaces__rosidl_typesupport_fastrtps_cpp[0m
[15.025s] [35m[1mScanning dependencies of target sunflower_interfaces__rosidl_typesupport_cpp[0m
[15.097s] [ 32%] [32mBuilding CXX object CMakeFiles/sunflower_interfaces__rosidl_typesupport_cpp.dir/rosidl_typesupport_cpp/sunflower_interfaces/msg/tflite_result__type_support.cpp.o[0m
[15.133s] [ 35%] [32mBuilding CXX object CMakeFiles/sunflower_interfaces__rosidl_typesupport_fastrtps_cpp.dir/rosidl_typesupport_fastrtps_cpp/sunflower_interfaces/msg/detail/dds_fastrtps/tflite_result__type_support.cpp.o[0m
[16.353s] [35m[1mScanning dependencies of target sunflower_interfaces__rosidl_typesupport_introspection_c[0m
[16.667s] [ 38%] [32mBuilding C object CMakeFiles/sunflower_interfaces__rosidl_typesupport_introspection_c.dir/rosidl_typesupport_introspection_c/sunflower_interfaces/msg/detail/tflite_result__type_support.c.o[0m
[16.926s] [ 41%] [32m[1mLinking C shared library libsunflower_interfaces__rosidl_typesupport_introspection_c.so[0m
[17.194s] [ 41%] Built target sunflower_interfaces__rosidl_typesupport_introspection_c
[17.250s] [ 45%] [32m[1mLinking CXX shared library libsunflower_interfaces__rosidl_typesupport_cpp.so[0m
[17.278s] [ 48%] [34m[1mGenerating C type support dispatch for ROS interfaces[0m
[17.303s] [ 51%] [32m[1mLinking CXX shared library libsunflower_interfaces__rosidl_typesupport_introspection_cpp.so[0m
[17.484s] [ 51%] Built target sunflower_interfaces__rosidl_typesupport_cpp
[17.711s] [ 51%] Built target sunflower_interfaces__rosidl_typesupport_introspection_cpp
[18.084s] [ 54%] [32m[1mLinking CXX shared library libsunflower_interfaces__rosidl_typesupport_fastrtps_cpp.so[0m
[18.421s] [35m[1mScanning dependencies of target sunflower_interfaces__rosidl_typesupport_c[0m
[18.504s] [ 58%] [32mBuilding CXX object CMakeFiles/sunflower_interfaces__rosidl_typesupport_c.dir/rosidl_typesupport_c/sunflower_interfaces/msg/tflite_result__type_support.cpp.o[0m
[18.561s] [ 58%] Built target sunflower_interfaces__rosidl_typesupport_fastrtps_cpp
[18.616s] [ 61%] [34m[1mGenerating C type support for eProsima Fast-RTPS[0m
[18.653s] [ 64%] [32m[1mLinking CXX shared library libsunflower_interfaces__rosidl_typesupport_c.so[0m
[18.815s] [ 64%] Built target sunflower_interfaces__rosidl_typesupport_c
[19.608s] [35m[1mScanning dependencies of target sunflower_interfaces__rosidl_typesupport_fastrtps_c[0m
[19.694s] [ 67%] [32mBuilding CXX object CMakeFiles/sunflower_interfaces__rosidl_typesupport_fastrtps_c.dir/rosidl_typesupport_fastrtps_c/sunflower_interfaces/msg/detail/tflite_result__type_support_c.cpp.o[0m
[21.117s] [ 70%] [32m[1mLinking CXX shared library libsunflower_interfaces__rosidl_typesupport_fastrtps_c.so[0m
[21.495s] [ 70%] Built target sunflower_interfaces__rosidl_typesupport_fastrtps_c
[21.539s] [35m[1mScanning dependencies of target sunflower_interfaces[0m
[21.586s] [ 70%] Built target sunflower_interfaces
[21.627s] [35m[1mScanning dependencies of target sunflower_interfaces__py[0m
[21.678s] [ 74%] [34m[1mGenerating Python code for ROS interfaces[0m
[23.775s] [ 74%] Built target sunflower_interfaces__py
[23.818s] [35m[1mScanning dependencies of target sunflower_interfaces__python[0m
[23.988s] [ 77%] [32mBuilding C object CMakeFiles/sunflower_interfaces__python.dir/rosidl_generator_py/sunflower_interfaces/msg/_tflite_result_s.c.o[0m
[24.576s] [ 80%] [32m[1mLinking C shared library rosidl_generator_py/sunflower_interfaces/libsunflower_interfaces__python.so[0m
[24.770s] [ 80%] Built target sunflower_interfaces__python
[24.817s] [35m[1mScanning dependencies of target sunflower_interfaces__rosidl_typesupport_c__pyext[0m
[24.820s] [35m[1mScanning dependencies of target sunflower_interfaces__rosidl_typesupport_introspection_c__pyext[0m
[24.822s] [35m[1mScanning dependencies of target sunflower_interfaces__rosidl_typesupport_fastrtps_c__pyext[0m
[24.932s] [ 83%] [32mBuilding C object CMakeFiles/sunflower_interfaces__rosidl_typesupport_c__pyext.dir/rosidl_generator_py/sunflower_interfaces/_sunflower_interfaces_s.ep.rosidl_typesupport_c.c.o[0m
[24.941s] [ 87%] [32mBuilding C object CMakeFiles/sunflower_interfaces__rosidl_typesupport_introspection_c__pyext.dir/rosidl_generator_py/sunflower_interfaces/_sunflower_interfaces_s.ep.rosidl_typesupport_introspection_c.c.o[0m
[24.950s] [ 90%] [32mBuilding C object CMakeFiles/sunflower_interfaces__rosidl_typesupport_fastrtps_c__pyext.dir/rosidl_generator_py/sunflower_interfaces/_sunflower_interfaces_s.ep.rosidl_typesupport_fastrtps_c.c.o[0m
[25.324s] [ 93%] [32m[1mLinking C shared library rosidl_generator_py/sunflower_interfaces/sunflower_interfaces_s__rosidl_typesupport_c.cpython-38-aarch64-linux-gnu.so[0m
[25.327s] [ 96%] [32m[1mLinking C shared library rosidl_generator_py/sunflower_interfaces/sunflower_interfaces_s__rosidl_typesupport_introspection_c.cpython-38-aarch64-linux-gnu.so[0m
[25.371s] [100%] [32m[1mLinking CXX shared library rosidl_generator_py/sunflower_interfaces/sunflower_interfaces_s__rosidl_typesupport_fastrtps_c.cpython-38-aarch64-linux-gnu.so[0m
[25.544s] [100%] Built target sunflower_interfaces__rosidl_typesupport_c__pyext
[25.562s] [100%] Built target sunflower_interfaces__rosidl_typesupport_introspection_c__pyext
[25.711s] [100%] Built target sunflower_interfaces__rosidl_typesupport_fastrtps_c__pyext
[25.766s] Invoked command in '/home/pi/sunflower/build/sunflower_interfaces' returned '0': CMAKE_PREFIX_PATH=${CMAKE_PREFIX_PATH}:/home/pi/sunflower/install/tflite_pkg:/home/pi/sunflower/install/test_pkg:/opt/ros/foxy /usr/bin/cmake --build /home/pi/sunflower/build/sunflower_interfaces -- -j4 -l4
[26.117s] Invoking command in '/home/pi/sunflower/build/sunflower_interfaces': CMAKE_PREFIX_PATH=${CMAKE_PREFIX_PATH}:/home/pi/sunflower/install/tflite_pkg:/home/pi/sunflower/install/test_pkg:/opt/ros/foxy /usr/bin/cmake --install /home/pi/sunflower/build/sunflower_interfaces
[26.151s] -- Install configuration: ""
[26.152s] -- Installing: /home/pi/sunflower/install/sunflower_interfaces/share/ament_index/resource_index/rosidl_interfaces/sunflower_interfaces
[26.153s] -- Installing: /home/pi/sunflower/install/sunflower_interfaces/include/sunflower_interfaces
[26.153s] -- Installing: /home/pi/sunflower/install/sunflower_interfaces/include/sunflower_interfaces/msg
[26.154s] -- Installing: /home/pi/sunflower/install/sunflower_interfaces/include/sunflower_interfaces/msg/rosidl_generator_c__visibility_control.h
[26.155s] -- Installing: /home/pi/sunflower/install/sunflower_interfaces/include/sunflower_interfaces/msg/detail
[26.155s] -- Installing: /home/pi/sunflower/install/sunflower_interfaces/include/sunflower_interfaces/msg/detail/tflite_result__functions.h
[26.156s] -- Installing: /home/pi/sunflower/install/sunflower_interfaces/include/sunflower_interfaces/msg/detail/tflite_result__struct.h
[26.157s] -- Installing: /home/pi/sunflower/install/sunflower_interfaces/include/sunflower_interfaces/msg/detail/tflite_result__functions.c
[26.158s] -- Installing: /home/pi/sunflower/install/sunflower_interfaces/include/sunflower_interfaces/msg/detail/tflite_result__type_support.h
[26.159s] -- Installing: /home/pi/sunflower/install/sunflower_interfaces/include/sunflower_interfaces/msg/tflite_result.h
[26.160s] -- Installing: /home/pi/sunflower/install/sunflower_interfaces/share/sunflower_interfaces/environment/library_path.sh
[26.162s] -- Installing: /home/pi/sunflower/install/sunflower_interfaces/share/sunflower_interfaces/environment/library_path.dsv
[26.163s] -- Installing: /home/pi/sunflower/install/sunflower_interfaces/lib/libsunflower_interfaces__rosidl_generator_c.so
[26.165s] -- Set runtime path of "/home/pi/sunflower/install/sunflower_interfaces/lib/libsunflower_interfaces__rosidl_generator_c.so" to ""
[26.166s] -- Up-to-date: /home/pi/sunflower/install/sunflower_interfaces/include/sunflower_interfaces
[26.166s] -- Up-to-date: /home/pi/sunflower/install/sunflower_interfaces/include/sunflower_interfaces/msg
[26.166s] -- Up-to-date: /home/pi/sunflower/install/sunflower_interfaces/include/sunflower_interfaces/msg/detail
[26.167s] -- Installing: /home/pi/sunflower/install/sunflower_interfaces/include/sunflower_interfaces/msg/detail/tflite_result__rosidl_typesupport_fastrtps_c.h
[26.167s] -- Installing: /home/pi/sunflower/install/sunflower_interfaces/include/sunflower_interfaces/msg/rosidl_typesupport_fastrtps_c__visibility_control.h
[26.169s] -- Installing: /home/pi/sunflower/install/sunflower_interfaces/lib/libsunflower_interfaces__rosidl_typesupport_fastrtps_c.so
[26.171s] -- Set runtime path of "/home/pi/sunflower/install/sunflower_interfaces/lib/libsunflower_interfaces__rosidl_typesupport_fastrtps_c.so" to ""
[26.172s] -- Up-to-date: /home/pi/sunflower/install/sunflower_interfaces/include/sunflower_interfaces
[26.172s] -- Up-to-date: /home/pi/sunflower/install/sunflower_interfaces/include/sunflower_interfaces/msg
[26.172s] -- Up-to-date: /home/pi/sunflower/install/sunflower_interfaces/include/sunflower_interfaces/msg/detail
[26.173s] -- Installing: /home/pi/sunflower/install/sunflower_interfaces/include/sunflower_interfaces/msg/detail/dds_fastrtps
[26.173s] -- Installing: /home/pi/sunflower/install/sunflower_interfaces/include/sunflower_interfaces/msg/detail/tflite_result__rosidl_typesupport_fastrtps_cpp.hpp
[26.174s] -- Installing: /home/pi/sunflower/install/sunflower_interfaces/include/sunflower_interfaces/msg/rosidl_typesupport_fastrtps_cpp__visibility_control.h
[26.175s] -- Installing: /home/pi/sunflower/install/sunflower_interfaces/lib/libsunflower_interfaces__rosidl_typesupport_fastrtps_cpp.so
[26.178s] -- Set runtime path of "/home/pi/sunflower/install/sunflower_interfaces/lib/libsunflower_interfaces__rosidl_typesupport_fastrtps_cpp.so" to ""
[26.178s] -- Up-to-date: /home/pi/sunflower/install/sunflower_interfaces/include/sunflower_interfaces
[26.179s] -- Up-to-date: /home/pi/sunflower/install/sunflower_interfaces/include/sunflower_interfaces/msg
[26.179s] -- Installing: /home/pi/sunflower/install/sunflower_interfaces/include/sunflower_interfaces/msg/rosidl_typesupport_introspection_c__visibility_control.h
[26.179s] -- Up-to-date: /home/pi/sunflower/install/sunflower_interfaces/include/sunflower_interfaces/msg/detail
[26.180s] -- Installing: /home/pi/sunflower/install/sunflower_interfaces/include/sunflower_interfaces/msg/detail/tflite_result__type_support.c
[26.181s] -- Installing: /home/pi/sunflower/install/sunflower_interfaces/include/sunflower_interfaces/msg/detail/tflite_result__rosidl_typesupport_introspection_c.h
[26.182s] -- Installing: /home/pi/sunflower/install/sunflower_interfaces/lib/libsunflower_interfaces__rosidl_typesupport_introspection_c.so
[26.184s] -- Set runtime path of "/home/pi/sunflower/install/sunflower_interfaces/lib/libsunflower_interfaces__rosidl_typesupport_introspection_c.so" to ""
[26.185s] -- Installing: /home/pi/sunflower/install/sunflower_interfaces/lib/libsunflower_interfaces__rosidl_typesupport_c.so
[26.187s] -- Set runtime path of "/home/pi/sunflower/install/sunflower_interfaces/lib/libsunflower_interfaces__rosidl_typesupport_c.so" to ""
[26.188s] -- Up-to-date: /home/pi/sunflower/install/sunflower_interfaces/include/sunflower_interfaces
[26.188s] -- Up-to-date: /home/pi/sunflower/install/sunflower_interfaces/include/sunflower_interfaces/msg
[26.188s] -- Up-to-date: /home/pi/sunflower/install/sunflower_interfaces/include/sunflower_interfaces/msg/detail
[26.189s] -- Installing: /home/pi/sunflower/install/sunflower_interfaces/include/sunflower_interfaces/msg/detail/tflite_result__traits.hpp
[26.189s] -- Installing: /home/pi/sunflower/install/sunflower_interfaces/include/sunflower_interfaces/msg/detail/tflite_result__builder.hpp
[26.190s] -- Installing: /home/pi/sunflower/install/sunflower_interfaces/include/sunflower_interfaces/msg/detail/tflite_result__struct.hpp
[26.191s] -- Installing: /home/pi/sunflower/install/sunflower_interfaces/include/sunflower_interfaces/msg/tflite_result.hpp
[26.192s] -- Up-to-date: /home/pi/sunflower/install/sunflower_interfaces/include/sunflower_interfaces
[26.193s] -- Up-to-date: /home/pi/sunflower/install/sunflower_interfaces/include/sunflower_interfaces/msg
[26.193s] -- Up-to-date: /home/pi/sunflower/install/sunflower_interfaces/include/sunflower_interfaces/msg/detail
[26.193s] -- Installing: /home/pi/sunflower/install/sunflower_interfaces/include/sunflower_interfaces/msg/detail/tflite_result__rosidl_typesupport_introspection_cpp.hpp
[26.194s] -- Installing: /home/pi/sunflower/install/sunflower_interfaces/include/sunflower_interfaces/msg/detail/tflite_result__type_support.cpp
[26.196s] -- Installing: /home/pi/sunflower/install/sunflower_interfaces/lib/libsunflower_interfaces__rosidl_typesupport_introspection_cpp.so
[26.198s] -- Set runtime path of "/home/pi/sunflower/install/sunflower_interfaces/lib/libsunflower_interfaces__rosidl_typesupport_introspection_cpp.so" to ""
[26.199s] -- Installing: /home/pi/sunflower/install/sunflower_interfaces/lib/libsunflower_interfaces__rosidl_typesupport_cpp.so
[26.201s] -- Set runtime path of "/home/pi/sunflower/install/sunflower_interfaces/lib/libsunflower_interfaces__rosidl_typesupport_cpp.so" to ""
[26.201s] -- Installing: /home/pi/sunflower/install/sunflower_interfaces/share/sunflower_interfaces/environment/pythonpath.sh
[26.202s] -- Installing: /home/pi/sunflower/install/sunflower_interfaces/share/sunflower_interfaces/environment/pythonpath.dsv
[26.204s] -- Installing: /home/pi/sunflower/install/sunflower_interfaces/lib/python3.8/site-packages/sunflower_interfaces/__init__.py
[26.350s] Compiling '/home/pi/sunflower/install/sunflower_interfaces/lib/python3.8/site-packages/sunflower_interfaces/__init__.py'...
[26.373s] -- Installing: /home/pi/sunflower/install/sunflower_interfaces/lib/python3.8/site-packages/sunflower_interfaces/msg
[26.374s] -- Installing: /home/pi/sunflower/install/sunflower_interfaces/lib/python3.8/site-packages/sunflower_interfaces/msg/_tflite_result.py
[26.375s] -- Installing: /home/pi/sunflower/install/sunflower_interfaces/lib/python3.8/site-packages/sunflower_interfaces/msg/__init__.py
[26.376s] -- Installing: /home/pi/sunflower/install/sunflower_interfaces/lib/python3.8/site-packages/sunflower_interfaces/msg/_tflite_result_s.c
[26.378s] -- Installing: /home/pi/sunflower/install/sunflower_interfaces/lib/python3.8/site-packages/sunflower_interfaces/sunflower_interfaces_s__rosidl_typesupport_fastrtps_c.cpython-38-aarch64-linux-gnu.so
[26.380s] -- Set runtime path of "/home/pi/sunflower/install/sunflower_interfaces/lib/python3.8/site-packages/sunflower_interfaces/sunflower_interfaces_s__rosidl_typesupport_fastrtps_c.cpython-38-aarch64-linux-gnu.so" to ""
[26.382s] -- Installing: /home/pi/sunflower/install/sunflower_interfaces/lib/python3.8/site-packages/sunflower_interfaces/sunflower_interfaces_s__rosidl_typesupport_introspection_c.cpython-38-aarch64-linux-gnu.so
[26.384s] -- Set runtime path of "/home/pi/sunflower/install/sunflower_interfaces/lib/python3.8/site-packages/sunflower_interfaces/sunflower_interfaces_s__rosidl_typesupport_introspection_c.cpython-38-aarch64-linux-gnu.so" to ""
[26.385s] -- Installing: /home/pi/sunflower/install/sunflower_interfaces/lib/python3.8/site-packages/sunflower_interfaces/sunflower_interfaces_s__rosidl_typesupport_c.cpython-38-aarch64-linux-gnu.so
[26.388s] -- Set runtime path of "/home/pi/sunflower/install/sunflower_interfaces/lib/python3.8/site-packages/sunflower_interfaces/sunflower_interfaces_s__rosidl_typesupport_c.cpython-38-aarch64-linux-gnu.so" to ""
[26.388s] -- Installing: /home/pi/sunflower/install/sunflower_interfaces/lib/libsunflower_interfaces__python.so
[26.391s] -- Set runtime path of "/home/pi/sunflower/install/sunflower_interfaces/lib/libsunflower_interfaces__python.so" to ""
[26.391s] -- Installing: /home/pi/sunflower/install/sunflower_interfaces/share/sunflower_interfaces/msg/TfliteResult.idl
[26.392s] -- Installing: /home/pi/sunflower/install/sunflower_interfaces/share/sunflower_interfaces/msg/TfliteResult.msg
[26.394s] -- Installing: /home/pi/sunflower/install/sunflower_interfaces/share/ament_index/resource_index/package_run_dependencies/sunflower_interfaces
[26.395s] -- Installing: /home/pi/sunflower/install/sunflower_interfaces/share/ament_index/resource_index/parent_prefix_path/sunflower_interfaces
[26.396s] -- Installing: /home/pi/sunflower/install/sunflower_interfaces/share/sunflower_interfaces/environment/ament_prefix_path.sh
[26.397s] -- Installing: /home/pi/sunflower/install/sunflower_interfaces/share/sunflower_interfaces/environment/ament_prefix_path.dsv
[26.398s] -- Installing: /home/pi/sunflower/install/sunflower_interfaces/share/sunflower_interfaces/environment/path.sh
[26.399s] -- Installing: /home/pi/sunflower/install/sunflower_interfaces/share/sunflower_interfaces/environment/path.dsv
[26.400s] -- Installing: /home/pi/sunflower/install/sunflower_interfaces/share/sunflower_interfaces/local_setup.bash
[26.402s] -- Installing: /home/pi/sunflower/install/sunflower_interfaces/share/sunflower_interfaces/local_setup.sh
[26.402s] -- Installing: /home/pi/sunflower/install/sunflower_interfaces/share/sunflower_interfaces/local_setup.zsh
[26.403s] -- Installing: /home/pi/sunflower/install/sunflower_interfaces/share/sunflower_interfaces/local_setup.dsv
[26.404s] -- Installing: /home/pi/sunflower/install/sunflower_interfaces/share/sunflower_interfaces/package.dsv
[26.406s] -- Installing: /home/pi/sunflower/install/sunflower_interfaces/share/ament_index/resource_index/packages/sunflower_interfaces
[26.407s] -- Installing: /home/pi/sunflower/install/sunflower_interfaces/share/sunflower_interfaces/cmake/sunflower_interfaces__rosidl_generator_cExport.cmake
[26.409s] -- Installing: /home/pi/sunflower/install/sunflower_interfaces/share/sunflower_interfaces/cmake/sunflower_interfaces__rosidl_generator_cExport-noconfig.cmake
[26.410s] -- Installing: /home/pi/sunflower/install/sunflower_interfaces/share/sunflower_interfaces/cmake/sunflower_interfaces__rosidl_typesupport_introspection_cExport.cmake
[26.413s] -- Installing: /home/pi/sunflower/install/sunflower_interfaces/share/sunflower_interfaces/cmake/sunflower_interfaces__rosidl_typesupport_introspection_cExport-noconfig.cmake
[26.414s] -- Installing: /home/pi/sunflower/install/sunflower_interfaces/share/sunflower_interfaces/cmake/sunflower_interfaces__rosidl_typesupport_cExport.cmake
[26.415s] -- Installing: /home/pi/sunflower/install/sunflower_interfaces/share/sunflower_interfaces/cmake/sunflower_interfaces__rosidl_typesupport_cExport-noconfig.cmake
[26.416s] -- Installing: /home/pi/sunflower/install/sunflower_interfaces/share/sunflower_interfaces/cmake/sunflower_interfaces__rosidl_generator_cppExport.cmake
[26.418s] -- Installing: /home/pi/sunflower/install/sunflower_interfaces/share/sunflower_interfaces/cmake/sunflower_interfaces__rosidl_typesupport_introspection_cppExport.cmake
[26.419s] -- Installing: /home/pi/sunflower/install/sunflower_interfaces/share/sunflower_interfaces/cmake/sunflower_interfaces__rosidl_typesupport_introspection_cppExport-noconfig.cmake
[26.421s] -- Installing: /home/pi/sunflower/install/sunflower_interfaces/share/sunflower_interfaces/cmake/sunflower_interfaces__rosidl_typesupport_cppExport.cmake
[26.422s] -- Installing: /home/pi/sunflower/install/sunflower_interfaces/share/sunflower_interfaces/cmake/sunflower_interfaces__rosidl_typesupport_cppExport-noconfig.cmake
[26.424s] -- Installing: /home/pi/sunflower/install/sunflower_interfaces/share/sunflower_interfaces/cmake/rosidl_cmake-extras.cmake
[26.425s] -- Installing: /home/pi/sunflower/install/sunflower_interfaces/share/sunflower_interfaces/cmake/ament_cmake_export_dependencies-extras.cmake
[26.426s] -- Installing: /home/pi/sunflower/install/sunflower_interfaces/share/sunflower_interfaces/cmake/ament_cmake_export_libraries-extras.cmake
[26.434s] -- Installing: /home/pi/sunflower/install/sunflower_interfaces/share/sunflower_interfaces/cmake/ament_cmake_export_targets-extras.cmake
[26.435s] -- Installing: /home/pi/sunflower/install/sunflower_interfaces/share/sunflower_interfaces/cmake/ament_cmake_export_include_directories-extras.cmake
[26.436s] -- Installing: /home/pi/sunflower/install/sunflower_interfaces/share/sunflower_interfaces/cmake/rosidl_cmake_export_typesupport_libraries-extras.cmake
[26.437s] -- Installing: /home/pi/sunflower/install/sunflower_interfaces/share/sunflower_interfaces/cmake/rosidl_cmake_export_typesupport_targets-extras.cmake
[26.438s] -- Installing: /home/pi/sunflower/install/sunflower_interfaces/share/sunflower_interfaces/cmake/sunflower_interfacesConfig.cmake
[26.440s] -- Installing: /home/pi/sunflower/install/sunflower_interfaces/share/sunflower_interfaces/cmake/sunflower_interfacesConfig-version.cmake
[26.441s] -- Installing: /home/pi/sunflower/install/sunflower_interfaces/share/sunflower_interfaces/package.xml
[26.455s] Invoked command in '/home/pi/sunflower/build/sunflower_interfaces' returned '0': CMAKE_PREFIX_PATH=${CMAKE_PREFIX_PATH}:/home/pi/sunflower/install/tflite_pkg:/home/pi/sunflower/install/test_pkg:/opt/ros/foxy /usr/bin/cmake --install /home/pi/sunflower/build/sunflower_interfaces
