[0.579s] DEBUG:colcon:Command line arguments: ['/usr/bin/colcon', 'build', '--symlink-install']
[0.580s] DEBUG:colcon:Parsed command line arguments: Namespace(allow_overriding=[], ament_cmake_args=None, base_paths=['.'], build_base='build', catkin_cmake_args=None, catkin_skip_building_tests=False, cmake_args=None, cmake_clean_cache=False, cmake_clean_first=False, cmake_force_configure=False, cmake_target=None, cmake_target_skip_unavailable=False, continue_on_error=False, event_handlers=None, executor='parallel', ignore_user_meta=False, install_base='install', log_base=None, log_level=None, main=<bound method BuildVerb.main of <colcon_core.verb.build.BuildVerb object at 0xffffa75a2760>>, merge_install=False, metas=['./colcon.meta'], packages_above=None, packages_above_and_dependencies=None, packages_above_depth=None, packages_end=None, packages_ignore=None, packages_ignore_regex=None, packages_select=None, packages_select_build_failed=False, packages_select_by_dep=None, packages_select_regex=None, packages_select_test_failures=False, packages_skip=None, packages_skip_build_finished=False, packages_skip_by_dep=None, packages_skip_regex=None, packages_skip_test_passed=False, packages_skip_up_to=None, packages_start=None, packages_up_to=None, packages_up_to_regex=None, parallel_workers=4, paths=None, symlink_install=True, test_result_base=None, verb_extension=<colcon_core.verb.build.BuildVerb object at 0xffffa75a2760>, verb_name='build', verb_parser=<colcon_defaults.argument_parser.defaults.DefaultArgumentsDecorator object at 0xffffa75a2cd0>)
[0.681s] Level 1:colcon.colcon_core.package_discovery:discover_packages(colcon_meta) check parameters
[0.681s] Level 1:colcon.colcon_core.package_discovery:discover_packages(recursive) check parameters
[0.682s] Level 1:colcon.colcon_core.package_discovery:discover_packages(ignore) check parameters
[0.682s] Level 1:colcon.colcon_core.package_discovery:discover_packages(path) check parameters
[0.682s] Level 1:colcon.colcon_core.package_discovery:discover_packages(colcon_meta) discover
[0.682s] Level 1:colcon.colcon_core.package_discovery:discover_packages(recursive) discover
[0.683s] INFO:colcon.colcon_core.package_discovery:Crawling recursively for packages in '/home/pi/sunflower'
[0.683s] Level 1:colcon.colcon_core.package_identification:_identify(.) by extensions ['ignore', 'ignore_ament_install']
[0.684s] Level 1:colcon.colcon_core.package_identification:_identify(.) by extension 'ignore'
[0.685s] Level 1:colcon.colcon_core.package_identification:_identify(.) by extension 'ignore_ament_install'
[0.685s] Level 1:colcon.colcon_core.package_identification:_identify(.) by extensions ['colcon_pkg']
[0.685s] Level 1:colcon.colcon_core.package_identification:_identify(.) by extension 'colcon_pkg'
[0.685s] Level 1:colcon.colcon_core.package_identification:_identify(.) by extensions ['colcon_meta']
[0.685s] Level 1:colcon.colcon_core.package_identification:_identify(.) by extension 'colcon_meta'
[0.685s] Level 1:colcon.colcon_core.package_identification:_identify(.) by extensions ['ros']
[0.686s] Level 1:colcon.colcon_core.package_identification:_identify(.) by extension 'ros'
[0.738s] Level 1:colcon.colcon_core.package_identification:_identify(.) by extensions ['cmake', 'python']
[0.738s] Level 1:colcon.colcon_core.package_identification:_identify(.) by extension 'cmake'
[0.739s] Level 1:colcon.colcon_core.package_identification:_identify(.) by extension 'python'
[0.739s] Level 1:colcon.colcon_core.package_identification:_identify(.) by extensions ['python_setup_py']
[0.739s] Level 1:colcon.colcon_core.package_identification:_identify(.) by extension 'python_setup_py'
[0.740s] Level 1:colcon.colcon_core.package_identification:_identify(__pycache__) by extensions ['ignore', 'ignore_ament_install']
[0.740s] Level 1:colcon.colcon_core.package_identification:_identify(__pycache__) by extension 'ignore'
[0.740s] Level 1:colcon.colcon_core.package_identification:_identify(__pycache__) by extension 'ignore_ament_install'
[0.741s] Level 1:colcon.colcon_core.package_identification:_identify(__pycache__) by extensions ['colcon_pkg']
[0.741s] Level 1:colcon.colcon_core.package_identification:_identify(__pycache__) by extension 'colcon_pkg'
[0.741s] Level 1:colcon.colcon_core.package_identification:_identify(__pycache__) by extensions ['colcon_meta']
[0.741s] Level 1:colcon.colcon_core.package_identification:_identify(__pycache__) by extension 'colcon_meta'
[0.741s] Level 1:colcon.colcon_core.package_identification:_identify(__pycache__) by extensions ['ros']
[0.742s] Level 1:colcon.colcon_core.package_identification:_identify(__pycache__) by extension 'ros'
[0.742s] Level 1:colcon.colcon_core.package_identification:_identify(__pycache__) by extensions ['cmake', 'python']
[0.742s] Level 1:colcon.colcon_core.package_identification:_identify(__pycache__) by extension 'cmake'
[0.742s] Level 1:colcon.colcon_core.package_identification:_identify(__pycache__) by extension 'python'
[0.742s] Level 1:colcon.colcon_core.package_identification:_identify(__pycache__) by extensions ['python_setup_py']
[0.743s] Level 1:colcon.colcon_core.package_identification:_identify(__pycache__) by extension 'python_setup_py'
[0.743s] Level 1:colcon.colcon_core.package_identification:_identify(build) by extensions ['ignore', 'ignore_ament_install']
[0.744s] Level 1:colcon.colcon_core.package_identification:_identify(build) by extension 'ignore'
[0.744s] Level 1:colcon.colcon_core.package_identification:_identify(build) ignored
[0.744s] Level 1:colcon.colcon_core.package_identification:_identify(install) by extensions ['ignore', 'ignore_ament_install']
[0.745s] Level 1:colcon.colcon_core.package_identification:_identify(install) by extension 'ignore'
[0.745s] Level 1:colcon.colcon_core.package_identification:_identify(install) ignored
[0.746s] Level 1:colcon.colcon_core.package_identification:_identify(log) by extensions ['ignore', 'ignore_ament_install']
[0.747s] Level 1:colcon.colcon_core.package_identification:_identify(log) by extension 'ignore'
[0.747s] Level 1:colcon.colcon_core.package_identification:_identify(log) ignored
[0.748s] Level 1:colcon.colcon_core.package_identification:_identify(src) by extensions ['ignore', 'ignore_ament_install']
[0.748s] Level 1:colcon.colcon_core.package_identification:_identify(src) by extension 'ignore'
[0.749s] Level 1:colcon.colcon_core.package_identification:_identify(src) by extension 'ignore_ament_install'
[0.749s] Level 1:colcon.colcon_core.package_identification:_identify(src) by extensions ['colcon_pkg']
[0.749s] Level 1:colcon.colcon_core.package_identification:_identify(src) by extension 'colcon_pkg'
[0.750s] Level 1:colcon.colcon_core.package_identification:_identify(src) by extensions ['colcon_meta']
[0.750s] Level 1:colcon.colcon_core.package_identification:_identify(src) by extension 'colcon_meta'
[0.751s] Level 1:colcon.colcon_core.package_identification:_identify(src) by extensions ['ros']
[0.751s] Level 1:colcon.colcon_core.package_identification:_identify(src) by extension 'ros'
[0.751s] Level 1:colcon.colcon_core.package_identification:_identify(src) by extensions ['cmake', 'python']
[0.751s] Level 1:colcon.colcon_core.package_identification:_identify(src) by extension 'cmake'
[0.751s] Level 1:colcon.colcon_core.package_identification:_identify(src) by extension 'python'
[0.752s] Level 1:colcon.colcon_core.package_identification:_identify(src) by extensions ['python_setup_py']
[0.752s] Level 1:colcon.colcon_core.package_identification:_identify(src) by extension 'python_setup_py'
[0.752s] Level 1:colcon.colcon_core.package_identification:_identify(src/sf_pkg) by extensions ['ignore', 'ignore_ament_install']
[0.753s] Level 1:colcon.colcon_core.package_identification:_identify(src/sf_pkg) by extension 'ignore'
[0.753s] Level 1:colcon.colcon_core.package_identification:_identify(src/sf_pkg) by extension 'ignore_ament_install'
[0.753s] Level 1:colcon.colcon_core.package_identification:_identify(src/sf_pkg) by extensions ['colcon_pkg']
[0.753s] Level 1:colcon.colcon_core.package_identification:_identify(src/sf_pkg) by extension 'colcon_pkg'
[0.753s] Level 1:colcon.colcon_core.package_identification:_identify(src/sf_pkg) by extensions ['colcon_meta']
[0.754s] Level 1:colcon.colcon_core.package_identification:_identify(src/sf_pkg) by extension 'colcon_meta'
[0.754s] Level 1:colcon.colcon_core.package_identification:_identify(src/sf_pkg) by extensions ['ros']
[0.754s] Level 1:colcon.colcon_core.package_identification:_identify(src/sf_pkg) by extension 'ros'
[0.759s] DEBUG:colcon.colcon_core.package_identification:Failed to parse potential ROS package manifest in'src/sf_pkg': Error(s) in package 'src/sf_pkg/package.xml':
The manifest contains invalid XML:
mismatched tag: line 22, column 2
[0.760s] Level 1:colcon.colcon_core.package_identification:_identify(src/sf_pkg) by extensions ['cmake', 'python']
[0.760s] Level 1:colcon.colcon_core.package_identification:_identify(src/sf_pkg) by extension 'cmake'
[0.760s] Level 1:colcon.colcon_core.package_identification:_identify(src/sf_pkg) by extension 'python'
[0.761s] DEBUG:colcon.colcon_core.package_identification:Python package in 'src/sf_pkg' passes arguments to the setup() function which requires a different identification extension than 'python'
[0.761s] Level 1:colcon.colcon_core.package_identification:_identify(src/sf_pkg) by extensions ['python_setup_py']
[0.762s] Level 1:colcon.colcon_core.package_identification:_identify(src/sf_pkg) by extension 'python_setup_py'
[2.179s] DEBUG:colcon.colcon_core.package_identification:Package 'src/sf_pkg' with type 'python' and name 'sf_pkg'
[2.180s] Level 1:colcon.colcon_core.package_identification:_identify(src/stem_pkg) by extensions ['ignore', 'ignore_ament_install']
[2.181s] Level 1:colcon.colcon_core.package_identification:_identify(src/stem_pkg) by extension 'ignore'
[2.182s] Level 1:colcon.colcon_core.package_identification:_identify(src/stem_pkg) by extension 'ignore_ament_install'
[2.182s] Level 1:colcon.colcon_core.package_identification:_identify(src/stem_pkg) by extensions ['colcon_pkg']
[2.183s] Level 1:colcon.colcon_core.package_identification:_identify(src/stem_pkg) by extension 'colcon_pkg'
[2.183s] Level 1:colcon.colcon_core.package_identification:_identify(src/stem_pkg) by extensions ['colcon_meta']
[2.184s] Level 1:colcon.colcon_core.package_identification:_identify(src/stem_pkg) by extension 'colcon_meta'
[2.184s] Level 1:colcon.colcon_core.package_identification:_identify(src/stem_pkg) by extensions ['ros']
[2.185s] Level 1:colcon.colcon_core.package_identification:_identify(src/stem_pkg) by extension 'ros'
[2.188s] DEBUG:colcon.colcon_core.package_identification:Failed to parse potential ROS package manifest in'src/stem_pkg': Error(s) in package 'src/stem_pkg/package.xml':
The manifest contains invalid XML:
mismatched tag: line 21, column 29
[2.189s] Level 1:colcon.colcon_core.package_identification:_identify(src/stem_pkg) by extensions ['cmake', 'python']
[2.189s] Level 1:colcon.colcon_core.package_identification:_identify(src/stem_pkg) by extension 'cmake'
[2.190s] Level 1:colcon.colcon_core.package_identification:_identify(src/stem_pkg) by extension 'python'
[2.191s] DEBUG:colcon.colcon_core.package_identification:Python package in 'src/stem_pkg' passes arguments to the setup() function which requires a different identification extension than 'python'
[2.192s] Level 1:colcon.colcon_core.package_identification:_identify(src/stem_pkg) by extensions ['python_setup_py']
[2.193s] Level 1:colcon.colcon_core.package_identification:_identify(src/stem_pkg) by extension 'python_setup_py'
[3.977s] DEBUG:colcon.colcon_core.package_identification:Package 'src/stem_pkg' with type 'python' and name 'stem_pkg'
[3.978s] Level 1:colcon.colcon_core.package_identification:_identify(src/sunflower_interfaces) by extensions ['ignore', 'ignore_ament_install']
[3.979s] Level 1:colcon.colcon_core.package_identification:_identify(src/sunflower_interfaces) by extension 'ignore'
[3.979s] Level 1:colcon.colcon_core.package_identification:_identify(src/sunflower_interfaces) by extension 'ignore_ament_install'
[3.980s] Level 1:colcon.colcon_core.package_identification:_identify(src/sunflower_interfaces) by extensions ['colcon_pkg']
[3.980s] Level 1:colcon.colcon_core.package_identification:_identify(src/sunflower_interfaces) by extension 'colcon_pkg'
[3.980s] Level 1:colcon.colcon_core.package_identification:_identify(src/sunflower_interfaces) by extensions ['colcon_meta']
[3.981s] Level 1:colcon.colcon_core.package_identification:_identify(src/sunflower_interfaces) by extension 'colcon_meta'
[3.981s] Level 1:colcon.colcon_core.package_identification:_identify(src/sunflower_interfaces) by extensions ['ros']
[3.981s] Level 1:colcon.colcon_core.package_identification:_identify(src/sunflower_interfaces) by extension 'ros'
[3.990s] DEBUG:colcon.colcon_core.package_identification:Package 'src/sunflower_interfaces' with type 'ros.ament_cmake' and name 'sunflower_interfaces'
[3.991s] Level 1:colcon.colcon_core.package_identification:_identify(src/test_pkg) by extensions ['ignore', 'ignore_ament_install']
[3.992s] Level 1:colcon.colcon_core.package_identification:_identify(src/test_pkg) by extension 'ignore'
[3.992s] Level 1:colcon.colcon_core.package_identification:_identify(src/test_pkg) by extension 'ignore_ament_install'
[3.993s] Level 1:colcon.colcon_core.package_identification:_identify(src/test_pkg) by extensions ['colcon_pkg']
[3.993s] Level 1:colcon.colcon_core.package_identification:_identify(src/test_pkg) by extension 'colcon_pkg'
[3.994s] Level 1:colcon.colcon_core.package_identification:_identify(src/test_pkg) by extensions ['colcon_meta']
[3.994s] Level 1:colcon.colcon_core.package_identification:_identify(src/test_pkg) by extension 'colcon_meta'
[3.994s] Level 1:colcon.colcon_core.package_identification:_identify(src/test_pkg) by extensions ['ros']
[3.995s] Level 1:colcon.colcon_core.package_identification:_identify(src/test_pkg) by extension 'ros'
[3.998s] DEBUG:colcon.colcon_core.package_identification:Package 'src/test_pkg' with type 'ros.ament_python' and name 'test_pkg'
[3.998s] Level 1:colcon.colcon_core.package_identification:_identify(src/tflite_pkg) by extensions ['ignore', 'ignore_ament_install']
[3.999s] Level 1:colcon.colcon_core.package_identification:_identify(src/tflite_pkg) by extension 'ignore'
[3.999s] Level 1:colcon.colcon_core.package_identification:_identify(src/tflite_pkg) by extension 'ignore_ament_install'
[4.000s] Level 1:colcon.colcon_core.package_identification:_identify(src/tflite_pkg) by extensions ['colcon_pkg']
[4.000s] Level 1:colcon.colcon_core.package_identification:_identify(src/tflite_pkg) by extension 'colcon_pkg'
[4.000s] Level 1:colcon.colcon_core.package_identification:_identify(src/tflite_pkg) by extensions ['colcon_meta']
[4.000s] Level 1:colcon.colcon_core.package_identification:_identify(src/tflite_pkg) by extension 'colcon_meta'
[4.001s] Level 1:colcon.colcon_core.package_identification:_identify(src/tflite_pkg) by extensions ['ros']
[4.001s] Level 1:colcon.colcon_core.package_identification:_identify(src/tflite_pkg) by extension 'ros'
[4.003s] DEBUG:colcon.colcon_core.package_identification:Package 'src/tflite_pkg' with type 'ros.ament_python' and name 'tflite_pkg'
[4.004s] Level 1:colcon.colcon_core.package_discovery:discover_packages(recursive) using defaults
[4.004s] Level 1:colcon.colcon_core.package_discovery:discover_packages(ignore) discover
[4.004s] Level 1:colcon.colcon_core.package_discovery:discover_packages(ignore) using defaults
[4.004s] Level 1:colcon.colcon_core.package_discovery:discover_packages(path) discover
[4.005s] Level 1:colcon.colcon_core.package_discovery:discover_packages(path) using defaults
[4.134s] Level 1:colcon.colcon_core.package_discovery:discover_packages(prefix_path) check parameters
[4.134s] Level 1:colcon.colcon_core.package_discovery:discover_packages(prefix_path) discover
[4.154s] DEBUG:colcon.colcon_installed_package_information.package_discovery:Found 5 installed packages in /home/pi/sunflower/install
[4.164s] DEBUG:colcon.colcon_installed_package_information.package_discovery:Found 263 installed packages in /opt/ros/foxy
[4.217s] Level 1:colcon.colcon_core.package_discovery:discover_packages(prefix_path) using defaults
[4.649s] Level 5:colcon.colcon_core.verb:set package 'sf_pkg' build argument 'cmake_args' from command line to 'None'
[4.650s] Level 5:colcon.colcon_core.verb:set package 'sf_pkg' build argument 'cmake_target' from command line to 'None'
[4.650s] Level 5:colcon.colcon_core.verb:set package 'sf_pkg' build argument 'cmake_target_skip_unavailable' from command line to 'False'
[4.651s] Level 5:colcon.colcon_core.verb:set package 'sf_pkg' build argument 'cmake_clean_cache' from command line to 'False'
[4.651s] Level 5:colcon.colcon_core.verb:set package 'sf_pkg' build argument 'cmake_clean_first' from command line to 'False'
[4.651s] Level 5:colcon.colcon_core.verb:set package 'sf_pkg' build argument 'cmake_force_configure' from command line to 'False'
[4.652s] Level 5:colcon.colcon_core.verb:set package 'sf_pkg' build argument 'ament_cmake_args' from command line to 'None'
[4.652s] Level 5:colcon.colcon_core.verb:set package 'sf_pkg' build argument 'catkin_cmake_args' from command line to 'None'
[4.652s] Level 5:colcon.colcon_core.verb:set package 'sf_pkg' build argument 'catkin_skip_building_tests' from command line to 'False'
[4.652s] DEBUG:colcon.colcon_core.verb:Building package 'sf_pkg' with the following arguments: {'ament_cmake_args': None, 'build_base': '/home/pi/sunflower/build/sf_pkg', 'catkin_cmake_args': None, 'catkin_skip_building_tests': False, 'cmake_args': None, 'cmake_clean_cache': False, 'cmake_clean_first': False, 'cmake_force_configure': False, 'cmake_target': None, 'cmake_target_skip_unavailable': False, 'install_base': '/home/pi/sunflower/install/sf_pkg', 'merge_install': False, 'path': '/home/pi/sunflower/src/sf_pkg', 'symlink_install': True, 'test_result_base': None}
[4.656s] Level 5:colcon.colcon_core.verb:set package 'stem_pkg' build argument 'cmake_args' from command line to 'None'
[4.656s] Level 5:colcon.colcon_core.verb:set package 'stem_pkg' build argument 'cmake_target' from command line to 'None'
[4.656s] Level 5:colcon.colcon_core.verb:set package 'stem_pkg' build argument 'cmake_target_skip_unavailable' from command line to 'False'
[4.657s] Level 5:colcon.colcon_core.verb:set package 'stem_pkg' build argument 'cmake_clean_cache' from command line to 'False'
[4.657s] Level 5:colcon.colcon_core.verb:set package 'stem_pkg' build argument 'cmake_clean_first' from command line to 'False'
[4.657s] Level 5:colcon.colcon_core.verb:set package 'stem_pkg' build argument 'cmake_force_configure' from command line to 'False'
[4.657s] Level 5:colcon.colcon_core.verb:set package 'stem_pkg' build argument 'ament_cmake_args' from command line to 'None'
[4.657s] Level 5:colcon.colcon_core.verb:set package 'stem_pkg' build argument 'catkin_cmake_args' from command line to 'None'
[4.657s] Level 5:colcon.colcon_core.verb:set package 'stem_pkg' build argument 'catkin_skip_building_tests' from command line to 'False'
[4.658s] DEBUG:colcon.colcon_core.verb:Building package 'stem_pkg' with the following arguments: {'ament_cmake_args': None, 'build_base': '/home/pi/sunflower/build/stem_pkg', 'catkin_cmake_args': None, 'catkin_skip_building_tests': False, 'cmake_args': None, 'cmake_clean_cache': False, 'cmake_clean_first': False, 'cmake_force_configure': False, 'cmake_target': None, 'cmake_target_skip_unavailable': False, 'install_base': '/home/pi/sunflower/install/stem_pkg', 'merge_install': False, 'path': '/home/pi/sunflower/src/stem_pkg', 'symlink_install': True, 'test_result_base': None}
[4.662s] Level 5:colcon.colcon_core.verb:set package 'sunflower_interfaces' build argument 'cmake_args' from command line to 'None'
[4.662s] Level 5:colcon.colcon_core.verb:set package 'sunflower_interfaces' build argument 'cmake_target' from command line to 'None'
[4.662s] Level 5:colcon.colcon_core.verb:set package 'sunflower_interfaces' build argument 'cmake_target_skip_unavailable' from command line to 'False'
[4.663s] Level 5:colcon.colcon_core.verb:set package 'sunflower_interfaces' build argument 'cmake_clean_cache' from command line to 'False'
[4.663s] Level 5:colcon.colcon_core.verb:set package 'sunflower_interfaces' build argument 'cmake_clean_first' from command line to 'False'
[4.663s] Level 5:colcon.colcon_core.verb:set package 'sunflower_interfaces' build argument 'cmake_force_configure' from command line to 'False'
[4.664s] Level 5:colcon.colcon_core.verb:set package 'sunflower_interfaces' build argument 'ament_cmake_args' from command line to 'None'
[4.664s] Level 5:colcon.colcon_core.verb:set package 'sunflower_interfaces' build argument 'catkin_cmake_args' from command line to 'None'
[4.664s] Level 5:colcon.colcon_core.verb:set package 'sunflower_interfaces' build argument 'catkin_skip_building_tests' from command line to 'False'
[4.665s] DEBUG:colcon.colcon_core.verb:Building package 'sunflower_interfaces' with the following arguments: {'ament_cmake_args': None, 'build_base': '/home/pi/sunflower/build/sunflower_interfaces', 'catkin_cmake_args': None, 'catkin_skip_building_tests': False, 'cmake_args': None, 'cmake_clean_cache': False, 'cmake_clean_first': False, 'cmake_force_configure': False, 'cmake_target': None, 'cmake_target_skip_unavailable': False, 'install_base': '/home/pi/sunflower/install/sunflower_interfaces', 'merge_install': False, 'path': '/home/pi/sunflower/src/sunflower_interfaces', 'symlink_install': True, 'test_result_base': None}
[4.669s] Level 5:colcon.colcon_core.verb:set package 'test_pkg' build argument 'cmake_args' from command line to 'None'
[4.669s] Level 5:colcon.colcon_core.verb:set package 'test_pkg' build argument 'cmake_target' from command line to 'None'
[4.670s] Level 5:colcon.colcon_core.verb:set package 'test_pkg' build argument 'cmake_target_skip_unavailable' from command line to 'False'
[4.670s] Level 5:colcon.colcon_core.verb:set package 'test_pkg' build argument 'cmake_clean_cache' from command line to 'False'
[4.671s] Level 5:colcon.colcon_core.verb:set package 'test_pkg' build argument 'cmake_clean_first' from command line to 'False'
[4.671s] Level 5:colcon.colcon_core.verb:set package 'test_pkg' build argument 'cmake_force_configure' from command line to 'False'
[4.671s] Level 5:colcon.colcon_core.verb:set package 'test_pkg' build argument 'ament_cmake_args' from command line to 'None'
[4.672s] Level 5:colcon.colcon_core.verb:set package 'test_pkg' build argument 'catkin_cmake_args' from command line to 'None'
[4.672s] Level 5:colcon.colcon_core.verb:set package 'test_pkg' build argument 'catkin_skip_building_tests' from command line to 'False'
[4.672s] DEBUG:colcon.colcon_core.verb:Building package 'test_pkg' with the following arguments: {'ament_cmake_args': None, 'build_base': '/home/pi/sunflower/build/test_pkg', 'catkin_cmake_args': None, 'catkin_skip_building_tests': False, 'cmake_args': None, 'cmake_clean_cache': False, 'cmake_clean_first': False, 'cmake_force_configure': False, 'cmake_target': None, 'cmake_target_skip_unavailable': False, 'install_base': '/home/pi/sunflower/install/test_pkg', 'merge_install': False, 'path': '/home/pi/sunflower/src/test_pkg', 'symlink_install': True, 'test_result_base': None}
[4.676s] Level 5:colcon.colcon_core.verb:set package 'tflite_pkg' build argument 'cmake_args' from command line to 'None'
[4.676s] Level 5:colcon.colcon_core.verb:set package 'tflite_pkg' build argument 'cmake_target' from command line to 'None'
[4.677s] Level 5:colcon.colcon_core.verb:set package 'tflite_pkg' build argument 'cmake_target_skip_unavailable' from command line to 'False'
[4.677s] Level 5:colcon.colcon_core.verb:set package 'tflite_pkg' build argument 'cmake_clean_cache' from command line to 'False'
[4.677s] Level 5:colcon.colcon_core.verb:set package 'tflite_pkg' build argument 'cmake_clean_first' from command line to 'False'
[4.677s] Level 5:colcon.colcon_core.verb:set package 'tflite_pkg' build argument 'cmake_force_configure' from command line to 'False'
[4.677s] Level 5:colcon.colcon_core.verb:set package 'tflite_pkg' build argument 'ament_cmake_args' from command line to 'None'
[4.677s] Level 5:colcon.colcon_core.verb:set package 'tflite_pkg' build argument 'catkin_cmake_args' from command line to 'None'
[4.678s] Level 5:colcon.colcon_core.verb:set package 'tflite_pkg' build argument 'catkin_skip_building_tests' from command line to 'False'
[4.678s] DEBUG:colcon.colcon_core.verb:Building package 'tflite_pkg' with the following arguments: {'ament_cmake_args': None, 'build_base': '/home/pi/sunflower/build/tflite_pkg', 'catkin_cmake_args': None, 'catkin_skip_building_tests': False, 'cmake_args': None, 'cmake_clean_cache': False, 'cmake_clean_first': False, 'cmake_force_configure': False, 'cmake_target': None, 'cmake_target_skip_unavailable': False, 'install_base': '/home/pi/sunflower/install/tflite_pkg', 'merge_install': False, 'path': '/home/pi/sunflower/src/tflite_pkg', 'symlink_install': True, 'test_result_base': None}
[4.680s] INFO:colcon.colcon_core.executor:Executing jobs using 'parallel' executor
[4.689s] DEBUG:colcon.colcon_parallel_executor.executor.parallel:run_until_complete
[4.691s] INFO:colcon.colcon_core.task.python.build:Building Python package in '/home/pi/sunflower/src/sf_pkg'
[4.712s] INFO:colcon.colcon_core.plugin_system:Skipping extension 'colcon_core.shell.bat': Not used on non-Windows systems
[4.713s] INFO:colcon.colcon_core.shell:Skip shell extension 'powershell' for command environment: Not usable outside of PowerShell
[4.714s] DEBUG:colcon.colcon_core.shell:Skip shell extension 'dsv' for command environment
[4.752s] INFO:colcon.colcon_core.task.python.build:Building Python package in '/home/pi/sunflower/src/stem_pkg'
[4.757s] INFO:colcon.colcon_core.shell:Skip shell extension 'powershell' for command environment: Not usable outside of PowerShell
[4.759s] DEBUG:colcon.colcon_core.shell:Skip shell extension 'dsv' for command environment
[4.790s] INFO:colcon.colcon_ros.task.ament_cmake.build:Building ROS package in '/home/pi/sunflower/src/sunflower_interfaces' with build type 'ament_cmake'
[4.792s] INFO:colcon.colcon_cmake.task.cmake.build:Building CMake package in '/home/pi/sunflower/src/sunflower_interfaces'
[4.796s] INFO:colcon.colcon_core.shell:Skip shell extension 'powershell' for command environment: Not usable outside of PowerShell
[4.796s] DEBUG:colcon.colcon_core.shell:Skip shell extension 'dsv' for command environment
[4.824s] INFO:colcon.colcon_ros.task.ament_python.build:Building ROS package in '/home/pi/sunflower/src/test_pkg' with build type 'ament_python'
[4.826s] Level 1:colcon.colcon_core.shell:create_environment_hook('test_pkg', 'ament_prefix_path')
[4.830s] INFO:colcon.colcon_core.shell:Creating environment hook '/home/pi/sunflower/install/test_pkg/share/test_pkg/hook/ament_prefix_path.ps1'
[4.834s] INFO:colcon.colcon_core.shell:Creating environment descriptor '/home/pi/sunflower/install/test_pkg/share/test_pkg/hook/ament_prefix_path.dsv'
[4.837s] INFO:colcon.colcon_core.shell:Creating environment hook '/home/pi/sunflower/install/test_pkg/share/test_pkg/hook/ament_prefix_path.sh'
[4.842s] INFO:colcon.colcon_core.shell:Skip shell extension 'powershell' for command environment: Not usable outside of PowerShell
[4.842s] DEBUG:colcon.colcon_core.shell:Skip shell extension 'dsv' for command environment
[8.340s] DEBUG:colcon.colcon_core.event_handler.log_command:Invoking command in '/home/pi/sunflower/build/sunflower_interfaces': CMAKE_PREFIX_PATH=${CMAKE_PREFIX_PATH}:/home/pi/sunflower/install/tflite_pkg:/home/pi/sunflower/install/test_pkg:/opt/ros/foxy /usr/bin/cmake --build /home/pi/sunflower/build/sunflower_interfaces -- -j4 -l4
[11.465s] INFO:colcon.colcon_core.task.python.build:Building Python package in '/home/pi/sunflower/src/test_pkg'
[11.470s] INFO:colcon.colcon_core.shell:Skip shell extension 'powershell' for command environment: Not usable outside of PowerShell
[11.470s] DEBUG:colcon.colcon_core.shell:Skip shell extension 'dsv' for command environment
[11.521s] DEBUG:colcon.colcon_core.event_handler.log_command:Invoked command in '/home/pi/sunflower/build/sunflower_interfaces' returned '0': CMAKE_PREFIX_PATH=${CMAKE_PREFIX_PATH}:/home/pi/sunflower/install/tflite_pkg:/home/pi/sunflower/install/test_pkg:/opt/ros/foxy /usr/bin/cmake --build /home/pi/sunflower/build/sunflower_interfaces -- -j4 -l4
[11.551s] DEBUG:colcon.colcon_core.event_handler.log_command:Invoking command in '/home/pi/sunflower/build/sf_pkg': PYTHONPATH=/home/pi/sunflower/install/sf_pkg/lib/python3.8/site-packages:${PYTHONPATH} /usr/bin/python3 setup.py develop --prefix /home/pi/sunflower/install/sf_pkg --editable --build-directory /home/pi/sunflower/build/sf_pkg/build --no-deps install_data --install-dir /home/pi/sunflower/install/sf_pkg
[12.688s] DEBUG:colcon.colcon_core.event_handler.log_command:Invoking command in '/home/pi/sunflower/build/stem_pkg': PYTHONPATH=/home/pi/sunflower/install/stem_pkg/lib/python3.8/site-packages:${PYTHONPATH} /usr/bin/python3 setup.py develop --prefix /home/pi/sunflower/install/stem_pkg --editable --build-directory /home/pi/sunflower/build/stem_pkg/build --no-deps install_data --install-dir /home/pi/sunflower/install/stem_pkg
[13.420s] DEBUG:colcon.colcon_core.event_handler.log_command:Invoking command in '/home/pi/sunflower/build/sunflower_interfaces': CMAKE_PREFIX_PATH=${CMAKE_PREFIX_PATH}:/home/pi/sunflower/install/tflite_pkg:/home/pi/sunflower/install/test_pkg:/opt/ros/foxy /usr/bin/cmake --install /home/pi/sunflower/build/sunflower_interfaces
[14.302s] Level 1:colcon.colcon_core.environment:create_environment_scripts_only(sunflower_interfaces)
[14.308s] DEBUG:colcon.colcon_core.event_handler.log_command:Invoked command in '/home/pi/sunflower/build/sunflower_interfaces' returned '0': CMAKE_PREFIX_PATH=${CMAKE_PREFIX_PATH}:/home/pi/sunflower/install/tflite_pkg:/home/pi/sunflower/install/test_pkg:/opt/ros/foxy /usr/bin/cmake --install /home/pi/sunflower/build/sunflower_interfaces
[14.350s] Level 1:colcon.colcon_core.environment:checking '/home/pi/sunflower/install/sunflower_interfaces' for CMake module files
[14.355s] Level 1:colcon.colcon_core.environment:checking '/home/pi/sunflower/install/sunflower_interfaces' for CMake config files
[14.373s] Level 1:colcon.colcon_core.shell:create_environment_hook('sunflower_interfaces', 'cmake_prefix_path')
[14.378s] INFO:colcon.colcon_core.shell:Creating environment hook '/home/pi/sunflower/install/sunflower_interfaces/share/sunflower_interfaces/hook/cmake_prefix_path.ps1'
[14.392s] INFO:colcon.colcon_core.shell:Creating environment descriptor '/home/pi/sunflower/install/sunflower_interfaces/share/sunflower_interfaces/hook/cmake_prefix_path.dsv'
[14.396s] INFO:colcon.colcon_core.shell:Creating environment hook '/home/pi/sunflower/install/sunflower_interfaces/share/sunflower_interfaces/hook/cmake_prefix_path.sh'
[14.404s] Level 1:colcon.colcon_core.environment:checking '/home/pi/sunflower/install/sunflower_interfaces/lib'
[14.405s] Level 1:colcon.colcon_core.shell:create_environment_hook('sunflower_interfaces', 'ld_library_path_lib')
[14.408s] INFO:colcon.colcon_core.shell:Creating environment hook '/home/pi/sunflower/install/sunflower_interfaces/share/sunflower_interfaces/hook/ld_library_path_lib.ps1'
[14.413s] INFO:colcon.colcon_core.shell:Creating environment descriptor '/home/pi/sunflower/install/sunflower_interfaces/share/sunflower_interfaces/hook/ld_library_path_lib.dsv'
[14.417s] INFO:colcon.colcon_core.shell:Creating environment hook '/home/pi/sunflower/install/sunflower_interfaces/share/sunflower_interfaces/hook/ld_library_path_lib.sh'
[14.423s] Level 1:colcon.colcon_core.environment:checking '/home/pi/sunflower/install/sunflower_interfaces/bin'
[14.424s] Level 1:colcon.colcon_core.environment:checking '/home/pi/sunflower/install/sunflower_interfaces/lib/pkgconfig/sunflower_interfaces.pc'
[14.425s] Level 1:colcon.colcon_core.environment:checking '/home/pi/sunflower/install/sunflower_interfaces/lib/python3.8/site-packages'
[14.426s] Level 1:colcon.colcon_core.shell:create_environment_hook('sunflower_interfaces', 'pythonpath')
[14.429s] INFO:colcon.colcon_core.shell:Creating environment hook '/home/pi/sunflower/install/sunflower_interfaces/share/sunflower_interfaces/hook/pythonpath.ps1'
[14.440s] INFO:colcon.colcon_core.shell:Creating environment descriptor '/home/pi/sunflower/install/sunflower_interfaces/share/sunflower_interfaces/hook/pythonpath.dsv'
[14.444s] INFO:colcon.colcon_core.shell:Creating environment hook '/home/pi/sunflower/install/sunflower_interfaces/share/sunflower_interfaces/hook/pythonpath.sh'
[14.452s] Level 1:colcon.colcon_core.environment:checking '/home/pi/sunflower/install/sunflower_interfaces/bin'
[14.456s] INFO:colcon.colcon_core.shell:Creating package script '/home/pi/sunflower/install/sunflower_interfaces/share/sunflower_interfaces/package.ps1'
[14.464s] INFO:colcon.colcon_core.shell:Creating package descriptor '/home/pi/sunflower/install/sunflower_interfaces/share/sunflower_interfaces/package.dsv'
[14.470s] INFO:colcon.colcon_core.shell:Creating package script '/home/pi/sunflower/install/sunflower_interfaces/share/sunflower_interfaces/package.sh'
[14.478s] INFO:colcon.colcon_core.shell:Creating package script '/home/pi/sunflower/install/sunflower_interfaces/share/sunflower_interfaces/package.bash'
[14.483s] INFO:colcon.colcon_core.shell:Creating package script '/home/pi/sunflower/install/sunflower_interfaces/share/sunflower_interfaces/package.zsh'
[14.489s] Level 1:colcon.colcon_core.environment:create_file_with_runtime_dependencies(/home/pi/sunflower/install/sunflower_interfaces/share/colcon-core/packages/sunflower_interfaces)
[16.031s] DEBUG:colcon.colcon_core.event_handler.log_command:Invoking command in '/home/pi/sunflower/build/test_pkg': PYTHONPATH=/home/pi/sunflower/install/test_pkg/lib/python3.8/site-packages:${PYTHONPATH} /usr/bin/python3 setup.py develop --prefix /home/pi/sunflower/install/test_pkg --editable --build-directory /home/pi/sunflower/build/test_pkg/build --no-deps install_data --install-dir /home/pi/sunflower/install/test_pkg
[16.324s] Level 1:colcon.colcon_core.environment:create_environment_scripts_only(sunflower_interfaces)
[16.330s] Level 1:colcon.colcon_core.environment:checking '/home/pi/sunflower/install/sunflower_interfaces' for CMake module files
[16.339s] Level 1:colcon.colcon_core.environment:checking '/home/pi/sunflower/install/sunflower_interfaces' for CMake config files
[16.366s] Level 1:colcon.colcon_core.shell:create_environment_hook('sunflower_interfaces', 'cmake_prefix_path')
[16.397s] INFO:colcon.colcon_core.shell:Creating environment hook '/home/pi/sunflower/install/sunflower_interfaces/share/sunflower_interfaces/hook/cmake_prefix_path.ps1'
[16.412s] INFO:colcon.colcon_core.shell:Creating environment descriptor '/home/pi/sunflower/install/sunflower_interfaces/share/sunflower_interfaces/hook/cmake_prefix_path.dsv'
[16.428s] INFO:colcon.colcon_core.shell:Creating environment hook '/home/pi/sunflower/install/sunflower_interfaces/share/sunflower_interfaces/hook/cmake_prefix_path.sh'
[16.432s] Level 1:colcon.colcon_core.environment:checking '/home/pi/sunflower/install/sunflower_interfaces/lib'
[16.433s] Level 1:colcon.colcon_core.shell:create_environment_hook('sunflower_interfaces', 'ld_library_path_lib')
[16.436s] INFO:colcon.colcon_core.shell:Creating environment hook '/home/pi/sunflower/install/sunflower_interfaces/share/sunflower_interfaces/hook/ld_library_path_lib.ps1'
[16.443s] INFO:colcon.colcon_core.shell:Creating environment descriptor '/home/pi/sunflower/install/sunflower_interfaces/share/sunflower_interfaces/hook/ld_library_path_lib.dsv'
[16.448s] INFO:colcon.colcon_core.shell:Creating environment hook '/home/pi/sunflower/install/sunflower_interfaces/share/sunflower_interfaces/hook/ld_library_path_lib.sh'
[16.468s] Level 1:colcon.colcon_core.environment:checking '/home/pi/sunflower/install/sunflower_interfaces/bin'
[16.469s] Level 1:colcon.colcon_core.environment:checking '/home/pi/sunflower/install/sunflower_interfaces/lib/pkgconfig/sunflower_interfaces.pc'
[16.471s] Level 1:colcon.colcon_core.environment:checking '/home/pi/sunflower/install/sunflower_interfaces/lib/python3.8/site-packages'
[16.472s] Level 1:colcon.colcon_core.shell:create_environment_hook('sunflower_interfaces', 'pythonpath')
[16.475s] INFO:colcon.colcon_core.shell:Creating environment hook '/home/pi/sunflower/install/sunflower_interfaces/share/sunflower_interfaces/hook/pythonpath.ps1'
[16.478s] INFO:colcon.colcon_core.shell:Creating environment descriptor '/home/pi/sunflower/install/sunflower_interfaces/share/sunflower_interfaces/hook/pythonpath.dsv'
[16.481s] INFO:colcon.colcon_core.shell:Creating environment hook '/home/pi/sunflower/install/sunflower_interfaces/share/sunflower_interfaces/hook/pythonpath.sh'
[16.486s] Level 1:colcon.colcon_core.environment:checking '/home/pi/sunflower/install/sunflower_interfaces/bin'
[16.490s] INFO:colcon.colcon_core.shell:Creating package script '/home/pi/sunflower/install/sunflower_interfaces/share/sunflower_interfaces/package.ps1'
[16.494s] INFO:colcon.colcon_core.shell:Creating package descriptor '/home/pi/sunflower/install/sunflower_interfaces/share/sunflower_interfaces/package.dsv'
[16.499s] INFO:colcon.colcon_core.shell:Creating package script '/home/pi/sunflower/install/sunflower_interfaces/share/sunflower_interfaces/package.sh'
[16.503s] INFO:colcon.colcon_core.shell:Creating package script '/home/pi/sunflower/install/sunflower_interfaces/share/sunflower_interfaces/package.bash'
[16.506s] INFO:colcon.colcon_core.shell:Creating package script '/home/pi/sunflower/install/sunflower_interfaces/share/sunflower_interfaces/package.zsh'
[16.510s] Level 1:colcon.colcon_core.environment:create_file_with_runtime_dependencies(/home/pi/sunflower/install/sunflower_interfaces/share/colcon-core/packages/sunflower_interfaces)
[16.517s] INFO:colcon.colcon_ros.task.ament_python.build:Building ROS package in '/home/pi/sunflower/src/tflite_pkg' with build type 'ament_python'
[16.521s] Level 1:colcon.colcon_core.shell:create_environment_hook('tflite_pkg', 'ament_prefix_path')
[16.527s] INFO:colcon.colcon_core.shell:Creating environment hook '/home/pi/sunflower/install/tflite_pkg/share/tflite_pkg/hook/ament_prefix_path.ps1'
[16.533s] INFO:colcon.colcon_core.shell:Creating environment descriptor '/home/pi/sunflower/install/tflite_pkg/share/tflite_pkg/hook/ament_prefix_path.dsv'
[16.538s] INFO:colcon.colcon_core.shell:Creating environment hook '/home/pi/sunflower/install/tflite_pkg/share/tflite_pkg/hook/ament_prefix_path.sh'
[16.544s] INFO:colcon.colcon_core.shell:Skip shell extension 'powershell' for command environment: Not usable outside of PowerShell
[16.545s] DEBUG:colcon.colcon_core.shell:Skip shell extension 'dsv' for command environment
[18.795s] INFO:colcon.colcon_core.task.python.build:Building Python package in '/home/pi/sunflower/src/tflite_pkg'
[18.799s] INFO:colcon.colcon_core.shell:Skip shell extension 'powershell' for command environment: Not usable outside of PowerShell
[18.799s] DEBUG:colcon.colcon_core.shell:Skip shell extension 'dsv' for command environment
[18.846s] Level 1:colcon.colcon_core.shell:create_environment_hook('stem_pkg', 'pythonpath_develop')
[18.852s] INFO:colcon.colcon_core.shell:Creating environment hook '/home/pi/sunflower/build/stem_pkg/share/stem_pkg/hook/pythonpath_develop.ps1'
[18.852s] DEBUG:colcon.colcon_core.event_handler.log_command:Invoked command in '/home/pi/sunflower/build/stem_pkg' returned '0': PYTHONPATH=/home/pi/sunflower/install/stem_pkg/lib/python3.8/site-packages:${PYTHONPATH} /usr/bin/python3 setup.py develop --prefix /home/pi/sunflower/install/stem_pkg --editable --build-directory /home/pi/sunflower/build/stem_pkg/build --no-deps install_data --install-dir /home/pi/sunflower/install/stem_pkg
[18.856s] INFO:colcon.colcon_core.shell:Creating environment descriptor '/home/pi/sunflower/build/stem_pkg/share/stem_pkg/hook/pythonpath_develop.dsv'
[18.859s] INFO:colcon.colcon_core.shell:Creating environment hook '/home/pi/sunflower/build/stem_pkg/share/stem_pkg/hook/pythonpath_develop.sh'
[18.866s] Level 1:colcon.colcon_core.environment:checking '/home/pi/sunflower/install/stem_pkg' for CMake module files
[18.869s] Level 1:colcon.colcon_core.environment:checking '/home/pi/sunflower/install/stem_pkg' for CMake config files
[18.872s] Level 1:colcon.colcon_core.environment:checking '/home/pi/sunflower/install/stem_pkg/lib'
[18.873s] Level 1:colcon.colcon_core.environment:checking '/home/pi/sunflower/install/stem_pkg/bin'
[18.873s] Level 1:colcon.colcon_core.environment:checking '/home/pi/sunflower/install/stem_pkg/lib/pkgconfig/stem_pkg.pc'
[18.875s] Level 1:colcon.colcon_core.environment:checking '/home/pi/sunflower/install/stem_pkg/lib/python3.8/site-packages'
[18.875s] Level 1:colcon.colcon_core.shell:create_environment_hook('stem_pkg', 'pythonpath')
[18.878s] INFO:colcon.colcon_core.shell:Creating environment hook '/home/pi/sunflower/install/stem_pkg/share/stem_pkg/hook/pythonpath.ps1'
[18.880s] INFO:colcon.colcon_core.shell:Creating environment descriptor '/home/pi/sunflower/install/stem_pkg/share/stem_pkg/hook/pythonpath.dsv'
[18.883s] INFO:colcon.colcon_core.shell:Creating environment hook '/home/pi/sunflower/install/stem_pkg/share/stem_pkg/hook/pythonpath.sh'
[18.886s] Level 1:colcon.colcon_core.environment:checking '/home/pi/sunflower/install/stem_pkg/bin'
[18.886s] Level 1:colcon.colcon_core.environment:create_environment_scripts_only(stem_pkg)
[18.889s] INFO:colcon.colcon_core.shell:Creating package script '/home/pi/sunflower/install/stem_pkg/share/stem_pkg/package.ps1'
[18.892s] INFO:colcon.colcon_core.shell:Creating package descriptor '/home/pi/sunflower/install/stem_pkg/share/stem_pkg/package.dsv'
[18.895s] INFO:colcon.colcon_core.shell:Creating package script '/home/pi/sunflower/install/stem_pkg/share/stem_pkg/package.sh'
[18.898s] INFO:colcon.colcon_core.shell:Creating package script '/home/pi/sunflower/install/stem_pkg/share/stem_pkg/package.bash'
[18.901s] INFO:colcon.colcon_core.shell:Creating package script '/home/pi/sunflower/install/stem_pkg/share/stem_pkg/package.zsh'
[18.903s] Level 1:colcon.colcon_core.environment:create_file_with_runtime_dependencies(/home/pi/sunflower/install/stem_pkg/share/colcon-core/packages/stem_pkg)
[18.904s] Level 1:colcon.colcon_core.shell:create_environment_hook('sf_pkg', 'pythonpath_develop')
[18.907s] INFO:colcon.colcon_core.shell:Creating environment hook '/home/pi/sunflower/build/sf_pkg/share/sf_pkg/hook/pythonpath_develop.ps1'
[18.918s] INFO:colcon.colcon_core.shell:Creating environment descriptor '/home/pi/sunflower/build/sf_pkg/share/sf_pkg/hook/pythonpath_develop.dsv'
[18.921s] INFO:colcon.colcon_core.shell:Creating environment hook '/home/pi/sunflower/build/sf_pkg/share/sf_pkg/hook/pythonpath_develop.sh'
[18.929s] Level 1:colcon.colcon_core.environment:checking '/home/pi/sunflower/install/sf_pkg' for CMake module files
[18.934s] DEBUG:colcon.colcon_core.event_handler.log_command:Invoked command in '/home/pi/sunflower/build/sf_pkg' returned '0': PYTHONPATH=/home/pi/sunflower/install/sf_pkg/lib/python3.8/site-packages:${PYTHONPATH} /usr/bin/python3 setup.py develop --prefix /home/pi/sunflower/install/sf_pkg --editable --build-directory /home/pi/sunflower/build/sf_pkg/build --no-deps install_data --install-dir /home/pi/sunflower/install/sf_pkg
[18.935s] Level 1:colcon.colcon_core.environment:checking '/home/pi/sunflower/install/sf_pkg' for CMake config files
[18.938s] Level 1:colcon.colcon_core.environment:checking '/home/pi/sunflower/install/sf_pkg/lib'
[18.939s] Level 1:colcon.colcon_core.environment:checking '/home/pi/sunflower/install/sf_pkg/bin'
[18.939s] Level 1:colcon.colcon_core.environment:checking '/home/pi/sunflower/install/sf_pkg/lib/pkgconfig/sf_pkg.pc'
[18.940s] Level 1:colcon.colcon_core.environment:checking '/home/pi/sunflower/install/sf_pkg/lib/python3.8/site-packages'
[18.941s] Level 1:colcon.colcon_core.shell:create_environment_hook('sf_pkg', 'pythonpath')
[18.943s] INFO:colcon.colcon_core.shell:Creating environment hook '/home/pi/sunflower/install/sf_pkg/share/sf_pkg/hook/pythonpath.ps1'
[18.946s] INFO:colcon.colcon_core.shell:Creating environment descriptor '/home/pi/sunflower/install/sf_pkg/share/sf_pkg/hook/pythonpath.dsv'
[18.948s] INFO:colcon.colcon_core.shell:Creating environment hook '/home/pi/sunflower/install/sf_pkg/share/sf_pkg/hook/pythonpath.sh'
[18.951s] Level 1:colcon.colcon_core.environment:checking '/home/pi/sunflower/install/sf_pkg/bin'
[18.952s] Level 1:colcon.colcon_core.environment:create_environment_scripts_only(sf_pkg)
[18.955s] INFO:colcon.colcon_core.shell:Creating package script '/home/pi/sunflower/install/sf_pkg/share/sf_pkg/package.ps1'
[18.959s] INFO:colcon.colcon_core.shell:Creating package descriptor '/home/pi/sunflower/install/sf_pkg/share/sf_pkg/package.dsv'
[18.962s] INFO:colcon.colcon_core.shell:Creating package script '/home/pi/sunflower/install/sf_pkg/share/sf_pkg/package.sh'
[18.965s] INFO:colcon.colcon_core.shell:Creating package script '/home/pi/sunflower/install/sf_pkg/share/sf_pkg/package.bash'
[18.967s] INFO:colcon.colcon_core.shell:Creating package script '/home/pi/sunflower/install/sf_pkg/share/sf_pkg/package.zsh'
[18.970s] Level 1:colcon.colcon_core.environment:create_file_with_runtime_dependencies(/home/pi/sunflower/install/sf_pkg/share/colcon-core/packages/sf_pkg)
[20.380s] Level 1:colcon.colcon_core.shell:create_environment_hook('test_pkg', 'pythonpath_develop')
[20.385s] INFO:colcon.colcon_core.shell:Creating environment hook '/home/pi/sunflower/build/test_pkg/share/test_pkg/hook/pythonpath_develop.ps1'
[20.381s] DEBUG:colcon.colcon_core.event_handler.log_command:Invoked command in '/home/pi/sunflower/build/test_pkg' returned '0': PYTHONPATH=/home/pi/sunflower/install/test_pkg/lib/python3.8/site-packages:${PYTHONPATH} /usr/bin/python3 setup.py develop --prefix /home/pi/sunflower/install/test_pkg --editable --build-directory /home/pi/sunflower/build/test_pkg/build --no-deps install_data --install-dir /home/pi/sunflower/install/test_pkg
[20.389s] INFO:colcon.colcon_core.shell:Creating environment descriptor '/home/pi/sunflower/build/test_pkg/share/test_pkg/hook/pythonpath_develop.dsv'
[20.393s] INFO:colcon.colcon_core.shell:Creating environment hook '/home/pi/sunflower/build/test_pkg/share/test_pkg/hook/pythonpath_develop.sh'
[20.404s] Level 1:colcon.colcon_core.environment:checking '/home/pi/sunflower/install/test_pkg' for CMake module files
[20.407s] Level 1:colcon.colcon_core.environment:checking '/home/pi/sunflower/install/test_pkg' for CMake config files
[20.411s] Level 1:colcon.colcon_core.environment:checking '/home/pi/sunflower/install/test_pkg/lib'
[20.413s] Level 1:colcon.colcon_core.environment:checking '/home/pi/sunflower/install/test_pkg/bin'
[20.414s] Level 1:colcon.colcon_core.environment:checking '/home/pi/sunflower/install/test_pkg/lib/pkgconfig/test_pkg.pc'
[20.416s] Level 1:colcon.colcon_core.environment:checking '/home/pi/sunflower/install/test_pkg/lib/python3.8/site-packages'
[20.416s] Level 1:colcon.colcon_core.shell:create_environment_hook('test_pkg', 'pythonpath')
[20.419s] INFO:colcon.colcon_core.shell:Creating environment hook '/home/pi/sunflower/install/test_pkg/share/test_pkg/hook/pythonpath.ps1'
[20.421s] INFO:colcon.colcon_core.shell:Creating environment descriptor '/home/pi/sunflower/install/test_pkg/share/test_pkg/hook/pythonpath.dsv'
[20.424s] INFO:colcon.colcon_core.shell:Creating environment hook '/home/pi/sunflower/install/test_pkg/share/test_pkg/hook/pythonpath.sh'
[20.427s] Level 1:colcon.colcon_core.environment:checking '/home/pi/sunflower/install/test_pkg/bin'
[20.428s] Level 1:colcon.colcon_core.environment:create_environment_scripts_only(test_pkg)
[20.431s] INFO:colcon.colcon_core.shell:Creating package script '/home/pi/sunflower/install/test_pkg/share/test_pkg/package.ps1'
[20.434s] INFO:colcon.colcon_core.shell:Creating package descriptor '/home/pi/sunflower/install/test_pkg/share/test_pkg/package.dsv'
[20.437s] INFO:colcon.colcon_core.shell:Creating package script '/home/pi/sunflower/install/test_pkg/share/test_pkg/package.sh'
[20.440s] INFO:colcon.colcon_core.shell:Creating package script '/home/pi/sunflower/install/test_pkg/share/test_pkg/package.bash'
[20.442s] INFO:colcon.colcon_core.shell:Creating package script '/home/pi/sunflower/install/test_pkg/share/test_pkg/package.zsh'
[20.445s] Level 1:colcon.colcon_core.environment:create_file_with_runtime_dependencies(/home/pi/sunflower/install/test_pkg/share/colcon-core/packages/test_pkg)
[21.572s] DEBUG:colcon.colcon_core.event_handler.log_command:Invoking command in '/home/pi/sunflower/build/tflite_pkg': PYTHONPATH=/home/pi/sunflower/install/tflite_pkg/lib/python3.8/site-packages:${PYTHONPATH} /usr/bin/python3 setup.py develop --prefix /home/pi/sunflower/install/tflite_pkg --editable --build-directory /home/pi/sunflower/build/tflite_pkg/build --no-deps install_data --install-dir /home/pi/sunflower/install/tflite_pkg
[24.804s] Level 1:colcon.colcon_core.shell:create_environment_hook('tflite_pkg', 'pythonpath_develop')
[24.809s] INFO:colcon.colcon_core.shell:Creating environment hook '/home/pi/sunflower/build/tflite_pkg/share/tflite_pkg/hook/pythonpath_develop.ps1'
[24.810s] DEBUG:colcon.colcon_core.event_handler.log_command:Invoked command in '/home/pi/sunflower/build/tflite_pkg' returned '0': PYTHONPATH=/home/pi/sunflower/install/tflite_pkg/lib/python3.8/site-packages:${PYTHONPATH} /usr/bin/python3 setup.py develop --prefix /home/pi/sunflower/install/tflite_pkg --editable --build-directory /home/pi/sunflower/build/tflite_pkg/build --no-deps install_data --install-dir /home/pi/sunflower/install/tflite_pkg
[24.816s] INFO:colcon.colcon_core.shell:Creating environment descriptor '/home/pi/sunflower/build/tflite_pkg/share/tflite_pkg/hook/pythonpath_develop.dsv'
[24.820s] INFO:colcon.colcon_core.shell:Creating environment hook '/home/pi/sunflower/build/tflite_pkg/share/tflite_pkg/hook/pythonpath_develop.sh'
[24.831s] Level 1:colcon.colcon_core.environment:checking '/home/pi/sunflower/install/tflite_pkg' for CMake module files
[24.835s] Level 1:colcon.colcon_core.environment:checking '/home/pi/sunflower/install/tflite_pkg' for CMake config files
[24.840s] Level 1:colcon.colcon_core.environment:checking '/home/pi/sunflower/install/tflite_pkg/lib'
[24.842s] Level 1:colcon.colcon_core.environment:checking '/home/pi/sunflower/install/tflite_pkg/bin'
[24.843s] Level 1:colcon.colcon_core.environment:checking '/home/pi/sunflower/install/tflite_pkg/lib/pkgconfig/tflite_pkg.pc'
[24.845s] Level 1:colcon.colcon_core.environment:checking '/home/pi/sunflower/install/tflite_pkg/lib/python3.8/site-packages'
[24.846s] Level 1:colcon.colcon_core.shell:create_environment_hook('tflite_pkg', 'pythonpath')
[24.850s] INFO:colcon.colcon_core.shell:Creating environment hook '/home/pi/sunflower/install/tflite_pkg/share/tflite_pkg/hook/pythonpath.ps1'
[24.856s] INFO:colcon.colcon_core.shell:Creating environment descriptor '/home/pi/sunflower/install/tflite_pkg/share/tflite_pkg/hook/pythonpath.dsv'
[24.860s] INFO:colcon.colcon_core.shell:Creating environment hook '/home/pi/sunflower/install/tflite_pkg/share/tflite_pkg/hook/pythonpath.sh'
[24.865s] Level 1:colcon.colcon_core.environment:checking '/home/pi/sunflower/install/tflite_pkg/bin'
[24.866s] Level 1:colcon.colcon_core.environment:create_environment_scripts_only(tflite_pkg)
[24.871s] INFO:colcon.colcon_core.shell:Creating package script '/home/pi/sunflower/install/tflite_pkg/share/tflite_pkg/package.ps1'
[24.875s] INFO:colcon.colcon_core.shell:Creating package descriptor '/home/pi/sunflower/install/tflite_pkg/share/tflite_pkg/package.dsv'
[24.880s] INFO:colcon.colcon_core.shell:Creating package script '/home/pi/sunflower/install/tflite_pkg/share/tflite_pkg/package.sh'
[24.884s] INFO:colcon.colcon_core.shell:Creating package script '/home/pi/sunflower/install/tflite_pkg/share/tflite_pkg/package.bash'
[24.887s] INFO:colcon.colcon_core.shell:Creating package script '/home/pi/sunflower/install/tflite_pkg/share/tflite_pkg/package.zsh'
[24.890s] Level 1:colcon.colcon_core.environment:create_file_with_runtime_dependencies(/home/pi/sunflower/install/tflite_pkg/share/colcon-core/packages/tflite_pkg)
[24.896s] DEBUG:colcon.colcon_parallel_executor.executor.parallel:closing loop
[24.897s] DEBUG:colcon.colcon_parallel_executor.executor.parallel:loop closed
[24.898s] DEBUG:colcon.colcon_parallel_executor.executor.parallel:run_until_complete finished with '0'
[24.900s] DEBUG:colcon.colcon_core.event_reactor:joining thread
[24.947s] INFO:colcon.colcon_core.plugin_system:Skipping extension 'colcon_notification.desktop_notification.terminal_notifier': Not used on non-Darwin systems
[24.948s] INFO:colcon.colcon_core.plugin_system:Skipping extension 'colcon_notification.desktop_notification.win32': Not used on non-Windows systems
[24.949s] INFO:colcon.colcon_notification.desktop_notification:Sending desktop notification using 'notify2'
[25.022s] DEBUG:colcon.colcon_core.event_reactor:joined thread
[25.025s] INFO:colcon.colcon_core.shell:Creating prefix script '/home/pi/sunflower/install/local_setup.ps1'
[25.041s] INFO:colcon.colcon_core.shell:Creating prefix util module '/home/pi/sunflower/install/_local_setup_util_ps1.py'
[25.048s] INFO:colcon.colcon_core.shell:Creating prefix chain script '/home/pi/sunflower/install/setup.ps1'
[25.056s] INFO:colcon.colcon_core.shell:Creating prefix script '/home/pi/sunflower/install/local_setup.sh'
[25.061s] INFO:colcon.colcon_core.shell:Creating prefix util module '/home/pi/sunflower/install/_local_setup_util_sh.py'
[25.078s] INFO:colcon.colcon_core.shell:Creating prefix chain script '/home/pi/sunflower/install/setup.sh'
[25.107s] INFO:colcon.colcon_core.shell:Creating prefix script '/home/pi/sunflower/install/local_setup.bash'
[25.110s] INFO:colcon.colcon_core.shell:Creating prefix chain script '/home/pi/sunflower/install/setup.bash'
[25.117s] INFO:colcon.colcon_core.shell:Creating prefix script '/home/pi/sunflower/install/local_setup.zsh'
[25.122s] INFO:colcon.colcon_core.shell:Creating prefix chain script '/home/pi/sunflower/install/setup.zsh'
