[0.574s] DEBUG:colcon:Command line arguments: ['/usr/bin/colcon', 'build', '--symlink-install']
[0.575s] DEBUG:colcon:Parsed command line arguments: Namespace(allow_overriding=[], ament_cmake_args=None, base_paths=['.'], build_base='build', catkin_cmake_args=None, catkin_skip_building_tests=False, cmake_args=None, cmake_clean_cache=False, cmake_clean_first=False, cmake_force_configure=False, cmake_target=None, cmake_target_skip_unavailable=False, continue_on_error=False, event_handlers=None, executor='parallel', ignore_user_meta=False, install_base='install', log_base=None, log_level=None, main=<bound method BuildVerb.main of <colcon_core.verb.build.BuildVerb object at 0xffff915dd700>>, merge_install=False, metas=['./colcon.meta'], packages_above=None, packages_above_and_dependencies=None, packages_above_depth=None, packages_end=None, packages_ignore=None, packages_ignore_regex=None, packages_select=None, packages_select_build_failed=False, packages_select_by_dep=None, packages_select_regex=None, packages_select_test_failures=False, packages_skip=None, packages_skip_build_finished=False, packages_skip_by_dep=None, packages_skip_regex=None, packages_skip_test_passed=False, packages_skip_up_to=None, packages_start=None, packages_up_to=None, packages_up_to_regex=None, parallel_workers=4, paths=None, symlink_install=True, test_result_base=None, verb_extension=<colcon_core.verb.build.BuildVerb object at 0xffff915dd700>, verb_name='build', verb_parser=<colcon_defaults.argument_parser.defaults.DefaultArgumentsDecorator object at 0xffff915ddc40>)
[0.670s] Level 1:colcon.colcon_core.package_discovery:discover_packages(colcon_meta) check parameters
[0.671s] Level 1:colcon.colcon_core.package_discovery:discover_packages(recursive) check parameters
[0.671s] Level 1:colcon.colcon_core.package_discovery:discover_packages(ignore) check parameters
[0.671s] Level 1:colcon.colcon_core.package_discovery:discover_packages(path) check parameters
[0.671s] Level 1:colcon.colcon_core.package_discovery:discover_packages(colcon_meta) discover
[0.672s] Level 1:colcon.colcon_core.package_discovery:discover_packages(recursive) discover
[0.672s] INFO:colcon.colcon_core.package_discovery:Crawling recursively for packages in '/home/pi/sunflower'
[0.672s] Level 1:colcon.colcon_core.package_identification:_identify(.) by extensions ['ignore', 'ignore_ament_install']
[0.673s] Level 1:colcon.colcon_core.package_identification:_identify(.) by extension 'ignore'
[0.674s] Level 1:colcon.colcon_core.package_identification:_identify(.) by extension 'ignore_ament_install'
[0.674s] Level 1:colcon.colcon_core.package_identification:_identify(.) by extensions ['colcon_pkg']
[0.674s] Level 1:colcon.colcon_core.package_identification:_identify(.) by extension 'colcon_pkg'
[0.674s] Level 1:colcon.colcon_core.package_identification:_identify(.) by extensions ['colcon_meta']
[0.674s] Level 1:colcon.colcon_core.package_identification:_identify(.) by extension 'colcon_meta'
[0.675s] Level 1:colcon.colcon_core.package_identification:_identify(.) by extensions ['ros']
[0.675s] Level 1:colcon.colcon_core.package_identification:_identify(.) by extension 'ros'
[0.720s] Level 1:colcon.colcon_core.package_identification:_identify(.) by extensions ['cmake', 'python']
[0.721s] Level 1:colcon.colcon_core.package_identification:_identify(.) by extension 'cmake'
[0.721s] Level 1:colcon.colcon_core.package_identification:_identify(.) by extension 'python'
[0.721s] Level 1:colcon.colcon_core.package_identification:_identify(.) by extensions ['python_setup_py']
[0.722s] Level 1:colcon.colcon_core.package_identification:_identify(.) by extension 'python_setup_py'
[0.723s] Level 1:colcon.colcon_core.package_identification:_identify(__pycache__) by extensions ['ignore', 'ignore_ament_install']
[0.723s] Level 1:colcon.colcon_core.package_identification:_identify(__pycache__) by extension 'ignore'
[0.723s] Level 1:colcon.colcon_core.package_identification:_identify(__pycache__) by extension 'ignore_ament_install'
[0.724s] Level 1:colcon.colcon_core.package_identification:_identify(__pycache__) by extensions ['colcon_pkg']
[0.724s] Level 1:colcon.colcon_core.package_identification:_identify(__pycache__) by extension 'colcon_pkg'
[0.724s] Level 1:colcon.colcon_core.package_identification:_identify(__pycache__) by extensions ['colcon_meta']
[0.724s] Level 1:colcon.colcon_core.package_identification:_identify(__pycache__) by extension 'colcon_meta'
[0.725s] Level 1:colcon.colcon_core.package_identification:_identify(__pycache__) by extensions ['ros']
[0.725s] Level 1:colcon.colcon_core.package_identification:_identify(__pycache__) by extension 'ros'
[0.725s] Level 1:colcon.colcon_core.package_identification:_identify(__pycache__) by extensions ['cmake', 'python']
[0.726s] Level 1:colcon.colcon_core.package_identification:_identify(__pycache__) by extension 'cmake'
[0.726s] Level 1:colcon.colcon_core.package_identification:_identify(__pycache__) by extension 'python'
[0.726s] Level 1:colcon.colcon_core.package_identification:_identify(__pycache__) by extensions ['python_setup_py']
[0.726s] Level 1:colcon.colcon_core.package_identification:_identify(__pycache__) by extension 'python_setup_py'
[0.727s] Level 1:colcon.colcon_core.package_identification:_identify(build) by extensions ['ignore', 'ignore_ament_install']
[0.727s] Level 1:colcon.colcon_core.package_identification:_identify(build) by extension 'ignore'
[0.727s] Level 1:colcon.colcon_core.package_identification:_identify(build) ignored
[0.728s] Level 1:colcon.colcon_core.package_identification:_identify(install) by extensions ['ignore', 'ignore_ament_install']
[0.728s] Level 1:colcon.colcon_core.package_identification:_identify(install) by extension 'ignore'
[0.729s] Level 1:colcon.colcon_core.package_identification:_identify(install) ignored
[0.729s] Level 1:colcon.colcon_core.package_identification:_identify(log) by extensions ['ignore', 'ignore_ament_install']
[0.730s] Level 1:colcon.colcon_core.package_identification:_identify(log) by extension 'ignore'
[0.730s] Level 1:colcon.colcon_core.package_identification:_identify(log) ignored
[0.730s] Level 1:colcon.colcon_core.package_identification:_identify(src) by extensions ['ignore', 'ignore_ament_install']
[0.730s] Level 1:colcon.colcon_core.package_identification:_identify(src) by extension 'ignore'
[0.731s] Level 1:colcon.colcon_core.package_identification:_identify(src) by extension 'ignore_ament_install'
[0.731s] Level 1:colcon.colcon_core.package_identification:_identify(src) by extensions ['colcon_pkg']
[0.731s] Level 1:colcon.colcon_core.package_identification:_identify(src) by extension 'colcon_pkg'
[0.731s] Level 1:colcon.colcon_core.package_identification:_identify(src) by extensions ['colcon_meta']
[0.731s] Level 1:colcon.colcon_core.package_identification:_identify(src) by extension 'colcon_meta'
[0.732s] Level 1:colcon.colcon_core.package_identification:_identify(src) by extensions ['ros']
[0.732s] Level 1:colcon.colcon_core.package_identification:_identify(src) by extension 'ros'
[0.732s] Level 1:colcon.colcon_core.package_identification:_identify(src) by extensions ['cmake', 'python']
[0.732s] Level 1:colcon.colcon_core.package_identification:_identify(src) by extension 'cmake'
[0.732s] Level 1:colcon.colcon_core.package_identification:_identify(src) by extension 'python'
[0.732s] Level 1:colcon.colcon_core.package_identification:_identify(src) by extensions ['python_setup_py']
[0.733s] Level 1:colcon.colcon_core.package_identification:_identify(src) by extension 'python_setup_py'
[0.733s] Level 1:colcon.colcon_core.package_identification:_identify(src/sf_pkg) by extensions ['ignore', 'ignore_ament_install']
[0.733s] Level 1:colcon.colcon_core.package_identification:_identify(src/sf_pkg) by extension 'ignore'
[0.734s] Level 1:colcon.colcon_core.package_identification:_identify(src/sf_pkg) by extension 'ignore_ament_install'
[0.734s] Level 1:colcon.colcon_core.package_identification:_identify(src/sf_pkg) by extensions ['colcon_pkg']
[0.734s] Level 1:colcon.colcon_core.package_identification:_identify(src/sf_pkg) by extension 'colcon_pkg'
[0.734s] Level 1:colcon.colcon_core.package_identification:_identify(src/sf_pkg) by extensions ['colcon_meta']
[0.734s] Level 1:colcon.colcon_core.package_identification:_identify(src/sf_pkg) by extension 'colcon_meta'
[0.735s] Level 1:colcon.colcon_core.package_identification:_identify(src/sf_pkg) by extensions ['ros']
[0.735s] Level 1:colcon.colcon_core.package_identification:_identify(src/sf_pkg) by extension 'ros'
[0.738s] DEBUG:colcon.colcon_core.package_identification:Failed to parse potential ROS package manifest in'src/sf_pkg': Error(s) in package 'src/sf_pkg/package.xml':
The manifest contains invalid XML:
mismatched tag: line 22, column 2
[0.739s] Level 1:colcon.colcon_core.package_identification:_identify(src/sf_pkg) by extensions ['cmake', 'python']
[0.739s] Level 1:colcon.colcon_core.package_identification:_identify(src/sf_pkg) by extension 'cmake'
[0.739s] Level 1:colcon.colcon_core.package_identification:_identify(src/sf_pkg) by extension 'python'
[0.740s] DEBUG:colcon.colcon_core.package_identification:Python package in 'src/sf_pkg' passes arguments to the setup() function which requires a different identification extension than 'python'
[0.740s] Level 1:colcon.colcon_core.package_identification:_identify(src/sf_pkg) by extensions ['python_setup_py']
[0.740s] Level 1:colcon.colcon_core.package_identification:_identify(src/sf_pkg) by extension 'python_setup_py'
[2.157s] DEBUG:colcon.colcon_core.package_identification:Package 'src/sf_pkg' with type 'python' and name 'sf_pkg'
[2.158s] Level 1:colcon.colcon_core.package_identification:_identify(src/stem_pkg) by extensions ['ignore', 'ignore_ament_install']
[2.159s] Level 1:colcon.colcon_core.package_identification:_identify(src/stem_pkg) by extension 'ignore'
[2.159s] Level 1:colcon.colcon_core.package_identification:_identify(src/stem_pkg) by extension 'ignore_ament_install'
[2.160s] Level 1:colcon.colcon_core.package_identification:_identify(src/stem_pkg) by extensions ['colcon_pkg']
[2.160s] Level 1:colcon.colcon_core.package_identification:_identify(src/stem_pkg) by extension 'colcon_pkg'
[2.160s] Level 1:colcon.colcon_core.package_identification:_identify(src/stem_pkg) by extensions ['colcon_meta']
[2.160s] Level 1:colcon.colcon_core.package_identification:_identify(src/stem_pkg) by extension 'colcon_meta'
[2.160s] Level 1:colcon.colcon_core.package_identification:_identify(src/stem_pkg) by extensions ['ros']
[2.161s] Level 1:colcon.colcon_core.package_identification:_identify(src/stem_pkg) by extension 'ros'
[2.163s] DEBUG:colcon.colcon_core.package_identification:Failed to parse potential ROS package manifest in'src/stem_pkg': Error(s) in package 'src/stem_pkg/package.xml':
The manifest contains invalid XML:
mismatched tag: line 21, column 29
[2.164s] Level 1:colcon.colcon_core.package_identification:_identify(src/stem_pkg) by extensions ['cmake', 'python']
[2.164s] Level 1:colcon.colcon_core.package_identification:_identify(src/stem_pkg) by extension 'cmake'
[2.164s] Level 1:colcon.colcon_core.package_identification:_identify(src/stem_pkg) by extension 'python'
[2.165s] DEBUG:colcon.colcon_core.package_identification:Python package in 'src/stem_pkg' passes arguments to the setup() function which requires a different identification extension than 'python'
[2.165s] Level 1:colcon.colcon_core.package_identification:_identify(src/stem_pkg) by extensions ['python_setup_py']
[2.165s] Level 1:colcon.colcon_core.package_identification:_identify(src/stem_pkg) by extension 'python_setup_py'
[3.931s] DEBUG:colcon.colcon_core.package_identification:Package 'src/stem_pkg' with type 'python' and name 'stem_pkg'
[3.932s] Level 1:colcon.colcon_core.package_identification:_identify(src/sunflower_interfaces) by extensions ['ignore', 'ignore_ament_install']
[3.933s] Level 1:colcon.colcon_core.package_identification:_identify(src/sunflower_interfaces) by extension 'ignore'
[3.933s] Level 1:colcon.colcon_core.package_identification:_identify(src/sunflower_interfaces) by extension 'ignore_ament_install'
[3.934s] Level 1:colcon.colcon_core.package_identification:_identify(src/sunflower_interfaces) by extensions ['colcon_pkg']
[3.935s] Level 1:colcon.colcon_core.package_identification:_identify(src/sunflower_interfaces) by extension 'colcon_pkg'
[3.935s] Level 1:colcon.colcon_core.package_identification:_identify(src/sunflower_interfaces) by extensions ['colcon_meta']
[3.936s] Level 1:colcon.colcon_core.package_identification:_identify(src/sunflower_interfaces) by extension 'colcon_meta'
[3.936s] Level 1:colcon.colcon_core.package_identification:_identify(src/sunflower_interfaces) by extensions ['ros']
[3.936s] Level 1:colcon.colcon_core.package_identification:_identify(src/sunflower_interfaces) by extension 'ros'
[3.949s] DEBUG:colcon.colcon_core.package_identification:Package 'src/sunflower_interfaces' with type 'ros.ament_cmake' and name 'sunflower_interfaces'
[3.950s] Level 1:colcon.colcon_core.package_identification:_identify(src/test_pkg) by extensions ['ignore', 'ignore_ament_install']
[3.951s] Level 1:colcon.colcon_core.package_identification:_identify(src/test_pkg) by extension 'ignore'
[3.951s] Level 1:colcon.colcon_core.package_identification:_identify(src/test_pkg) by extension 'ignore_ament_install'
[3.952s] Level 1:colcon.colcon_core.package_identification:_identify(src/test_pkg) by extensions ['colcon_pkg']
[3.952s] Level 1:colcon.colcon_core.package_identification:_identify(src/test_pkg) by extension 'colcon_pkg'
[3.952s] Level 1:colcon.colcon_core.package_identification:_identify(src/test_pkg) by extensions ['colcon_meta']
[3.953s] Level 1:colcon.colcon_core.package_identification:_identify(src/test_pkg) by extension 'colcon_meta'
[3.953s] Level 1:colcon.colcon_core.package_identification:_identify(src/test_pkg) by extensions ['ros']
[3.953s] Level 1:colcon.colcon_core.package_identification:_identify(src/test_pkg) by extension 'ros'
[3.956s] DEBUG:colcon.colcon_core.package_identification:Package 'src/test_pkg' with type 'ros.ament_python' and name 'test_pkg'
[3.957s] Level 1:colcon.colcon_core.package_identification:_identify(src/tflite_pkg) by extensions ['ignore', 'ignore_ament_install']
[3.958s] Level 1:colcon.colcon_core.package_identification:_identify(src/tflite_pkg) by extension 'ignore'
[3.958s] Level 1:colcon.colcon_core.package_identification:_identify(src/tflite_pkg) by extension 'ignore_ament_install'
[3.959s] Level 1:colcon.colcon_core.package_identification:_identify(src/tflite_pkg) by extensions ['colcon_pkg']
[3.959s] Level 1:colcon.colcon_core.package_identification:_identify(src/tflite_pkg) by extension 'colcon_pkg'
[3.959s] Level 1:colcon.colcon_core.package_identification:_identify(src/tflite_pkg) by extensions ['colcon_meta']
[3.960s] Level 1:colcon.colcon_core.package_identification:_identify(src/tflite_pkg) by extension 'colcon_meta'
[3.960s] Level 1:colcon.colcon_core.package_identification:_identify(src/tflite_pkg) by extensions ['ros']
[3.960s] Level 1:colcon.colcon_core.package_identification:_identify(src/tflite_pkg) by extension 'ros'
[3.963s] DEBUG:colcon.colcon_core.package_identification:Package 'src/tflite_pkg' with type 'ros.ament_python' and name 'tflite_pkg'
[3.963s] Level 1:colcon.colcon_core.package_discovery:discover_packages(recursive) using defaults
[3.964s] Level 1:colcon.colcon_core.package_discovery:discover_packages(ignore) discover
[3.964s] Level 1:colcon.colcon_core.package_discovery:discover_packages(ignore) using defaults
[3.964s] Level 1:colcon.colcon_core.package_discovery:discover_packages(path) discover
[3.964s] Level 1:colcon.colcon_core.package_discovery:discover_packages(path) using defaults
[4.058s] Level 1:colcon.colcon_core.package_discovery:discover_packages(prefix_path) check parameters
[4.058s] Level 1:colcon.colcon_core.package_discovery:discover_packages(prefix_path) discover
[4.074s] DEBUG:colcon.colcon_installed_package_information.package_discovery:Found 5 installed packages in /home/pi/sunflower/install
[4.083s] DEBUG:colcon.colcon_installed_package_information.package_discovery:Found 263 installed packages in /opt/ros/foxy
[4.139s] Level 1:colcon.colcon_core.package_discovery:discover_packages(prefix_path) using defaults
[4.602s] Level 5:colcon.colcon_core.verb:set package 'sf_pkg' build argument 'cmake_args' from command line to 'None'
[4.602s] Level 5:colcon.colcon_core.verb:set package 'sf_pkg' build argument 'cmake_target' from command line to 'None'
[4.602s] Level 5:colcon.colcon_core.verb:set package 'sf_pkg' build argument 'cmake_target_skip_unavailable' from command line to 'False'
[4.603s] Level 5:colcon.colcon_core.verb:set package 'sf_pkg' build argument 'cmake_clean_cache' from command line to 'False'
[4.603s] Level 5:colcon.colcon_core.verb:set package 'sf_pkg' build argument 'cmake_clean_first' from command line to 'False'
[4.603s] Level 5:colcon.colcon_core.verb:set package 'sf_pkg' build argument 'cmake_force_configure' from command line to 'False'
[4.603s] Level 5:colcon.colcon_core.verb:set package 'sf_pkg' build argument 'ament_cmake_args' from command line to 'None'
[4.603s] Level 5:colcon.colcon_core.verb:set package 'sf_pkg' build argument 'catkin_cmake_args' from command line to 'None'
[4.603s] Level 5:colcon.colcon_core.verb:set package 'sf_pkg' build argument 'catkin_skip_building_tests' from command line to 'False'
[4.604s] DEBUG:colcon.colcon_core.verb:Building package 'sf_pkg' with the following arguments: {'ament_cmake_args': None, 'build_base': '/home/pi/sunflower/build/sf_pkg', 'catkin_cmake_args': None, 'catkin_skip_building_tests': False, 'cmake_args': None, 'cmake_clean_cache': False, 'cmake_clean_first': False, 'cmake_force_configure': False, 'cmake_target': None, 'cmake_target_skip_unavailable': False, 'install_base': '/home/pi/sunflower/install/sf_pkg', 'merge_install': False, 'path': '/home/pi/sunflower/src/sf_pkg', 'symlink_install': True, 'test_result_base': None}
[4.607s] Level 5:colcon.colcon_core.verb:set package 'stem_pkg' build argument 'cmake_args' from command line to 'None'
[4.608s] Level 5:colcon.colcon_core.verb:set package 'stem_pkg' build argument 'cmake_target' from command line to 'None'
[4.608s] Level 5:colcon.colcon_core.verb:set package 'stem_pkg' build argument 'cmake_target_skip_unavailable' from command line to 'False'
[4.608s] Level 5:colcon.colcon_core.verb:set package 'stem_pkg' build argument 'cmake_clean_cache' from command line to 'False'
[4.608s] Level 5:colcon.colcon_core.verb:set package 'stem_pkg' build argument 'cmake_clean_first' from command line to 'False'
[4.608s] Level 5:colcon.colcon_core.verb:set package 'stem_pkg' build argument 'cmake_force_configure' from command line to 'False'
[4.609s] Level 5:colcon.colcon_core.verb:set package 'stem_pkg' build argument 'ament_cmake_args' from command line to 'None'
[4.609s] Level 5:colcon.colcon_core.verb:set package 'stem_pkg' build argument 'catkin_cmake_args' from command line to 'None'
[4.609s] Level 5:colcon.colcon_core.verb:set package 'stem_pkg' build argument 'catkin_skip_building_tests' from command line to 'False'
[4.609s] DEBUG:colcon.colcon_core.verb:Building package 'stem_pkg' with the following arguments: {'ament_cmake_args': None, 'build_base': '/home/pi/sunflower/build/stem_pkg', 'catkin_cmake_args': None, 'catkin_skip_building_tests': False, 'cmake_args': None, 'cmake_clean_cache': False, 'cmake_clean_first': False, 'cmake_force_configure': False, 'cmake_target': None, 'cmake_target_skip_unavailable': False, 'install_base': '/home/pi/sunflower/install/stem_pkg', 'merge_install': False, 'path': '/home/pi/sunflower/src/stem_pkg', 'symlink_install': True, 'test_result_base': None}
[4.613s] Level 5:colcon.colcon_core.verb:set package 'sunflower_interfaces' build argument 'cmake_args' from command line to 'None'
[4.613s] Level 5:colcon.colcon_core.verb:set package 'sunflower_interfaces' build argument 'cmake_target' from command line to 'None'
[4.613s] Level 5:colcon.colcon_core.verb:set package 'sunflower_interfaces' build argument 'cmake_target_skip_unavailable' from command line to 'False'
[4.614s] Level 5:colcon.colcon_core.verb:set package 'sunflower_interfaces' build argument 'cmake_clean_cache' from command line to 'False'
[4.614s] Level 5:colcon.colcon_core.verb:set package 'sunflower_interfaces' build argument 'cmake_clean_first' from command line to 'False'
[4.614s] Level 5:colcon.colcon_core.verb:set package 'sunflower_interfaces' build argument 'cmake_force_configure' from command line to 'False'
[4.614s] Level 5:colcon.colcon_core.verb:set package 'sunflower_interfaces' build argument 'ament_cmake_args' from command line to 'None'
[4.614s] Level 5:colcon.colcon_core.verb:set package 'sunflower_interfaces' build argument 'catkin_cmake_args' from command line to 'None'
[4.615s] Level 5:colcon.colcon_core.verb:set package 'sunflower_interfaces' build argument 'catkin_skip_building_tests' from command line to 'False'
[4.615s] DEBUG:colcon.colcon_core.verb:Building package 'sunflower_interfaces' with the following arguments: {'ament_cmake_args': None, 'build_base': '/home/pi/sunflower/build/sunflower_interfaces', 'catkin_cmake_args': None, 'catkin_skip_building_tests': False, 'cmake_args': None, 'cmake_clean_cache': False, 'cmake_clean_first': False, 'cmake_force_configure': False, 'cmake_target': None, 'cmake_target_skip_unavailable': False, 'install_base': '/home/pi/sunflower/install/sunflower_interfaces', 'merge_install': False, 'path': '/home/pi/sunflower/src/sunflower_interfaces', 'symlink_install': True, 'test_result_base': None}
[4.618s] Level 5:colcon.colcon_core.verb:set package 'test_pkg' build argument 'cmake_args' from command line to 'None'
[4.619s] Level 5:colcon.colcon_core.verb:set package 'test_pkg' build argument 'cmake_target' from command line to 'None'
[4.619s] Level 5:colcon.colcon_core.verb:set package 'test_pkg' build argument 'cmake_target_skip_unavailable' from command line to 'False'
[4.619s] Level 5:colcon.colcon_core.verb:set package 'test_pkg' build argument 'cmake_clean_cache' from command line to 'False'
[4.619s] Level 5:colcon.colcon_core.verb:set package 'test_pkg' build argument 'cmake_clean_first' from command line to 'False'
[4.619s] Level 5:colcon.colcon_core.verb:set package 'test_pkg' build argument 'cmake_force_configure' from command line to 'False'
[4.619s] Level 5:colcon.colcon_core.verb:set package 'test_pkg' build argument 'ament_cmake_args' from command line to 'None'
[4.620s] Level 5:colcon.colcon_core.verb:set package 'test_pkg' build argument 'catkin_cmake_args' from command line to 'None'
[4.620s] Level 5:colcon.colcon_core.verb:set package 'test_pkg' build argument 'catkin_skip_building_tests' from command line to 'False'
[4.620s] DEBUG:colcon.colcon_core.verb:Building package 'test_pkg' with the following arguments: {'ament_cmake_args': None, 'build_base': '/home/pi/sunflower/build/test_pkg', 'catkin_cmake_args': None, 'catkin_skip_building_tests': False, 'cmake_args': None, 'cmake_clean_cache': False, 'cmake_clean_first': False, 'cmake_force_configure': False, 'cmake_target': None, 'cmake_target_skip_unavailable': False, 'install_base': '/home/pi/sunflower/install/test_pkg', 'merge_install': False, 'path': '/home/pi/sunflower/src/test_pkg', 'symlink_install': True, 'test_result_base': None}
[4.624s] Level 5:colcon.colcon_core.verb:set package 'tflite_pkg' build argument 'cmake_args' from command line to 'None'
[4.624s] Level 5:colcon.colcon_core.verb:set package 'tflite_pkg' build argument 'cmake_target' from command line to 'None'
[4.625s] Level 5:colcon.colcon_core.verb:set package 'tflite_pkg' build argument 'cmake_target_skip_unavailable' from command line to 'False'
[4.625s] Level 5:colcon.colcon_core.verb:set package 'tflite_pkg' build argument 'cmake_clean_cache' from command line to 'False'
[4.625s] Level 5:colcon.colcon_core.verb:set package 'tflite_pkg' build argument 'cmake_clean_first' from command line to 'False'
[4.625s] Level 5:colcon.colcon_core.verb:set package 'tflite_pkg' build argument 'cmake_force_configure' from command line to 'False'
[4.625s] Level 5:colcon.colcon_core.verb:set package 'tflite_pkg' build argument 'ament_cmake_args' from command line to 'None'
[4.625s] Level 5:colcon.colcon_core.verb:set package 'tflite_pkg' build argument 'catkin_cmake_args' from command line to 'None'
[4.626s] Level 5:colcon.colcon_core.verb:set package 'tflite_pkg' build argument 'catkin_skip_building_tests' from command line to 'False'
[4.626s] DEBUG:colcon.colcon_core.verb:Building package 'tflite_pkg' with the following arguments: {'ament_cmake_args': None, 'build_base': '/home/pi/sunflower/build/tflite_pkg', 'catkin_cmake_args': None, 'catkin_skip_building_tests': False, 'cmake_args': None, 'cmake_clean_cache': False, 'cmake_clean_first': False, 'cmake_force_configure': False, 'cmake_target': None, 'cmake_target_skip_unavailable': False, 'install_base': '/home/pi/sunflower/install/tflite_pkg', 'merge_install': False, 'path': '/home/pi/sunflower/src/tflite_pkg', 'symlink_install': True, 'test_result_base': None}
[4.628s] INFO:colcon.colcon_core.executor:Executing jobs using 'parallel' executor
[4.637s] DEBUG:colcon.colcon_parallel_executor.executor.parallel:run_until_complete
[4.639s] INFO:colcon.colcon_core.task.python.build:Building Python package in '/home/pi/sunflower/src/sf_pkg'
[4.666s] INFO:colcon.colcon_core.plugin_system:Skipping extension 'colcon_core.shell.bat': Not used on non-Windows systems
[4.667s] INFO:colcon.colcon_core.shell:Skip shell extension 'powershell' for command environment: Not usable outside of PowerShell
[4.667s] DEBUG:colcon.colcon_core.shell:Skip shell extension 'dsv' for command environment
[4.694s] INFO:colcon.colcon_core.task.python.build:Building Python package in '/home/pi/sunflower/src/stem_pkg'
[4.698s] INFO:colcon.colcon_core.shell:Skip shell extension 'powershell' for command environment: Not usable outside of PowerShell
[4.699s] DEBUG:colcon.colcon_core.shell:Skip shell extension 'dsv' for command environment
[4.727s] INFO:colcon.colcon_ros.task.ament_cmake.build:Building ROS package in '/home/pi/sunflower/src/sunflower_interfaces' with build type 'ament_cmake'
[4.729s] INFO:colcon.colcon_cmake.task.cmake.build:Building CMake package in '/home/pi/sunflower/src/sunflower_interfaces'
[4.733s] INFO:colcon.colcon_core.shell:Skip shell extension 'powershell' for command environment: Not usable outside of PowerShell
[4.734s] DEBUG:colcon.colcon_core.shell:Skip shell extension 'dsv' for command environment
[4.762s] INFO:colcon.colcon_ros.task.ament_python.build:Building ROS package in '/home/pi/sunflower/src/test_pkg' with build type 'ament_python'
[4.764s] Level 1:colcon.colcon_core.shell:create_environment_hook('test_pkg', 'ament_prefix_path')
[4.768s] INFO:colcon.colcon_core.shell:Creating environment hook '/home/pi/sunflower/install/test_pkg/share/test_pkg/hook/ament_prefix_path.ps1'
[4.773s] INFO:colcon.colcon_core.shell:Creating environment descriptor '/home/pi/sunflower/install/test_pkg/share/test_pkg/hook/ament_prefix_path.dsv'
[4.776s] INFO:colcon.colcon_core.shell:Creating environment hook '/home/pi/sunflower/install/test_pkg/share/test_pkg/hook/ament_prefix_path.sh'
[4.782s] INFO:colcon.colcon_core.shell:Skip shell extension 'powershell' for command environment: Not usable outside of PowerShell
[4.782s] DEBUG:colcon.colcon_core.shell:Skip shell extension 'dsv' for command environment
[8.429s] DEBUG:colcon.colcon_core.event_handler.log_command:Invoking command in '/home/pi/sunflower/build/sunflower_interfaces': CMAKE_PREFIX_PATH=${CMAKE_PREFIX_PATH}:/home/pi/sunflower/install/tflite_pkg:/home/pi/sunflower/install/test_pkg:/opt/ros/foxy /usr/bin/cmake --build /home/pi/sunflower/build/sunflower_interfaces -- -j4 -l4
[11.486s] INFO:colcon.colcon_core.task.python.build:Building Python package in '/home/pi/sunflower/src/test_pkg'
[11.492s] INFO:colcon.colcon_core.shell:Skip shell extension 'powershell' for command environment: Not usable outside of PowerShell
[11.494s] DEBUG:colcon.colcon_core.shell:Skip shell extension 'dsv' for command environment
[11.655s] DEBUG:colcon.colcon_core.event_handler.log_command:Invoking command in '/home/pi/sunflower/build/sf_pkg': PYTHONPATH=/home/pi/sunflower/install/sf_pkg/lib/python3.8/site-packages:${PYTHONPATH} /usr/bin/python3 setup.py develop --prefix /home/pi/sunflower/install/sf_pkg --editable --build-directory /home/pi/sunflower/build/sf_pkg/build --no-deps install_data --install-dir /home/pi/sunflower/install/sf_pkg
[12.445s] DEBUG:colcon.colcon_core.event_handler.log_command:Invoking command in '/home/pi/sunflower/build/stem_pkg': PYTHONPATH=/home/pi/sunflower/install/stem_pkg/lib/python3.8/site-packages:${PYTHONPATH} /usr/bin/python3 setup.py develop --prefix /home/pi/sunflower/install/stem_pkg --editable --build-directory /home/pi/sunflower/build/stem_pkg/build --no-deps install_data --install-dir /home/pi/sunflower/install/stem_pkg
[15.269s] DEBUG:colcon.colcon_core.event_handler.log_command:Invoking command in '/home/pi/sunflower/build/test_pkg': PYTHONPATH=/home/pi/sunflower/install/test_pkg/lib/python3.8/site-packages:${PYTHONPATH} /usr/bin/python3 setup.py develop --prefix /home/pi/sunflower/install/test_pkg --editable --build-directory /home/pi/sunflower/build/test_pkg/build --no-deps install_data --install-dir /home/pi/sunflower/install/test_pkg
[17.220s] Level 1:colcon.colcon_core.shell:create_environment_hook('sf_pkg', 'pythonpath_develop')
[17.222s] DEBUG:colcon.colcon_core.event_handler.log_command:Invoked command in '/home/pi/sunflower/build/sf_pkg' returned '0': PYTHONPATH=/home/pi/sunflower/install/sf_pkg/lib/python3.8/site-packages:${PYTHONPATH} /usr/bin/python3 setup.py develop --prefix /home/pi/sunflower/install/sf_pkg --editable --build-directory /home/pi/sunflower/build/sf_pkg/build --no-deps install_data --install-dir /home/pi/sunflower/install/sf_pkg
[17.226s] INFO:colcon.colcon_core.shell:Creating environment hook '/home/pi/sunflower/build/sf_pkg/share/sf_pkg/hook/pythonpath_develop.ps1'
[17.236s] INFO:colcon.colcon_core.shell:Creating environment descriptor '/home/pi/sunflower/build/sf_pkg/share/sf_pkg/hook/pythonpath_develop.dsv'
[17.244s] INFO:colcon.colcon_core.shell:Creating environment hook '/home/pi/sunflower/build/sf_pkg/share/sf_pkg/hook/pythonpath_develop.sh'
[17.291s] Level 1:colcon.colcon_core.environment:checking '/home/pi/sunflower/install/sf_pkg' for CMake module files
[17.295s] Level 1:colcon.colcon_core.environment:checking '/home/pi/sunflower/install/sf_pkg' for CMake config files
[17.303s] Level 1:colcon.colcon_core.environment:checking '/home/pi/sunflower/install/sf_pkg/lib'
[17.305s] Level 1:colcon.colcon_core.environment:checking '/home/pi/sunflower/install/sf_pkg/bin'
[17.308s] Level 1:colcon.colcon_core.environment:checking '/home/pi/sunflower/install/sf_pkg/lib/pkgconfig/sf_pkg.pc'
[17.317s] Level 1:colcon.colcon_core.environment:checking '/home/pi/sunflower/install/sf_pkg/lib/python3.8/site-packages'
[17.318s] Level 1:colcon.colcon_core.shell:create_environment_hook('sf_pkg', 'pythonpath')
[17.330s] INFO:colcon.colcon_core.shell:Creating environment hook '/home/pi/sunflower/install/sf_pkg/share/sf_pkg/hook/pythonpath.ps1'
[17.333s] INFO:colcon.colcon_core.shell:Creating environment descriptor '/home/pi/sunflower/install/sf_pkg/share/sf_pkg/hook/pythonpath.dsv'
[17.355s] INFO:colcon.colcon_core.shell:Creating environment hook '/home/pi/sunflower/install/sf_pkg/share/sf_pkg/hook/pythonpath.sh'
[17.361s] Level 1:colcon.colcon_core.environment:checking '/home/pi/sunflower/install/sf_pkg/bin'
[17.361s] Level 1:colcon.colcon_core.environment:create_environment_scripts_only(sf_pkg)
[17.365s] INFO:colcon.colcon_core.shell:Creating package script '/home/pi/sunflower/install/sf_pkg/share/sf_pkg/package.ps1'
[17.374s] INFO:colcon.colcon_core.shell:Creating package descriptor '/home/pi/sunflower/install/sf_pkg/share/sf_pkg/package.dsv'
[17.381s] INFO:colcon.colcon_core.shell:Creating package script '/home/pi/sunflower/install/sf_pkg/share/sf_pkg/package.sh'
[17.389s] INFO:colcon.colcon_core.shell:Creating package script '/home/pi/sunflower/install/sf_pkg/share/sf_pkg/package.bash'
[17.398s] INFO:colcon.colcon_core.shell:Creating package script '/home/pi/sunflower/install/sf_pkg/share/sf_pkg/package.zsh'
[17.406s] Level 1:colcon.colcon_core.environment:create_file_with_runtime_dependencies(/home/pi/sunflower/install/sf_pkg/share/colcon-core/packages/sf_pkg)
[17.443s] INFO:colcon.colcon_ros.task.ament_python.build:Building ROS package in '/home/pi/sunflower/src/tflite_pkg' with build type 'ament_python'
[17.451s] Level 1:colcon.colcon_core.shell:create_environment_hook('tflite_pkg', 'ament_prefix_path')
[17.459s] INFO:colcon.colcon_core.shell:Creating environment hook '/home/pi/sunflower/install/tflite_pkg/share/tflite_pkg/hook/ament_prefix_path.ps1'
[17.465s] INFO:colcon.colcon_core.shell:Creating environment descriptor '/home/pi/sunflower/install/tflite_pkg/share/tflite_pkg/hook/ament_prefix_path.dsv'
[17.470s] INFO:colcon.colcon_core.shell:Creating environment hook '/home/pi/sunflower/install/tflite_pkg/share/tflite_pkg/hook/ament_prefix_path.sh'
[17.479s] INFO:colcon.colcon_core.shell:Skip shell extension 'powershell' for command environment: Not usable outside of PowerShell
[17.480s] DEBUG:colcon.colcon_core.shell:Skip shell extension 'dsv' for command environment
[19.907s] INFO:colcon.colcon_core.task.python.build:Building Python package in '/home/pi/sunflower/src/tflite_pkg'
[19.913s] INFO:colcon.colcon_core.shell:Skip shell extension 'powershell' for command environment: Not usable outside of PowerShell
[19.913s] DEBUG:colcon.colcon_core.shell:Skip shell extension 'dsv' for command environment
[20.015s] Level 1:colcon.colcon_core.shell:create_environment_hook('stem_pkg', 'pythonpath_develop')
[20.019s] DEBUG:colcon.colcon_core.event_handler.log_command:Invoked command in '/home/pi/sunflower/build/stem_pkg' returned '0': PYTHONPATH=/home/pi/sunflower/install/stem_pkg/lib/python3.8/site-packages:${PYTHONPATH} /usr/bin/python3 setup.py develop --prefix /home/pi/sunflower/install/stem_pkg --editable --build-directory /home/pi/sunflower/build/stem_pkg/build --no-deps install_data --install-dir /home/pi/sunflower/install/stem_pkg
[20.033s] INFO:colcon.colcon_core.shell:Creating environment hook '/home/pi/sunflower/build/stem_pkg/share/stem_pkg/hook/pythonpath_develop.ps1'
[20.037s] INFO:colcon.colcon_core.shell:Creating environment descriptor '/home/pi/sunflower/build/stem_pkg/share/stem_pkg/hook/pythonpath_develop.dsv'
[20.050s] INFO:colcon.colcon_core.shell:Creating environment hook '/home/pi/sunflower/build/stem_pkg/share/stem_pkg/hook/pythonpath_develop.sh'
[20.062s] Level 1:colcon.colcon_core.environment:checking '/home/pi/sunflower/install/stem_pkg' for CMake module files
[20.066s] Level 1:colcon.colcon_core.environment:checking '/home/pi/sunflower/install/stem_pkg' for CMake config files
[20.071s] Level 1:colcon.colcon_core.environment:checking '/home/pi/sunflower/install/stem_pkg/lib'
[20.072s] Level 1:colcon.colcon_core.environment:checking '/home/pi/sunflower/install/stem_pkg/bin'
[20.072s] Level 1:colcon.colcon_core.environment:checking '/home/pi/sunflower/install/stem_pkg/lib/pkgconfig/stem_pkg.pc'
[20.074s] Level 1:colcon.colcon_core.environment:checking '/home/pi/sunflower/install/stem_pkg/lib/python3.8/site-packages'
[20.075s] Level 1:colcon.colcon_core.shell:create_environment_hook('stem_pkg', 'pythonpath')
[20.078s] INFO:colcon.colcon_core.shell:Creating environment hook '/home/pi/sunflower/install/stem_pkg/share/stem_pkg/hook/pythonpath.ps1'
[20.081s] INFO:colcon.colcon_core.shell:Creating environment descriptor '/home/pi/sunflower/install/stem_pkg/share/stem_pkg/hook/pythonpath.dsv'
[20.084s] INFO:colcon.colcon_core.shell:Creating environment hook '/home/pi/sunflower/install/stem_pkg/share/stem_pkg/hook/pythonpath.sh'
[20.088s] Level 1:colcon.colcon_core.environment:checking '/home/pi/sunflower/install/stem_pkg/bin'
[20.089s] Level 1:colcon.colcon_core.environment:create_environment_scripts_only(stem_pkg)
[20.094s] INFO:colcon.colcon_core.shell:Creating package script '/home/pi/sunflower/install/stem_pkg/share/stem_pkg/package.ps1'
[20.099s] INFO:colcon.colcon_core.shell:Creating package descriptor '/home/pi/sunflower/install/stem_pkg/share/stem_pkg/package.dsv'
[20.104s] INFO:colcon.colcon_core.shell:Creating package script '/home/pi/sunflower/install/stem_pkg/share/stem_pkg/package.sh'
[20.109s] INFO:colcon.colcon_core.shell:Creating package script '/home/pi/sunflower/install/stem_pkg/share/stem_pkg/package.bash'
[20.115s] INFO:colcon.colcon_core.shell:Creating package script '/home/pi/sunflower/install/stem_pkg/share/stem_pkg/package.zsh'
[20.119s] Level 1:colcon.colcon_core.environment:create_file_with_runtime_dependencies(/home/pi/sunflower/install/stem_pkg/share/colcon-core/packages/stem_pkg)
[20.167s] Level 1:colcon.colcon_core.shell:create_environment_hook('test_pkg', 'pythonpath_develop')
[20.171s] INFO:colcon.colcon_core.shell:Creating environment hook '/home/pi/sunflower/build/test_pkg/share/test_pkg/hook/pythonpath_develop.ps1'
[20.173s] DEBUG:colcon.colcon_core.event_handler.log_command:Invoked command in '/home/pi/sunflower/build/test_pkg' returned '0': PYTHONPATH=/home/pi/sunflower/install/test_pkg/lib/python3.8/site-packages:${PYTHONPATH} /usr/bin/python3 setup.py develop --prefix /home/pi/sunflower/install/test_pkg --editable --build-directory /home/pi/sunflower/build/test_pkg/build --no-deps install_data --install-dir /home/pi/sunflower/install/test_pkg
[20.186s] INFO:colcon.colcon_core.shell:Creating environment descriptor '/home/pi/sunflower/build/test_pkg/share/test_pkg/hook/pythonpath_develop.dsv'
[20.189s] INFO:colcon.colcon_core.shell:Creating environment hook '/home/pi/sunflower/build/test_pkg/share/test_pkg/hook/pythonpath_develop.sh'
[20.197s] Level 1:colcon.colcon_core.environment:checking '/home/pi/sunflower/install/test_pkg' for CMake module files
[20.200s] Level 1:colcon.colcon_core.environment:checking '/home/pi/sunflower/install/test_pkg' for CMake config files
[20.216s] Level 1:colcon.colcon_core.environment:checking '/home/pi/sunflower/install/test_pkg/lib'
[20.223s] Level 1:colcon.colcon_core.environment:checking '/home/pi/sunflower/install/test_pkg/bin'
[20.224s] Level 1:colcon.colcon_core.environment:checking '/home/pi/sunflower/install/test_pkg/lib/pkgconfig/test_pkg.pc'
[20.226s] Level 1:colcon.colcon_core.environment:checking '/home/pi/sunflower/install/test_pkg/lib/python3.8/site-packages'
[20.227s] Level 1:colcon.colcon_core.shell:create_environment_hook('test_pkg', 'pythonpath')
[20.249s] INFO:colcon.colcon_core.shell:Creating environment hook '/home/pi/sunflower/install/test_pkg/share/test_pkg/hook/pythonpath.ps1'
[20.255s] INFO:colcon.colcon_core.shell:Creating environment descriptor '/home/pi/sunflower/install/test_pkg/share/test_pkg/hook/pythonpath.dsv'
[20.264s] INFO:colcon.colcon_core.shell:Creating environment hook '/home/pi/sunflower/install/test_pkg/share/test_pkg/hook/pythonpath.sh'
[20.272s] Level 1:colcon.colcon_core.environment:checking '/home/pi/sunflower/install/test_pkg/bin'
[20.273s] Level 1:colcon.colcon_core.environment:create_environment_scripts_only(test_pkg)
[20.282s] INFO:colcon.colcon_core.shell:Creating package script '/home/pi/sunflower/install/test_pkg/share/test_pkg/package.ps1'
[20.287s] INFO:colcon.colcon_core.shell:Creating package descriptor '/home/pi/sunflower/install/test_pkg/share/test_pkg/package.dsv'
[20.294s] INFO:colcon.colcon_core.shell:Creating package script '/home/pi/sunflower/install/test_pkg/share/test_pkg/package.sh'
[20.298s] INFO:colcon.colcon_core.shell:Creating package script '/home/pi/sunflower/install/test_pkg/share/test_pkg/package.bash'
[20.301s] INFO:colcon.colcon_core.shell:Creating package script '/home/pi/sunflower/install/test_pkg/share/test_pkg/package.zsh'
[20.304s] Level 1:colcon.colcon_core.environment:create_file_with_runtime_dependencies(/home/pi/sunflower/install/test_pkg/share/colcon-core/packages/test_pkg)
[24.761s] DEBUG:colcon.colcon_core.event_handler.log_command:Invoking command in '/home/pi/sunflower/build/tflite_pkg': PYTHONPATH=/home/pi/sunflower/install/tflite_pkg/lib/python3.8/site-packages:${PYTHONPATH} /usr/bin/python3 setup.py develop --prefix /home/pi/sunflower/install/tflite_pkg --editable --build-directory /home/pi/sunflower/build/tflite_pkg/build --no-deps install_data --install-dir /home/pi/sunflower/install/tflite_pkg
[31.520s] Level 1:colcon.colcon_core.shell:create_environment_hook('tflite_pkg', 'pythonpath_develop')
[31.524s] INFO:colcon.colcon_core.shell:Creating environment hook '/home/pi/sunflower/build/tflite_pkg/share/tflite_pkg/hook/pythonpath_develop.ps1'
[31.528s] DEBUG:colcon.colcon_core.event_handler.log_command:Invoked command in '/home/pi/sunflower/build/tflite_pkg' returned '0': PYTHONPATH=/home/pi/sunflower/install/tflite_pkg/lib/python3.8/site-packages:${PYTHONPATH} /usr/bin/python3 setup.py develop --prefix /home/pi/sunflower/install/tflite_pkg --editable --build-directory /home/pi/sunflower/build/tflite_pkg/build --no-deps install_data --install-dir /home/pi/sunflower/install/tflite_pkg
[31.530s] INFO:colcon.colcon_core.shell:Creating environment descriptor '/home/pi/sunflower/build/tflite_pkg/share/tflite_pkg/hook/pythonpath_develop.dsv'
[31.534s] INFO:colcon.colcon_core.shell:Creating environment hook '/home/pi/sunflower/build/tflite_pkg/share/tflite_pkg/hook/pythonpath_develop.sh'
[31.543s] Level 1:colcon.colcon_core.environment:checking '/home/pi/sunflower/install/tflite_pkg' for CMake module files
[31.548s] Level 1:colcon.colcon_core.environment:checking '/home/pi/sunflower/install/tflite_pkg' for CMake config files
[31.552s] Level 1:colcon.colcon_core.environment:checking '/home/pi/sunflower/install/tflite_pkg/lib'
[31.553s] Level 1:colcon.colcon_core.environment:checking '/home/pi/sunflower/install/tflite_pkg/bin'
[31.553s] Level 1:colcon.colcon_core.environment:checking '/home/pi/sunflower/install/tflite_pkg/lib/pkgconfig/tflite_pkg.pc'
[31.556s] Level 1:colcon.colcon_core.environment:checking '/home/pi/sunflower/install/tflite_pkg/lib/python3.8/site-packages'
[31.557s] Level 1:colcon.colcon_core.shell:create_environment_hook('tflite_pkg', 'pythonpath')
[31.560s] INFO:colcon.colcon_core.shell:Creating environment hook '/home/pi/sunflower/install/tflite_pkg/share/tflite_pkg/hook/pythonpath.ps1'
[31.563s] INFO:colcon.colcon_core.shell:Creating environment descriptor '/home/pi/sunflower/install/tflite_pkg/share/tflite_pkg/hook/pythonpath.dsv'
[31.566s] INFO:colcon.colcon_core.shell:Creating environment hook '/home/pi/sunflower/install/tflite_pkg/share/tflite_pkg/hook/pythonpath.sh'
[31.570s] Level 1:colcon.colcon_core.environment:checking '/home/pi/sunflower/install/tflite_pkg/bin'
[31.571s] Level 1:colcon.colcon_core.environment:create_environment_scripts_only(tflite_pkg)
[31.575s] INFO:colcon.colcon_core.shell:Creating package script '/home/pi/sunflower/install/tflite_pkg/share/tflite_pkg/package.ps1'
[31.580s] INFO:colcon.colcon_core.shell:Creating package descriptor '/home/pi/sunflower/install/tflite_pkg/share/tflite_pkg/package.dsv'
[31.584s] INFO:colcon.colcon_core.shell:Creating package script '/home/pi/sunflower/install/tflite_pkg/share/tflite_pkg/package.sh'
[31.587s] INFO:colcon.colcon_core.shell:Creating package script '/home/pi/sunflower/install/tflite_pkg/share/tflite_pkg/package.bash'
[31.590s] INFO:colcon.colcon_core.shell:Creating package script '/home/pi/sunflower/install/tflite_pkg/share/tflite_pkg/package.zsh'
[31.592s] Level 1:colcon.colcon_core.environment:create_file_with_runtime_dependencies(/home/pi/sunflower/install/tflite_pkg/share/colcon-core/packages/tflite_pkg)
[40.823s] DEBUG:colcon.colcon_core.event_handler.log_command:Invoked command in '/home/pi/sunflower/build/sunflower_interfaces' returned '0': CMAKE_PREFIX_PATH=${CMAKE_PREFIX_PATH}:/home/pi/sunflower/install/tflite_pkg:/home/pi/sunflower/install/test_pkg:/opt/ros/foxy /usr/bin/cmake --build /home/pi/sunflower/build/sunflower_interfaces -- -j4 -l4
[41.238s] DEBUG:colcon.colcon_core.event_handler.log_command:Invoking command in '/home/pi/sunflower/build/sunflower_interfaces': CMAKE_PREFIX_PATH=${CMAKE_PREFIX_PATH}:/home/pi/sunflower/install/tflite_pkg:/home/pi/sunflower/install/test_pkg:/opt/ros/foxy /usr/bin/cmake --install /home/pi/sunflower/build/sunflower_interfaces
[41.790s] Level 1:colcon.colcon_core.environment:create_environment_scripts_only(sunflower_interfaces)
[41.795s] Level 1:colcon.colcon_core.environment:checking '/home/pi/sunflower/install/sunflower_interfaces' for CMake module files
[41.797s] DEBUG:colcon.colcon_core.event_handler.log_command:Invoked command in '/home/pi/sunflower/build/sunflower_interfaces' returned '0': CMAKE_PREFIX_PATH=${CMAKE_PREFIX_PATH}:/home/pi/sunflower/install/tflite_pkg:/home/pi/sunflower/install/test_pkg:/opt/ros/foxy /usr/bin/cmake --install /home/pi/sunflower/build/sunflower_interfaces
[41.800s] Level 1:colcon.colcon_core.environment:checking '/home/pi/sunflower/install/sunflower_interfaces' for CMake config files
[41.804s] Level 1:colcon.colcon_core.shell:create_environment_hook('sunflower_interfaces', 'cmake_prefix_path')
[41.807s] INFO:colcon.colcon_core.shell:Creating environment hook '/home/pi/sunflower/install/sunflower_interfaces/share/sunflower_interfaces/hook/cmake_prefix_path.ps1'
[41.810s] INFO:colcon.colcon_core.shell:Creating environment descriptor '/home/pi/sunflower/install/sunflower_interfaces/share/sunflower_interfaces/hook/cmake_prefix_path.dsv'
[41.812s] INFO:colcon.colcon_core.shell:Creating environment hook '/home/pi/sunflower/install/sunflower_interfaces/share/sunflower_interfaces/hook/cmake_prefix_path.sh'
[41.815s] Level 1:colcon.colcon_core.environment:checking '/home/pi/sunflower/install/sunflower_interfaces/lib'
[41.816s] Level 1:colcon.colcon_core.shell:create_environment_hook('sunflower_interfaces', 'ld_library_path_lib')
[41.818s] INFO:colcon.colcon_core.shell:Creating environment hook '/home/pi/sunflower/install/sunflower_interfaces/share/sunflower_interfaces/hook/ld_library_path_lib.ps1'
[41.821s] INFO:colcon.colcon_core.shell:Creating environment descriptor '/home/pi/sunflower/install/sunflower_interfaces/share/sunflower_interfaces/hook/ld_library_path_lib.dsv'
[41.823s] INFO:colcon.colcon_core.shell:Creating environment hook '/home/pi/sunflower/install/sunflower_interfaces/share/sunflower_interfaces/hook/ld_library_path_lib.sh'
[41.826s] Level 1:colcon.colcon_core.environment:checking '/home/pi/sunflower/install/sunflower_interfaces/bin'
[41.826s] Level 1:colcon.colcon_core.environment:checking '/home/pi/sunflower/install/sunflower_interfaces/lib/pkgconfig/sunflower_interfaces.pc'
[41.827s] Level 1:colcon.colcon_core.environment:checking '/home/pi/sunflower/install/sunflower_interfaces/lib/python3.8/site-packages'
[41.828s] Level 1:colcon.colcon_core.shell:create_environment_hook('sunflower_interfaces', 'pythonpath')
[41.830s] INFO:colcon.colcon_core.shell:Creating environment hook '/home/pi/sunflower/install/sunflower_interfaces/share/sunflower_interfaces/hook/pythonpath.ps1'
[41.833s] INFO:colcon.colcon_core.shell:Creating environment descriptor '/home/pi/sunflower/install/sunflower_interfaces/share/sunflower_interfaces/hook/pythonpath.dsv'
[41.835s] INFO:colcon.colcon_core.shell:Creating environment hook '/home/pi/sunflower/install/sunflower_interfaces/share/sunflower_interfaces/hook/pythonpath.sh'
[41.838s] Level 1:colcon.colcon_core.environment:checking '/home/pi/sunflower/install/sunflower_interfaces/bin'
[41.841s] INFO:colcon.colcon_core.shell:Creating package script '/home/pi/sunflower/install/sunflower_interfaces/share/sunflower_interfaces/package.ps1'
[41.844s] INFO:colcon.colcon_core.shell:Creating package descriptor '/home/pi/sunflower/install/sunflower_interfaces/share/sunflower_interfaces/package.dsv'
[41.847s] INFO:colcon.colcon_core.shell:Creating package script '/home/pi/sunflower/install/sunflower_interfaces/share/sunflower_interfaces/package.sh'
[41.850s] INFO:colcon.colcon_core.shell:Creating package script '/home/pi/sunflower/install/sunflower_interfaces/share/sunflower_interfaces/package.bash'
[41.853s] INFO:colcon.colcon_core.shell:Creating package script '/home/pi/sunflower/install/sunflower_interfaces/share/sunflower_interfaces/package.zsh'
[41.855s] Level 1:colcon.colcon_core.environment:create_file_with_runtime_dependencies(/home/pi/sunflower/install/sunflower_interfaces/share/colcon-core/packages/sunflower_interfaces)
[42.459s] Level 1:colcon.colcon_core.environment:create_environment_scripts_only(sunflower_interfaces)
[42.465s] Level 1:colcon.colcon_core.environment:checking '/home/pi/sunflower/install/sunflower_interfaces' for CMake module files
[42.470s] Level 1:colcon.colcon_core.environment:checking '/home/pi/sunflower/install/sunflower_interfaces' for CMake config files
[42.476s] Level 1:colcon.colcon_core.shell:create_environment_hook('sunflower_interfaces', 'cmake_prefix_path')
[42.480s] INFO:colcon.colcon_core.shell:Creating environment hook '/home/pi/sunflower/install/sunflower_interfaces/share/sunflower_interfaces/hook/cmake_prefix_path.ps1'
[42.483s] INFO:colcon.colcon_core.shell:Creating environment descriptor '/home/pi/sunflower/install/sunflower_interfaces/share/sunflower_interfaces/hook/cmake_prefix_path.dsv'
[42.487s] INFO:colcon.colcon_core.shell:Creating environment hook '/home/pi/sunflower/install/sunflower_interfaces/share/sunflower_interfaces/hook/cmake_prefix_path.sh'
[42.491s] Level 1:colcon.colcon_core.environment:checking '/home/pi/sunflower/install/sunflower_interfaces/lib'
[42.493s] Level 1:colcon.colcon_core.shell:create_environment_hook('sunflower_interfaces', 'ld_library_path_lib')
[42.496s] INFO:colcon.colcon_core.shell:Creating environment hook '/home/pi/sunflower/install/sunflower_interfaces/share/sunflower_interfaces/hook/ld_library_path_lib.ps1'
[42.501s] INFO:colcon.colcon_core.shell:Creating environment descriptor '/home/pi/sunflower/install/sunflower_interfaces/share/sunflower_interfaces/hook/ld_library_path_lib.dsv'
[42.504s] INFO:colcon.colcon_core.shell:Creating environment hook '/home/pi/sunflower/install/sunflower_interfaces/share/sunflower_interfaces/hook/ld_library_path_lib.sh'
[42.508s] Level 1:colcon.colcon_core.environment:checking '/home/pi/sunflower/install/sunflower_interfaces/bin'
[42.509s] Level 1:colcon.colcon_core.environment:checking '/home/pi/sunflower/install/sunflower_interfaces/lib/pkgconfig/sunflower_interfaces.pc'
[42.510s] Level 1:colcon.colcon_core.environment:checking '/home/pi/sunflower/install/sunflower_interfaces/lib/python3.8/site-packages'
[42.511s] Level 1:colcon.colcon_core.shell:create_environment_hook('sunflower_interfaces', 'pythonpath')
[42.514s] INFO:colcon.colcon_core.shell:Creating environment hook '/home/pi/sunflower/install/sunflower_interfaces/share/sunflower_interfaces/hook/pythonpath.ps1'
[42.517s] INFO:colcon.colcon_core.shell:Creating environment descriptor '/home/pi/sunflower/install/sunflower_interfaces/share/sunflower_interfaces/hook/pythonpath.dsv'
[42.520s] INFO:colcon.colcon_core.shell:Creating environment hook '/home/pi/sunflower/install/sunflower_interfaces/share/sunflower_interfaces/hook/pythonpath.sh'
[42.523s] Level 1:colcon.colcon_core.environment:checking '/home/pi/sunflower/install/sunflower_interfaces/bin'
[42.526s] INFO:colcon.colcon_core.shell:Creating package script '/home/pi/sunflower/install/sunflower_interfaces/share/sunflower_interfaces/package.ps1'
[42.530s] INFO:colcon.colcon_core.shell:Creating package descriptor '/home/pi/sunflower/install/sunflower_interfaces/share/sunflower_interfaces/package.dsv'
[42.534s] INFO:colcon.colcon_core.shell:Creating package script '/home/pi/sunflower/install/sunflower_interfaces/share/sunflower_interfaces/package.sh'
[42.538s] INFO:colcon.colcon_core.shell:Creating package script '/home/pi/sunflower/install/sunflower_interfaces/share/sunflower_interfaces/package.bash'
[42.541s] INFO:colcon.colcon_core.shell:Creating package script '/home/pi/sunflower/install/sunflower_interfaces/share/sunflower_interfaces/package.zsh'
[42.544s] Level 1:colcon.colcon_core.environment:create_file_with_runtime_dependencies(/home/pi/sunflower/install/sunflower_interfaces/share/colcon-core/packages/sunflower_interfaces)
[42.546s] DEBUG:colcon.colcon_parallel_executor.executor.parallel:closing loop
[42.548s] DEBUG:colcon.colcon_parallel_executor.executor.parallel:loop closed
[42.549s] DEBUG:colcon.colcon_parallel_executor.executor.parallel:run_until_complete finished with '0'
[42.551s] DEBUG:colcon.colcon_core.event_reactor:joining thread
[42.589s] INFO:colcon.colcon_core.plugin_system:Skipping extension 'colcon_notification.desktop_notification.terminal_notifier': Not used on non-Darwin systems
[42.590s] INFO:colcon.colcon_core.plugin_system:Skipping extension 'colcon_notification.desktop_notification.win32': Not used on non-Windows systems
[42.590s] INFO:colcon.colcon_notification.desktop_notification:Sending desktop notification using 'notify2'
[42.673s] DEBUG:colcon.colcon_core.event_reactor:joined thread
[42.677s] INFO:colcon.colcon_core.shell:Creating prefix script '/home/pi/sunflower/install/local_setup.ps1'
[42.693s] INFO:colcon.colcon_core.shell:Creating prefix util module '/home/pi/sunflower/install/_local_setup_util_ps1.py'
[42.701s] INFO:colcon.colcon_core.shell:Creating prefix chain script '/home/pi/sunflower/install/setup.ps1'
[42.712s] INFO:colcon.colcon_core.shell:Creating prefix script '/home/pi/sunflower/install/local_setup.sh'
[42.716s] INFO:colcon.colcon_core.shell:Creating prefix util module '/home/pi/sunflower/install/_local_setup_util_sh.py'
[42.735s] INFO:colcon.colcon_core.shell:Creating prefix chain script '/home/pi/sunflower/install/setup.sh'
[42.746s] INFO:colcon.colcon_core.shell:Creating prefix script '/home/pi/sunflower/install/local_setup.bash'
[42.760s] INFO:colcon.colcon_core.shell:Creating prefix chain script '/home/pi/sunflower/install/setup.bash'
[42.773s] INFO:colcon.colcon_core.shell:Creating prefix script '/home/pi/sunflower/install/local_setup.zsh'
[42.777s] INFO:colcon.colcon_core.shell:Creating prefix chain script '/home/pi/sunflower/install/setup.zsh'
