[7.867s] Invoking command in '/home/pi/sunflower/build/stem_pkg': PYTHONPATH=/home/pi/sunflower/install/stem_pkg/lib/python3.8/site-packages:${PYTHONPATH} /usr/bin/python3 setup.py develop --prefix /home/pi/sunflower/install/stem_pkg --editable --build-directory /home/pi/sunflower/build/stem_pkg/build --no-deps install_data --install-dir /home/pi/sunflower/install/stem_pkg
[10.687s] running develop
[12.759s] running egg_info
[12.760s] writing stem_pkg.egg-info/PKG-INFO
[12.772s] writing dependency_links to stem_pkg.egg-info/dependency_links.txt
[12.772s] writing entry points to stem_pkg.egg-info/entry_points.txt
[12.773s] writing requirements to stem_pkg.egg-info/requires.txt
[12.774s] writing top-level names to stem_pkg.egg-info/top_level.txt
[13.095s] reading manifest file 'stem_pkg.egg-info/SOURCES.txt'
[13.113s] writing manifest file 'stem_pkg.egg-info/SOURCES.txt'
[13.456s] running build_ext
[13.468s] Creating /home/pi/sunflower/install/stem_pkg/lib/python3.8/site-packages/stem-pkg.egg-link (link to .)
[13.474s] Installing calculator script to /home/pi/sunflower/install/stem_pkg/lib/stem_pkg
[13.477s] Installing cmd_selector script to /home/pi/sunflower/install/stem_pkg/lib/stem_pkg
[13.479s] Installing serial_talker script to /home/pi/sunflower/install/stem_pkg/lib/stem_pkg
[13.481s] Installing tensor script to /home/pi/sunflower/install/stem_pkg/lib/stem_pkg
[13.483s] Installing tensor_publisher script to /home/pi/sunflower/install/stem_pkg/lib/stem_pkg
[13.485s] 
[13.486s] Installed /home/pi/sunflower/build/stem_pkg
[13.487s] running install_data
[14.565s] Invoked command in '/home/pi/sunflower/build/stem_pkg' returned '0': PYTHONPATH=/home/pi/sunflower/install/stem_pkg/lib/python3.8/site-packages:${PYTHONPATH} /usr/bin/python3 setup.py develop --prefix /home/pi/sunflower/install/stem_pkg --editable --build-directory /home/pi/sunflower/build/stem_pkg/build --no-deps install_data --install-dir /home/pi/sunflower/install/stem_pkg
