[0.876s] DEBUG:colcon:Command line arguments: ['/usr/bin/colcon', 'build', '--symlink-install', '--packages-up-to', 'stem_pkg']
[0.876s] DEBUG:colcon:Parsed command line arguments: Namespace(allow_overriding=[], ament_cmake_args=None, base_paths=['.'], build_base='build', catkin_cmake_args=None, catkin_skip_building_tests=False, cmake_args=None, cmake_clean_cache=False, cmake_clean_first=False, cmake_force_configure=False, cmake_target=None, cmake_target_skip_unavailable=False, continue_on_error=False, event_handlers=None, executor='parallel', ignore_user_meta=False, install_base='install', log_base=None, log_level=None, main=<bound method BuildVerb.main of <colcon_core.verb.build.BuildVerb object at 0xffff85abb820>>, merge_install=False, metas=['./colcon.meta'], packages_above=None, packages_above_and_dependencies=None, packages_above_depth=None, packages_end=None, packages_ignore=None, packages_ignore_regex=None, packages_select=None, packages_select_build_failed=False, packages_select_by_dep=None, packages_select_regex=None, packages_select_test_failures=False, packages_skip=None, packages_skip_build_finished=False, packages_skip_by_dep=None, packages_skip_regex=None, packages_skip_test_passed=False, packages_skip_up_to=None, packages_start=None, packages_up_to=['stem_pkg'], packages_up_to_regex=None, parallel_workers=4, paths=None, symlink_install=True, test_result_base=None, verb_extension=<colcon_core.verb.build.BuildVerb object at 0xffff85abb820>, verb_name='build', verb_parser=<colcon_defaults.argument_parser.defaults.DefaultArgumentsDecorator object at 0xffff85abbd90>)
[1.012s] Level 1:colcon.colcon_core.package_discovery:discover_packages(colcon_meta) check parameters
[1.013s] Level 1:colcon.colcon_core.package_discovery:discover_packages(recursive) check parameters
[1.013s] Level 1:colcon.colcon_core.package_discovery:discover_packages(ignore) check parameters
[1.013s] Level 1:colcon.colcon_core.package_discovery:discover_packages(path) check parameters
[1.014s] Level 1:colcon.colcon_core.package_discovery:discover_packages(colcon_meta) discover
[1.014s] Level 1:colcon.colcon_core.package_discovery:discover_packages(recursive) discover
[1.015s] INFO:colcon.colcon_core.package_discovery:Crawling recursively for packages in '/home/pi/sunflower'
[1.016s] Level 1:colcon.colcon_core.package_identification:_identify(.) by extensions ['ignore', 'ignore_ament_install']
[1.016s] Level 1:colcon.colcon_core.package_identification:_identify(.) by extension 'ignore'
[1.016s] Level 1:colcon.colcon_core.package_identification:_identify(.) by extension 'ignore_ament_install'
[1.017s] Level 1:colcon.colcon_core.package_identification:_identify(.) by extensions ['colcon_pkg']
[1.017s] Level 1:colcon.colcon_core.package_identification:_identify(.) by extension 'colcon_pkg'
[1.017s] Level 1:colcon.colcon_core.package_identification:_identify(.) by extensions ['colcon_meta']
[1.017s] Level 1:colcon.colcon_core.package_identification:_identify(.) by extension 'colcon_meta'
[1.017s] Level 1:colcon.colcon_core.package_identification:_identify(.) by extensions ['ros']
[1.017s] Level 1:colcon.colcon_core.package_identification:_identify(.) by extension 'ros'
[1.066s] Level 1:colcon.colcon_core.package_identification:_identify(.) by extensions ['cmake', 'python']
[1.067s] Level 1:colcon.colcon_core.package_identification:_identify(.) by extension 'cmake'
[1.067s] Level 1:colcon.colcon_core.package_identification:_identify(.) by extension 'python'
[1.067s] Level 1:colcon.colcon_core.package_identification:_identify(.) by extensions ['python_setup_py']
[1.067s] Level 1:colcon.colcon_core.package_identification:_identify(.) by extension 'python_setup_py'
[1.070s] Level 1:colcon.colcon_core.package_identification:_identify(__pycache__) by extensions ['ignore', 'ignore_ament_install']
[1.071s] Level 1:colcon.colcon_core.package_identification:_identify(__pycache__) by extension 'ignore'
[1.071s] Level 1:colcon.colcon_core.package_identification:_identify(__pycache__) by extension 'ignore_ament_install'
[1.071s] Level 1:colcon.colcon_core.package_identification:_identify(__pycache__) by extensions ['colcon_pkg']
[1.072s] Level 1:colcon.colcon_core.package_identification:_identify(__pycache__) by extension 'colcon_pkg'
[1.072s] Level 1:colcon.colcon_core.package_identification:_identify(__pycache__) by extensions ['colcon_meta']
[1.072s] Level 1:colcon.colcon_core.package_identification:_identify(__pycache__) by extension 'colcon_meta'
[1.072s] Level 1:colcon.colcon_core.package_identification:_identify(__pycache__) by extensions ['ros']
[1.072s] Level 1:colcon.colcon_core.package_identification:_identify(__pycache__) by extension 'ros'
[1.073s] Level 1:colcon.colcon_core.package_identification:_identify(__pycache__) by extensions ['cmake', 'python']
[1.073s] Level 1:colcon.colcon_core.package_identification:_identify(__pycache__) by extension 'cmake'
[1.073s] Level 1:colcon.colcon_core.package_identification:_identify(__pycache__) by extension 'python'
[1.073s] Level 1:colcon.colcon_core.package_identification:_identify(__pycache__) by extensions ['python_setup_py']
[1.074s] Level 1:colcon.colcon_core.package_identification:_identify(__pycache__) by extension 'python_setup_py'
[1.074s] Level 1:colcon.colcon_core.package_identification:_identify(build) by extensions ['ignore', 'ignore_ament_install']
[1.074s] Level 1:colcon.colcon_core.package_identification:_identify(build) by extension 'ignore'
[1.075s] Level 1:colcon.colcon_core.package_identification:_identify(build) ignored
[1.075s] Level 1:colcon.colcon_core.package_identification:_identify(install) by extensions ['ignore', 'ignore_ament_install']
[1.076s] Level 1:colcon.colcon_core.package_identification:_identify(install) by extension 'ignore'
[1.076s] Level 1:colcon.colcon_core.package_identification:_identify(install) ignored
[1.076s] Level 1:colcon.colcon_core.package_identification:_identify(log) by extensions ['ignore', 'ignore_ament_install']
[1.077s] Level 1:colcon.colcon_core.package_identification:_identify(log) by extension 'ignore'
[1.077s] Level 1:colcon.colcon_core.package_identification:_identify(log) ignored
[1.077s] Level 1:colcon.colcon_core.package_identification:_identify(src) by extensions ['ignore', 'ignore_ament_install']
[1.078s] Level 1:colcon.colcon_core.package_identification:_identify(src) by extension 'ignore'
[1.078s] Level 1:colcon.colcon_core.package_identification:_identify(src) by extension 'ignore_ament_install'
[1.078s] Level 1:colcon.colcon_core.package_identification:_identify(src) by extensions ['colcon_pkg']
[1.078s] Level 1:colcon.colcon_core.package_identification:_identify(src) by extension 'colcon_pkg'
[1.079s] Level 1:colcon.colcon_core.package_identification:_identify(src) by extensions ['colcon_meta']
[1.079s] Level 1:colcon.colcon_core.package_identification:_identify(src) by extension 'colcon_meta'
[1.079s] Level 1:colcon.colcon_core.package_identification:_identify(src) by extensions ['ros']
[1.079s] Level 1:colcon.colcon_core.package_identification:_identify(src) by extension 'ros'
[1.080s] Level 1:colcon.colcon_core.package_identification:_identify(src) by extensions ['cmake', 'python']
[1.080s] Level 1:colcon.colcon_core.package_identification:_identify(src) by extension 'cmake'
[1.080s] Level 1:colcon.colcon_core.package_identification:_identify(src) by extension 'python'
[1.080s] Level 1:colcon.colcon_core.package_identification:_identify(src) by extensions ['python_setup_py']
[1.080s] Level 1:colcon.colcon_core.package_identification:_identify(src) by extension 'python_setup_py'
[1.081s] Level 1:colcon.colcon_core.package_identification:_identify(src/stem_pkg) by extensions ['ignore', 'ignore_ament_install']
[1.081s] Level 1:colcon.colcon_core.package_identification:_identify(src/stem_pkg) by extension 'ignore'
[1.082s] Level 1:colcon.colcon_core.package_identification:_identify(src/stem_pkg) by extension 'ignore_ament_install'
[1.082s] Level 1:colcon.colcon_core.package_identification:_identify(src/stem_pkg) by extensions ['colcon_pkg']
[1.082s] Level 1:colcon.colcon_core.package_identification:_identify(src/stem_pkg) by extension 'colcon_pkg'
[1.082s] Level 1:colcon.colcon_core.package_identification:_identify(src/stem_pkg) by extensions ['colcon_meta']
[1.082s] Level 1:colcon.colcon_core.package_identification:_identify(src/stem_pkg) by extension 'colcon_meta'
[1.083s] Level 1:colcon.colcon_core.package_identification:_identify(src/stem_pkg) by extensions ['ros']
[1.083s] Level 1:colcon.colcon_core.package_identification:_identify(src/stem_pkg) by extension 'ros'
[1.087s] DEBUG:colcon.colcon_core.package_identification:Failed to parse potential ROS package manifest in'src/stem_pkg': Error(s) in package 'src/stem_pkg/package.xml':
The manifest contains invalid XML:
mismatched tag: line 22, column 2
[1.087s] Level 1:colcon.colcon_core.package_identification:_identify(src/stem_pkg) by extensions ['cmake', 'python']
[1.087s] Level 1:colcon.colcon_core.package_identification:_identify(src/stem_pkg) by extension 'cmake'
[1.087s] Level 1:colcon.colcon_core.package_identification:_identify(src/stem_pkg) by extension 'python'
[1.088s] DEBUG:colcon.colcon_core.package_identification:Python package in 'src/stem_pkg' passes arguments to the setup() function which requires a different identification extension than 'python'
[1.088s] Level 1:colcon.colcon_core.package_identification:_identify(src/stem_pkg) by extensions ['python_setup_py']
[1.088s] Level 1:colcon.colcon_core.package_identification:_identify(src/stem_pkg) by extension 'python_setup_py'
[2.258s] DEBUG:colcon.colcon_core.package_identification:Package 'src/stem_pkg' with type 'python' and name 'stem_pkg'
[2.259s] Level 1:colcon.colcon_core.package_identification:_identify(src/sunflower_interfaces) by extensions ['ignore', 'ignore_ament_install']
[2.259s] Level 1:colcon.colcon_core.package_identification:_identify(src/sunflower_interfaces) by extension 'ignore'
[2.259s] Level 1:colcon.colcon_core.package_identification:_identify(src/sunflower_interfaces) by extension 'ignore_ament_install'
[2.260s] Level 1:colcon.colcon_core.package_identification:_identify(src/sunflower_interfaces) by extensions ['colcon_pkg']
[2.260s] Level 1:colcon.colcon_core.package_identification:_identify(src/sunflower_interfaces) by extension 'colcon_pkg'
[2.260s] Level 1:colcon.colcon_core.package_identification:_identify(src/sunflower_interfaces) by extensions ['colcon_meta']
[2.260s] Level 1:colcon.colcon_core.package_identification:_identify(src/sunflower_interfaces) by extension 'colcon_meta'
[2.261s] Level 1:colcon.colcon_core.package_identification:_identify(src/sunflower_interfaces) by extensions ['ros']
[2.261s] Level 1:colcon.colcon_core.package_identification:_identify(src/sunflower_interfaces) by extension 'ros'
[2.268s] DEBUG:colcon.colcon_core.package_identification:Package 'src/sunflower_interfaces' with type 'ros.ament_cmake' and name 'sunflower_interfaces'
[2.269s] Level 1:colcon.colcon_core.package_discovery:discover_packages(recursive) using defaults
[2.269s] Level 1:colcon.colcon_core.package_discovery:discover_packages(ignore) discover
[2.269s] Level 1:colcon.colcon_core.package_discovery:discover_packages(ignore) using defaults
[2.269s] Level 1:colcon.colcon_core.package_discovery:discover_packages(path) discover
[2.269s] Level 1:colcon.colcon_core.package_discovery:discover_packages(path) using defaults
[2.388s] INFO:colcon.colcon_core.package_selection:Skipping package 'sunflower_interfaces' in 'src/sunflower_interfaces'
[2.393s] Level 1:colcon.colcon_core.package_discovery:discover_packages(prefix_path) check parameters
[2.393s] Level 1:colcon.colcon_core.package_discovery:discover_packages(prefix_path) discover
[2.402s] WARNING:colcon.colcon_ros.prefix_path.ament:The path '/home/pi/sunflower/install/tflite_pkg' in the environment variable AMENT_PREFIX_PATH doesn't exist
[2.403s] WARNING:colcon.colcon_ros.prefix_path.ament:The path '/home/pi/sunflower/install/test_pkg' in the environment variable AMENT_PREFIX_PATH doesn't exist
[2.410s] DEBUG:colcon.colcon_installed_package_information.package_discovery:Found 2 installed packages in /home/pi/sunflower/install
[2.422s] DEBUG:colcon.colcon_installed_package_information.package_discovery:Found 263 installed packages in /opt/ros/foxy
[2.431s] Level 1:colcon.colcon_core.package_discovery:discover_packages(prefix_path) using defaults
[3.074s] Level 5:colcon.colcon_core.verb:set package 'stem_pkg' build argument 'cmake_args' from command line to 'None'
[3.075s] Level 5:colcon.colcon_core.verb:set package 'stem_pkg' build argument 'cmake_target' from command line to 'None'
[3.075s] Level 5:colcon.colcon_core.verb:set package 'stem_pkg' build argument 'cmake_target_skip_unavailable' from command line to 'False'
[3.075s] Level 5:colcon.colcon_core.verb:set package 'stem_pkg' build argument 'cmake_clean_cache' from command line to 'False'
[3.075s] Level 5:colcon.colcon_core.verb:set package 'stem_pkg' build argument 'cmake_clean_first' from command line to 'False'
[3.075s] Level 5:colcon.colcon_core.verb:set package 'stem_pkg' build argument 'cmake_force_configure' from command line to 'False'
[3.075s] Level 5:colcon.colcon_core.verb:set package 'stem_pkg' build argument 'ament_cmake_args' from command line to 'None'
[3.076s] Level 5:colcon.colcon_core.verb:set package 'stem_pkg' build argument 'catkin_cmake_args' from command line to 'None'
[3.076s] Level 5:colcon.colcon_core.verb:set package 'stem_pkg' build argument 'catkin_skip_building_tests' from command line to 'False'
[3.076s] DEBUG:colcon.colcon_core.verb:Building package 'stem_pkg' with the following arguments: {'ament_cmake_args': None, 'build_base': '/home/pi/sunflower/build/stem_pkg', 'catkin_cmake_args': None, 'catkin_skip_building_tests': False, 'cmake_args': None, 'cmake_clean_cache': False, 'cmake_clean_first': False, 'cmake_force_configure': False, 'cmake_target': None, 'cmake_target_skip_unavailable': False, 'install_base': '/home/pi/sunflower/install/stem_pkg', 'merge_install': False, 'path': '/home/pi/sunflower/src/stem_pkg', 'symlink_install': True, 'test_result_base': None}
[3.078s] INFO:colcon.colcon_core.executor:Executing jobs using 'parallel' executor
[3.087s] DEBUG:colcon.colcon_parallel_executor.executor.parallel:run_until_complete
[3.089s] INFO:colcon.colcon_core.task.python.build:Building Python package in '/home/pi/sunflower/src/stem_pkg'
[3.122s] INFO:colcon.colcon_core.plugin_system:Skipping extension 'colcon_core.shell.bat': Not used on non-Windows systems
[3.123s] INFO:colcon.colcon_core.shell:Skip shell extension 'powershell' for command environment: Not usable outside of PowerShell
[3.124s] DEBUG:colcon.colcon_core.shell:Skip shell extension 'dsv' for command environment
[6.039s] DEBUG:colcon.colcon_core.task.python.build:While undoing a previous installation files outside the Python library path are being ignored: /home/pi/sunflower/install/stem_pkg/share/ament_index/resource_index/packages/stem_pkg
[6.040s] DEBUG:colcon.colcon_core.task.python.build:While undoing a previous installation files outside the Python library path are being ignored: /home/pi/sunflower/install/stem_pkg/share/stem_pkg/package.xml
[6.040s] DEBUG:colcon.colcon_core.task.python.build:While undoing a previous installation files outside the Python library path are being ignored: /home/pi/sunflower/install/stem_pkg/share/stem_pkg/stem.launch.py
[6.041s] DEBUG:colcon.colcon_core.task.python.build:While undoing a previous installation files outside the Python library path are being ignored: /home/pi/sunflower/install/stem_pkg/lib/stem_pkg/calculator
[6.041s] DEBUG:colcon.colcon_core.task.python.build:While undoing a previous installation files outside the Python library path are being ignored: /home/pi/sunflower/install/stem_pkg/lib/stem_pkg/cmd_selector
[6.041s] DEBUG:colcon.colcon_core.task.python.build:While undoing a previous installation files outside the Python library path are being ignored: /home/pi/sunflower/install/stem_pkg/lib/stem_pkg/serial_talker
[6.041s] DEBUG:colcon.colcon_core.task.python.build:While undoing a previous installation files outside the Python library path are being ignored: /home/pi/sunflower/install/stem_pkg/lib/stem_pkg/tensor
[6.042s] DEBUG:colcon.colcon_core.task.python.build:While undoing a previous installation files outside the Python library path are being ignored: /home/pi/sunflower/install/stem_pkg/lib/stem_pkg/tensor_publisher
[6.047s] DEBUG:colcon.colcon_core.event_handler.log_command:Invoking command in '/home/pi/sunflower/build/stem_pkg': PYTHONPATH=/home/pi/sunflower/install/stem_pkg/lib/python3.8/site-packages:${PYTHONPATH} /usr/bin/python3 setup.py develop --prefix /home/pi/sunflower/install/stem_pkg --editable --build-directory /home/pi/sunflower/build/stem_pkg/build --no-deps install_data --install-dir /home/pi/sunflower/install/stem_pkg
[8.547s] Level 1:colcon.colcon_core.shell:create_environment_hook('stem_pkg', 'pythonpath_develop')
[8.550s] INFO:colcon.colcon_core.shell:Creating environment hook '/home/pi/sunflower/build/stem_pkg/share/stem_pkg/hook/pythonpath_develop.ps1'
[8.551s] DEBUG:colcon.colcon_core.event_handler.log_command:Invoked command in '/home/pi/sunflower/build/stem_pkg' returned '0': PYTHONPATH=/home/pi/sunflower/install/stem_pkg/lib/python3.8/site-packages:${PYTHONPATH} /usr/bin/python3 setup.py develop --prefix /home/pi/sunflower/install/stem_pkg --editable --build-directory /home/pi/sunflower/build/stem_pkg/build --no-deps install_data --install-dir /home/pi/sunflower/install/stem_pkg
[8.553s] INFO:colcon.colcon_core.shell:Creating environment descriptor '/home/pi/sunflower/build/stem_pkg/share/stem_pkg/hook/pythonpath_develop.dsv'
[8.555s] INFO:colcon.colcon_core.shell:Creating environment hook '/home/pi/sunflower/build/stem_pkg/share/stem_pkg/hook/pythonpath_develop.sh'
[8.573s] Level 1:colcon.colcon_core.environment:checking '/home/pi/sunflower/install/stem_pkg' for CMake module files
[8.576s] Level 1:colcon.colcon_core.environment:checking '/home/pi/sunflower/install/stem_pkg' for CMake config files
[8.579s] Level 1:colcon.colcon_core.environment:checking '/home/pi/sunflower/install/stem_pkg/lib'
[8.580s] Level 1:colcon.colcon_core.environment:checking '/home/pi/sunflower/install/stem_pkg/bin'
[8.580s] Level 1:colcon.colcon_core.environment:checking '/home/pi/sunflower/install/stem_pkg/lib/pkgconfig/stem_pkg.pc'
[8.581s] Level 1:colcon.colcon_core.environment:checking '/home/pi/sunflower/install/stem_pkg/lib/python3.8/site-packages'
[8.581s] Level 1:colcon.colcon_core.shell:create_environment_hook('stem_pkg', 'pythonpath')
[8.583s] INFO:colcon.colcon_core.shell:Creating environment hook '/home/pi/sunflower/install/stem_pkg/share/stem_pkg/hook/pythonpath.ps1'
[8.585s] INFO:colcon.colcon_core.shell:Creating environment descriptor '/home/pi/sunflower/install/stem_pkg/share/stem_pkg/hook/pythonpath.dsv'
[8.587s] INFO:colcon.colcon_core.shell:Creating environment hook '/home/pi/sunflower/install/stem_pkg/share/stem_pkg/hook/pythonpath.sh'
[8.589s] Level 1:colcon.colcon_core.environment:checking '/home/pi/sunflower/install/stem_pkg/bin'
[8.589s] Level 1:colcon.colcon_core.environment:create_environment_scripts_only(stem_pkg)
[8.592s] INFO:colcon.colcon_core.shell:Creating package script '/home/pi/sunflower/install/stem_pkg/share/stem_pkg/package.ps1'
[8.595s] INFO:colcon.colcon_core.shell:Creating package descriptor '/home/pi/sunflower/install/stem_pkg/share/stem_pkg/package.dsv'
[8.597s] INFO:colcon.colcon_core.shell:Creating package script '/home/pi/sunflower/install/stem_pkg/share/stem_pkg/package.sh'
[8.600s] INFO:colcon.colcon_core.shell:Creating package script '/home/pi/sunflower/install/stem_pkg/share/stem_pkg/package.bash'
[8.603s] INFO:colcon.colcon_core.shell:Creating package script '/home/pi/sunflower/install/stem_pkg/share/stem_pkg/package.zsh'
[8.605s] Level 1:colcon.colcon_core.environment:create_file_with_runtime_dependencies(/home/pi/sunflower/install/stem_pkg/share/colcon-core/packages/stem_pkg)
[8.607s] DEBUG:colcon.colcon_parallel_executor.executor.parallel:closing loop
[8.608s] DEBUG:colcon.colcon_parallel_executor.executor.parallel:loop closed
[8.608s] DEBUG:colcon.colcon_parallel_executor.executor.parallel:run_until_complete finished with '0'
[8.609s] DEBUG:colcon.colcon_core.event_reactor:joining thread
[8.636s] INFO:colcon.colcon_core.plugin_system:Skipping extension 'colcon_notification.desktop_notification.terminal_notifier': Not used on non-Darwin systems
[8.637s] INFO:colcon.colcon_core.plugin_system:Skipping extension 'colcon_notification.desktop_notification.win32': Not used on non-Windows systems
[8.637s] INFO:colcon.colcon_notification.desktop_notification:Sending desktop notification using 'notify2'
[8.695s] DEBUG:colcon.colcon_core.event_reactor:joined thread
[8.697s] INFO:colcon.colcon_core.shell:Creating prefix script '/home/pi/sunflower/install/local_setup.ps1'
[8.702s] INFO:colcon.colcon_core.shell:Creating prefix util module '/home/pi/sunflower/install/_local_setup_util_ps1.py'
[8.707s] INFO:colcon.colcon_core.shell:Creating prefix chain script '/home/pi/sunflower/install/setup.ps1'
[8.716s] INFO:colcon.colcon_core.shell:Creating prefix script '/home/pi/sunflower/install/local_setup.sh'
[8.719s] INFO:colcon.colcon_core.shell:Creating prefix util module '/home/pi/sunflower/install/_local_setup_util_sh.py'
[8.722s] INFO:colcon.colcon_core.shell:Creating prefix chain script '/home/pi/sunflower/install/setup.sh'
[8.728s] INFO:colcon.colcon_core.shell:Creating prefix script '/home/pi/sunflower/install/local_setup.bash'
[8.731s] INFO:colcon.colcon_core.shell:Creating prefix chain script '/home/pi/sunflower/install/setup.bash'
[8.736s] INFO:colcon.colcon_core.shell:Creating prefix script '/home/pi/sunflower/install/local_setup.zsh'
[8.739s] INFO:colcon.colcon_core.shell:Creating prefix chain script '/home/pi/sunflower/install/setup.zsh'
