running develop
running egg_info
creating sf_pkg.egg-info
writing sf_pkg.egg-info/PKG-INFO
writing dependency_links to sf_pkg.egg-info/dependency_links.txt
writing entry points to sf_pkg.egg-info/entry_points.txt
writing requirements to sf_pkg.egg-info/requires.txt
writing top-level names to sf_pkg.egg-info/top_level.txt
writing manifest file 'sf_pkg.egg-info/SOURCES.txt'
reading manifest file 'sf_pkg.egg-info/SOURCES.txt'
writing manifest file 'sf_pkg.egg-info/SOURCES.txt'
running build_ext
Creating /home/pi/sunflower/install/sf_pkg/lib/python3.8/site-packages/site.py
Creating /home/pi/sunflower/install/sf_pkg/lib/python3.8/site-packages/sf-pkg.egg-link (link to .)

Installed /home/pi/sunflower/build/sf_pkg
running install_data
creating /home/pi/sunflower/install/sf_pkg/share/ament_index
creating /home/pi/sunflower/install/sf_pkg/share/ament_index/resource_index
creating /home/pi/sunflower/install/sf_pkg/share/ament_index/resource_index/packages
copying resource/sf_pkg -> /home/pi/sunflower/install/sf_pkg/share/ament_index/resource_index/packages
copying package.xml -> /home/pi/sunflower/install/sf_pkg/share/sf_pkg
