[7.930s] Invoking command in '/home/pi/sunflower/build/stem_pkg': PYTHONPATH=/home/pi/sunflower/install/stem_pkg/lib/python3.8/site-packages:${PYTHONPATH} /usr/bin/python3 setup.py develop --prefix /home/pi/sunflower/install/stem_pkg --editable --build-directory /home/pi/sunflower/build/stem_pkg/build --no-deps install_data --install-dir /home/pi/sunflower/install/stem_pkg
[11.283s] running develop
[13.009s] running egg_info
[13.010s] writing stem_pkg.egg-info/PKG-INFO
[13.013s] writing dependency_links to stem_pkg.egg-info/dependency_links.txt
[13.015s] writing entry points to stem_pkg.egg-info/entry_points.txt
[13.016s] writing requirements to stem_pkg.egg-info/requires.txt
[13.018s] writing top-level names to stem_pkg.egg-info/top_level.txt
[13.185s] reading manifest file 'stem_pkg.egg-info/SOURCES.txt'
[13.191s] writing manifest file 'stem_pkg.egg-info/SOURCES.txt'
[13.482s] running build_ext
[13.489s] Creating /home/pi/sunflower/install/stem_pkg/lib/python3.8/site-packages/stem-pkg.egg-link (link to .)
[13.498s] Installing calculator script to /home/pi/sunflower/install/stem_pkg/lib/stem_pkg
[13.500s] Installing cmd_selector script to /home/pi/sunflower/install/stem_pkg/lib/stem_pkg
[13.501s] Installing serial_talker script to /home/pi/sunflower/install/stem_pkg/lib/stem_pkg
[13.502s] Installing tensor script to /home/pi/sunflower/install/stem_pkg/lib/stem_pkg
[13.504s] Installing tensor_publisher script to /home/pi/sunflower/install/stem_pkg/lib/stem_pkg
[13.506s] 
[13.508s] Installed /home/pi/sunflower/build/stem_pkg
[13.510s] running install_data
[14.091s] Invoked command in '/home/pi/sunflower/build/stem_pkg' returned '0': PYTHONPATH=/home/pi/sunflower/install/stem_pkg/lib/python3.8/site-packages:${PYTHONPATH} /usr/bin/python3 setup.py develop --prefix /home/pi/sunflower/install/stem_pkg --editable --build-directory /home/pi/sunflower/build/stem_pkg/build --no-deps install_data --install-dir /home/pi/sunflower/install/stem_pkg
