[3.551s] Invoking command in '/home/pi/sunflower/build/sunflower_interfaces': CMAKE_PREFIX_PATH=${CMAKE_PREFIX_PATH}:/home/pi/sunflower/install/tflite_pkg:/home/pi/sunflower/install/test_pkg:/opt/ros/foxy /usr/bin/cmake --build /home/pi/sunflower/build/sunflower_interfaces -- -j4 -l4
[4.250s] [  9%] Built target sunflower_interfaces__rosidl_generator_c
[4.260s] [ 12%] Built target sunflower_interfaces__cpp
[4.613s] [ 22%] Built target sunflower_interfaces__rosidl_typesupport_introspection_c
[4.714s] [ 32%] Built target sunflower_interfaces__rosidl_typesupport_c
[4.862s] [ 41%] Built target sunflower_interfaces__rosidl_typesupport_introspection_cpp
[4.983s] [ 51%] Built target sunflower_interfaces__rosidl_typesupport_cpp
[5.036s] [ 61%] Built target sunflower_interfaces__rosidl_typesupport_fastrtps_cpp
[5.265s] [ 70%] Built target sunflower_interfaces__rosidl_typesupport_fastrtps_c
[5.410s] [ 70%] Built target sunflower_interfaces
[5.534s] [ 74%] Built target sunflower_interfaces__py
[5.728s] [ 80%] Built target sunflower_interfaces__python
[6.115s] [ 87%] Built target sunflower_interfaces__rosidl_typesupport_introspection_c__pyext
[6.123s] [ 93%] Built target sunflower_interfaces__rosidl_typesupport_c__pyext
[6.154s] [100%] Built target sunflower_interfaces__rosidl_typesupport_fastrtps_c__pyext
[6.364s] Invoked command in '/home/pi/sunflower/build/sunflower_interfaces' returned '0': CMAKE_PREFIX_PATH=${CMAKE_PREFIX_PATH}:/home/pi/sunflower/install/tflite_pkg:/home/pi/sunflower/install/test_pkg:/opt/ros/foxy /usr/bin/cmake --build /home/pi/sunflower/build/sunflower_interfaces -- -j4 -l4
[8.129s] Invoking command in '/home/pi/sunflower/build/sunflower_interfaces': CMAKE_PREFIX_PATH=${CMAKE_PREFIX_PATH}:/home/pi/sunflower/install/tflite_pkg:/home/pi/sunflower/install/test_pkg:/opt/ros/foxy /usr/bin/cmake --install /home/pi/sunflower/build/sunflower_interfaces
[8.207s] -- Install configuration: ""
[8.209s] -- Execute custom install script
[8.217s] -- Up-to-date symlink: /home/pi/sunflower/install/sunflower_interfaces/share/ament_index/resource_index/rosidl_interfaces/sunflower_interfaces
[8.220s] -- Up-to-date symlink: /home/pi/sunflower/install/sunflower_interfaces/include/sunflower_interfaces/msg/detail/tflite_result__functions.h
[8.238s] -- Up-to-date symlink: /home/pi/sunflower/install/sunflower_interfaces/include/sunflower_interfaces/msg/detail/tflite_result__struct.h
[8.239s] -- Up-to-date symlink: /home/pi/sunflower/install/sunflower_interfaces/include/sunflower_interfaces/msg/detail/tflite_result__type_support.h
[8.240s] -- Up-to-date symlink: /home/pi/sunflower/install/sunflower_interfaces/include/sunflower_interfaces/msg/rosidl_generator_c__visibility_control.h
[8.242s] -- Up-to-date symlink: /home/pi/sunflower/install/sunflower_interfaces/include/sunflower_interfaces/msg/tflite_result.h
[8.248s] -- Up-to-date symlink: /home/pi/sunflower/install/sunflower_interfaces/share/sunflower_interfaces/environment/library_path.sh
[8.250s] -- Up-to-date symlink: /home/pi/sunflower/install/sunflower_interfaces/share/sunflower_interfaces/environment/library_path.dsv
[8.258s] -- Up-to-date symlink: /home/pi/sunflower/install/sunflower_interfaces/include/sunflower_interfaces/msg/detail/tflite_result__rosidl_typesupport_fastrtps_c.h
[8.274s] -- Up-to-date symlink: /home/pi/sunflower/install/sunflower_interfaces/include/sunflower_interfaces/msg/rosidl_typesupport_fastrtps_c__visibility_control.h
[8.274s] -- Up-to-date symlink: /home/pi/sunflower/install/sunflower_interfaces/lib/libsunflower_interfaces__rosidl_typesupport_fastrtps_c.so
[8.277s] -- Up-to-date symlink: /home/pi/sunflower/install/sunflower_interfaces/include/sunflower_interfaces/msg/detail/tflite_result__rosidl_typesupport_fastrtps_cpp.hpp
[8.290s] -- Up-to-date symlink: /home/pi/sunflower/install/sunflower_interfaces/include/sunflower_interfaces/msg/rosidl_typesupport_fastrtps_cpp__visibility_control.h
[8.293s] -- Up-to-date symlink: /home/pi/sunflower/install/sunflower_interfaces/lib/libsunflower_interfaces__rosidl_typesupport_fastrtps_cpp.so
[8.296s] -- Up-to-date symlink: /home/pi/sunflower/install/sunflower_interfaces/include/sunflower_interfaces/msg/detail/tflite_result__rosidl_typesupport_introspection_c.h
[8.298s] -- Up-to-date symlink: /home/pi/sunflower/install/sunflower_interfaces/include/sunflower_interfaces/msg/rosidl_typesupport_introspection_c__visibility_control.h
[8.301s] -- Up-to-date symlink: /home/pi/sunflower/install/sunflower_interfaces/include/sunflower_interfaces/msg/detail/tflite_result__builder.hpp
[8.309s] -- Up-to-date symlink: /home/pi/sunflower/install/sunflower_interfaces/include/sunflower_interfaces/msg/detail/tflite_result__struct.hpp
[8.311s] -- Up-to-date symlink: /home/pi/sunflower/install/sunflower_interfaces/include/sunflower_interfaces/msg/detail/tflite_result__traits.hpp
[8.313s] -- Up-to-date symlink: /home/pi/sunflower/install/sunflower_interfaces/include/sunflower_interfaces/msg/tflite_result.hpp
[8.317s] -- Up-to-date symlink: /home/pi/sunflower/install/sunflower_interfaces/include/sunflower_interfaces/msg/detail/tflite_result__rosidl_typesupport_introspection_cpp.hpp
[8.319s] -- Up-to-date symlink: /home/pi/sunflower/install/sunflower_interfaces/share/sunflower_interfaces/environment/pythonpath.sh
[8.321s] -- Up-to-date symlink: /home/pi/sunflower/install/sunflower_interfaces/share/sunflower_interfaces/environment/pythonpath.dsv
[8.323s] -- Up-to-date symlink: /home/pi/sunflower/install/sunflower_interfaces/lib/python3.8/site-packages/sunflower_interfaces/__init__.py
[8.327s] -- Up-to-date symlink: /home/pi/sunflower/install/sunflower_interfaces/lib/python3.8/site-packages/sunflower_interfaces/msg/__init__.py
[8.330s] -- Up-to-date symlink: /home/pi/sunflower/install/sunflower_interfaces/lib/python3.8/site-packages/sunflower_interfaces/msg/_tflite_result.py
[8.334s] -- Up-to-date symlink: /home/pi/sunflower/install/sunflower_interfaces/lib/python3.8/site-packages/sunflower_interfaces/sunflower_interfaces_s__rosidl_typesupport_fastrtps_c.cpython-38-aarch64-linux-gnu.so
[8.338s] -- Up-to-date symlink: /home/pi/sunflower/install/sunflower_interfaces/lib/python3.8/site-packages/sunflower_interfaces/sunflower_interfaces_s__rosidl_typesupport_introspection_c.cpython-38-aarch64-linux-gnu.so
[8.341s] -- Up-to-date symlink: /home/pi/sunflower/install/sunflower_interfaces/lib/python3.8/site-packages/sunflower_interfaces/sunflower_interfaces_s__rosidl_typesupport_c.cpython-38-aarch64-linux-gnu.so
[8.354s] -- Up-to-date symlink: /home/pi/sunflower/install/sunflower_interfaces/lib/libsunflower_interfaces__python.so
[8.356s] -- Up-to-date symlink: /home/pi/sunflower/install/sunflower_interfaces/share/sunflower_interfaces/msg/TfliteResult.idl
[8.358s] -- Up-to-date symlink: /home/pi/sunflower/install/sunflower_interfaces/share/sunflower_interfaces/msg/TfliteResult.msg
[8.361s] -- Up-to-date symlink: /home/pi/sunflower/install/sunflower_interfaces/share/ament_index/resource_index/package_run_dependencies/sunflower_interfaces
[8.370s] -- Up-to-date symlink: /home/pi/sunflower/install/sunflower_interfaces/share/ament_index/resource_index/parent_prefix_path/sunflower_interfaces
[8.373s] -- Up-to-date symlink: /home/pi/sunflower/install/sunflower_interfaces/share/sunflower_interfaces/environment/ament_prefix_path.sh
[8.375s] -- Up-to-date symlink: /home/pi/sunflower/install/sunflower_interfaces/share/sunflower_interfaces/environment/ament_prefix_path.dsv
[8.377s] -- Up-to-date symlink: /home/pi/sunflower/install/sunflower_interfaces/share/sunflower_interfaces/environment/path.sh
[8.379s] -- Up-to-date symlink: /home/pi/sunflower/install/sunflower_interfaces/share/sunflower_interfaces/environment/path.dsv
[8.383s] -- Up-to-date symlink: /home/pi/sunflower/install/sunflower_interfaces/share/sunflower_interfaces/local_setup.bash
[8.394s] -- Up-to-date symlink: /home/pi/sunflower/install/sunflower_interfaces/share/sunflower_interfaces/local_setup.sh
[8.396s] -- Up-to-date symlink: /home/pi/sunflower/install/sunflower_interfaces/share/sunflower_interfaces/local_setup.zsh
[8.398s] -- Up-to-date symlink: /home/pi/sunflower/install/sunflower_interfaces/share/sunflower_interfaces/local_setup.dsv
[8.410s] -- Symlinking: /home/pi/sunflower/install/sunflower_interfaces/share/sunflower_interfaces/package.dsv
[8.512s] -- Up-to-date symlink: /home/pi/sunflower/install/sunflower_interfaces/share/ament_index/resource_index/packages/sunflower_interfaces
[8.515s] -- Up-to-date symlink: /home/pi/sunflower/install/sunflower_interfaces/share/sunflower_interfaces/cmake/rosidl_cmake-extras.cmake
[8.517s] -- Up-to-date symlink: /home/pi/sunflower/install/sunflower_interfaces/share/sunflower_interfaces/cmake/ament_cmake_export_dependencies-extras.cmake
[8.519s] -- Up-to-date symlink: /home/pi/sunflower/install/sunflower_interfaces/share/sunflower_interfaces/cmake/ament_cmake_export_libraries-extras.cmake
[8.520s] -- Up-to-date symlink: /home/pi/sunflower/install/sunflower_interfaces/share/sunflower_interfaces/cmake/ament_cmake_export_targets-extras.cmake
[8.523s] -- Up-to-date symlink: /home/pi/sunflower/install/sunflower_interfaces/share/sunflower_interfaces/cmake/ament_cmake_export_include_directories-extras.cmake
[8.525s] -- Up-to-date symlink: /home/pi/sunflower/install/sunflower_interfaces/share/sunflower_interfaces/cmake/rosidl_cmake_export_typesupport_libraries-extras.cmake
[8.527s] -- Up-to-date symlink: /home/pi/sunflower/install/sunflower_interfaces/share/sunflower_interfaces/cmake/rosidl_cmake_export_typesupport_targets-extras.cmake
[8.542s] -- Up-to-date symlink: /home/pi/sunflower/install/sunflower_interfaces/share/sunflower_interfaces/cmake/sunflower_interfacesConfig.cmake
[8.543s] -- Up-to-date symlink: /home/pi/sunflower/install/sunflower_interfaces/share/sunflower_interfaces/cmake/sunflower_interfacesConfig-version.cmake
[8.545s] -- Up-to-date symlink: /home/pi/sunflower/install/sunflower_interfaces/share/sunflower_interfaces/package.xml
[8.547s] -- Up-to-date: /home/pi/sunflower/install/sunflower_interfaces/lib/libsunflower_interfaces__rosidl_generator_c.so
[8.551s] -- Up-to-date: /home/pi/sunflower/install/sunflower_interfaces/lib/libsunflower_interfaces__rosidl_typesupport_introspection_c.so
[8.556s] -- Up-to-date: /home/pi/sunflower/install/sunflower_interfaces/lib/libsunflower_interfaces__rosidl_typesupport_c.so
[8.560s] -- Up-to-date: /home/pi/sunflower/install/sunflower_interfaces/lib/libsunflower_interfaces__rosidl_typesupport_introspection_cpp.so
[8.565s] -- Up-to-date: /home/pi/sunflower/install/sunflower_interfaces/lib/libsunflower_interfaces__rosidl_typesupport_cpp.so
[9.199s] -- Up-to-date: /home/pi/sunflower/install/sunflower_interfaces/share/sunflower_interfaces/cmake/sunflower_interfaces__rosidl_generator_cExport.cmake
[9.202s] -- Up-to-date: /home/pi/sunflower/install/sunflower_interfaces/share/sunflower_interfaces/cmake/sunflower_interfaces__rosidl_generator_cExport-noconfig.cmake
[9.205s] -- Up-to-date: /home/pi/sunflower/install/sunflower_interfaces/share/sunflower_interfaces/cmake/sunflower_interfaces__rosidl_typesupport_introspection_cExport.cmake
[9.207s] -- Up-to-date: /home/pi/sunflower/install/sunflower_interfaces/share/sunflower_interfaces/cmake/sunflower_interfaces__rosidl_typesupport_introspection_cExport-noconfig.cmake
[9.210s] -- Up-to-date: /home/pi/sunflower/install/sunflower_interfaces/share/sunflower_interfaces/cmake/sunflower_interfaces__rosidl_typesupport_cExport.cmake
[9.212s] -- Up-to-date: /home/pi/sunflower/install/sunflower_interfaces/share/sunflower_interfaces/cmake/sunflower_interfaces__rosidl_typesupport_cExport-noconfig.cmake
[9.215s] -- Up-to-date: /home/pi/sunflower/install/sunflower_interfaces/share/sunflower_interfaces/cmake/sunflower_interfaces__rosidl_generator_cppExport.cmake
[9.219s] -- Up-to-date: /home/pi/sunflower/install/sunflower_interfaces/share/sunflower_interfaces/cmake/sunflower_interfaces__rosidl_typesupport_introspection_cppExport.cmake
[9.220s] -- Up-to-date: /home/pi/sunflower/install/sunflower_interfaces/share/sunflower_interfaces/cmake/sunflower_interfaces__rosidl_typesupport_introspection_cppExport-noconfig.cmake
[9.221s] -- Up-to-date: /home/pi/sunflower/install/sunflower_interfaces/share/sunflower_interfaces/cmake/sunflower_interfaces__rosidl_typesupport_cppExport.cmake
[9.222s] -- Up-to-date: /home/pi/sunflower/install/sunflower_interfaces/share/sunflower_interfaces/cmake/sunflower_interfaces__rosidl_typesupport_cppExport-noconfig.cmake
[9.244s] Invoked command in '/home/pi/sunflower/build/sunflower_interfaces' returned '0': CMAKE_PREFIX_PATH=${CMAKE_PREFIX_PATH}:/home/pi/sunflower/install/tflite_pkg:/home/pi/sunflower/install/test_pkg:/opt/ros/foxy /usr/bin/cmake --install /home/pi/sunflower/build/sunflower_interfaces
