[4.143s] Invoking command in '/home/pi/sunflower/build/sf_pkg': PYTHONPATH=/home/pi/sunflower/install/sf_pkg/lib/python3.8/site-packages:${PYTHONPATH} /usr/bin/python3 setup.py develop --prefix /home/pi/sunflower/install/sf_pkg --editable --build-directory /home/pi/sunflower/build/sf_pkg/build --no-deps install_data --install-dir /home/pi/sunflower/install/sf_pkg
[5.918s] running develop
[7.159s] running egg_info
[7.168s] writing sf_pkg.egg-info/PKG-INFO
[7.169s] writing dependency_links to sf_pkg.egg-info/dependency_links.txt
[7.170s] writing entry points to sf_pkg.egg-info/entry_points.txt
[7.170s] writing requirements to sf_pkg.egg-info/requires.txt
[7.171s] writing top-level names to sf_pkg.egg-info/top_level.txt
[7.310s] reading manifest file 'sf_pkg.egg-info/SOURCES.txt'
[7.314s] writing manifest file 'sf_pkg.egg-info/SOURCES.txt'
[7.510s] running build_ext
[7.512s] Creating /home/pi/sunflower/install/sf_pkg/lib/python3.8/site-packages/sf-pkg.egg-link (link to .)
[7.518s] Installing calculator script to /home/pi/sunflower/install/sf_pkg/lib/sf_pkg
[7.519s] Installing cmd_selector script to /home/pi/sunflower/install/sf_pkg/lib/sf_pkg
[7.520s] Installing serial_talker script to /home/pi/sunflower/install/sf_pkg/lib/sf_pkg
[7.521s] Installing tensor_publisher script to /home/pi/sunflower/install/sf_pkg/lib/sf_pkg
[7.524s] 
[7.528s] Installed /home/pi/sunflower/build/sf_pkg
[7.532s] running install_data
[7.693s] Invoked command in '/home/pi/sunflower/build/sf_pkg' returned '0': PYTHONPATH=/home/pi/sunflower/install/sf_pkg/lib/python3.8/site-packages:${PYTHONPATH} /usr/bin/python3 setup.py develop --prefix /home/pi/sunflower/install/sf_pkg --editable --build-directory /home/pi/sunflower/build/sf_pkg/build --no-deps install_data --install-dir /home/pi/sunflower/install/sf_pkg
