[3.700s] Invoking command in '/home/pi/sunflower/build/sunflower_interfaces': CMAKE_PREFIX_PATH=${CMAKE_PREFIX_PATH}:/home/pi/sunflower/install/tflite_pkg:/home/pi/sunflower/install/test_pkg:/opt/ros/foxy /usr/bin/cmake --build /home/pi/sunflower/build/sunflower_interfaces -- -j4 -l4
[6.903s] -- Found ament_cmake: 0.9.9 (/opt/ros/foxy/share/ament_cmake/cmake)
[6.904s] -- Found PythonInterp: /usr/bin/python3 (found suitable version "3.8.10", minimum required is "3") 
[6.905s] -- Using PYTHON_EXECUTABLE: /usr/bin/python3
[6.906s] -- Override CMake install command with custom implementation using symlinks instead of copying resources
[6.953s] -- Found builtin_interfaces: 1.0.0 (/opt/ros/foxy/share/builtin_interfaces/cmake)
[7.288s] -- Using all available rosidl_typesupport_c: rosidl_typesupport_fastrtps_c;rosidl_typesupport_introspection_c
[7.333s] -- Found rosidl_adapter: 1.2.1 (/opt/ros/foxy/share/rosidl_adapter/cmake)
[9.130s] -- Using all available rosidl_typesupport_cpp: rosidl_typesupport_fastrtps_cpp;rosidl_typesupport_introspection_cpp
[9.404s] -- Found rosidl_default_generators: 1.0.1 (/opt/ros/foxy/share/rosidl_default_generators/cmake)
[9.725s] -- Found PythonInterp: /usr/bin/python3 (found version "3.8.10") 
[11.090s] -- Found ament_cmake_ros: 0.9.2 (/opt/ros/foxy/share/ament_cmake_ros/cmake)
[12.725s] -- Using all available rosidl_typesupport_c: rosidl_typesupport_fastrtps_c;rosidl_typesupport_introspection_c
[12.934s] -- Using all available rosidl_typesupport_cpp: rosidl_typesupport_fastrtps_cpp;rosidl_typesupport_introspection_cpp
[13.413s] -- Found PythonInterp: /usr/bin/python3 (found suitable version "3.8.10", minimum required is "3.5") 
[13.415s] -- Found python_cmake_module: 0.8.1 (/opt/ros/foxy/share/python_cmake_module/cmake)
[13.639s] -- Using PYTHON_EXECUTABLE: /usr/bin/python3
[13.639s] -- Using PYTHON_INCLUDE_DIRS: /usr/include/python3.8
[13.640s] -- Using PYTHON_LIBRARIES: /usr/lib/aarch64-linux-gnu/libpython3.8.so
[14.006s] -- Configuring done
[14.489s] -- Generating done
[14.540s] -- Build files have been written to: /home/pi/sunflower/build/sunflower_interfaces
[14.835s] [  3%] [34m[1mGenerating C code for ROS interfaces[0m
[14.973s] [  6%] [34m[1mGenerating C++ code for ROS interfaces[0m
[17.233s] [35m[1mScanning dependencies of target sunflower_interfaces__rosidl_generator_c[0m
[17.444s] [  9%] [32mBuilding C object CMakeFiles/sunflower_interfaces__rosidl_generator_c.dir/rosidl_generator_c/sunflower_interfaces/msg/detail/tflite_result__functions.c.o[0m
[17.481s] [  9%] Built target sunflower_interfaces__cpp
[17.661s] [ 12%] [34m[1mGenerating C++ type support for eProsima Fast-RTPS[0m
[17.663s] [ 16%] [34m[1mGenerating C++ type support dispatch for ROS interfaces[0m
[17.672s] [ 19%] [34m[1mGenerating C++ introspection for ROS interfaces[0m
[18.353s] [ 22%] [32m[1mLinking C shared library libsunflower_interfaces__rosidl_generator_c.so[0m
[18.907s] [ 22%] Built target sunflower_interfaces__rosidl_generator_c
[19.093s] [ 25%] [34m[1mGenerating C introspection for ROS interfaces[0m
[19.883s] [35m[1mScanning dependencies of target sunflower_interfaces__rosidl_typesupport_cpp[0m
[20.101s] [ 29%] [32mBuilding CXX object CMakeFiles/sunflower_interfaces__rosidl_typesupport_cpp.dir/rosidl_typesupport_cpp/sunflower_interfaces/msg/tflite_result__type_support.cpp.o[0m
[20.544s] [35m[1mScanning dependencies of target sunflower_interfaces__rosidl_typesupport_introspection_cpp[0m
[20.756s] [35m[1mScanning dependencies of target sunflower_interfaces__rosidl_typesupport_fastrtps_cpp[0m
[20.760s] [ 32%] [32mBuilding CXX object CMakeFiles/sunflower_interfaces__rosidl_typesupport_introspection_cpp.dir/rosidl_typesupport_introspection_cpp/sunflower_interfaces/msg/detail/tflite_result__type_support.cpp.o[0m
[21.012s] [ 35%] [32mBuilding CXX object CMakeFiles/sunflower_interfaces__rosidl_typesupport_fastrtps_cpp.dir/rosidl_typesupport_fastrtps_cpp/sunflower_interfaces/msg/detail/dds_fastrtps/tflite_result__type_support.cpp.o[0m
[21.550s] [35m[1mScanning dependencies of target sunflower_interfaces__rosidl_typesupport_introspection_c[0m
[21.713s] [ 38%] [32mBuilding C object CMakeFiles/sunflower_interfaces__rosidl_typesupport_introspection_c.dir/rosidl_typesupport_introspection_c/sunflower_interfaces/msg/detail/tflite_result__type_support.c.o[0m
[22.169s] [ 41%] [32m[1mLinking C shared library libsunflower_interfaces__rosidl_typesupport_introspection_c.so[0m
[22.590s] [ 41%] Built target sunflower_interfaces__rosidl_typesupport_introspection_c
[22.739s] [ 45%] [34m[1mGenerating C type support dispatch for ROS interfaces[0m
[23.867s] [ 48%] [32m[1mLinking CXX shared library libsunflower_interfaces__rosidl_typesupport_cpp.so[0m
[24.439s] [ 48%] Built target sunflower_interfaces__rosidl_typesupport_cpp
[24.645s] [ 51%] [32m[1mLinking CXX shared library libsunflower_interfaces__rosidl_typesupport_introspection_cpp.so[0m
[25.324s] [ 51%] Built target sunflower_interfaces__rosidl_typesupport_introspection_cpp
[25.334s] [35m[1mScanning dependencies of target sunflower_interfaces__rosidl_typesupport_c[0m
[25.425s] [ 54%] [32mBuilding CXX object CMakeFiles/sunflower_interfaces__rosidl_typesupport_c.dir/rosidl_typesupport_c/sunflower_interfaces/msg/tflite_result__type_support.cpp.o[0m
[25.776s] [ 58%] [32m[1mLinking CXX shared library libsunflower_interfaces__rosidl_typesupport_c.so[0m
[26.168s] [ 58%] Built target sunflower_interfaces__rosidl_typesupport_c
[26.251s] [ 61%] [32m[1mLinking CXX shared library libsunflower_interfaces__rosidl_typesupport_fastrtps_cpp.so[0m
[26.743s] [ 61%] Built target sunflower_interfaces__rosidl_typesupport_fastrtps_cpp
[26.827s] [ 64%] [34m[1mGenerating C type support for eProsima Fast-RTPS[0m
[28.189s] [35m[1mScanning dependencies of target sunflower_interfaces__rosidl_typesupport_fastrtps_c[0m
[28.290s] [ 67%] [32mBuilding CXX object CMakeFiles/sunflower_interfaces__rosidl_typesupport_fastrtps_c.dir/rosidl_typesupport_fastrtps_c/sunflower_interfaces/msg/detail/tflite_result__type_support_c.cpp.o[0m
[30.403s] [ 70%] [32m[1mLinking CXX shared library libsunflower_interfaces__rosidl_typesupport_fastrtps_c.so[0m
[30.819s] [ 70%] Built target sunflower_interfaces__rosidl_typesupport_fastrtps_c
[30.908s] [ 70%] Built target sunflower_interfaces
[31.025s] [ 74%] [34m[1mGenerating Python code for ROS interfaces[0m
[33.568s] [ 74%] Built target sunflower_interfaces__py
[33.626s] [35m[1mScanning dependencies of target sunflower_interfaces__python[0m
[33.707s] [ 77%] [32mBuilding C object CMakeFiles/sunflower_interfaces__python.dir/rosidl_generator_py/sunflower_interfaces/msg/_tflite_result_s.c.o[0m
[34.495s] [ 80%] [32m[1mLinking C shared library rosidl_generator_py/sunflower_interfaces/libsunflower_interfaces__python.so[0m
[34.703s] [ 80%] Built target sunflower_interfaces__python
[34.761s] [35m[1mScanning dependencies of target sunflower_interfaces__rosidl_typesupport_c__pyext[0m
[34.763s] [35m[1mScanning dependencies of target sunflower_interfaces__rosidl_typesupport_fastrtps_c__pyext[0m
[34.767s] [35m[1mScanning dependencies of target sunflower_interfaces__rosidl_typesupport_introspection_c__pyext[0m
[34.949s] [ 83%] [32mBuilding C object CMakeFiles/sunflower_interfaces__rosidl_typesupport_fastrtps_c__pyext.dir/rosidl_generator_py/sunflower_interfaces/_sunflower_interfaces_s.ep.rosidl_typesupport_fastrtps_c.c.o[0m
[34.969s] [ 87%] [32mBuilding C object CMakeFiles/sunflower_interfaces__rosidl_typesupport_c__pyext.dir/rosidl_generator_py/sunflower_interfaces/_sunflower_interfaces_s.ep.rosidl_typesupport_c.c.o[0m
[34.971s] [ 90%] [32mBuilding C object CMakeFiles/sunflower_interfaces__rosidl_typesupport_introspection_c__pyext.dir/rosidl_generator_py/sunflower_interfaces/_sunflower_interfaces_s.ep.rosidl_typesupport_introspection_c.c.o[0m
[35.539s] [ 93%] [32m[1mLinking C shared library rosidl_generator_py/sunflower_interfaces/sunflower_interfaces_s__rosidl_typesupport_introspection_c.cpython-38-aarch64-linux-gnu.so[0m
[35.574s] [ 96%] [32m[1mLinking C shared library rosidl_generator_py/sunflower_interfaces/sunflower_interfaces_s__rosidl_typesupport_c.cpython-38-aarch64-linux-gnu.so[0m
[35.619s] [100%] [32m[1mLinking CXX shared library rosidl_generator_py/sunflower_interfaces/sunflower_interfaces_s__rosidl_typesupport_fastrtps_c.cpython-38-aarch64-linux-gnu.so[0m
[35.848s] [100%] Built target sunflower_interfaces__rosidl_typesupport_introspection_c__pyext
[35.872s] [100%] Built target sunflower_interfaces__rosidl_typesupport_c__pyext
[36.040s] [100%] Built target sunflower_interfaces__rosidl_typesupport_fastrtps_c__pyext
[36.089s] Invoked command in '/home/pi/sunflower/build/sunflower_interfaces' returned '0': CMAKE_PREFIX_PATH=${CMAKE_PREFIX_PATH}:/home/pi/sunflower/install/tflite_pkg:/home/pi/sunflower/install/test_pkg:/opt/ros/foxy /usr/bin/cmake --build /home/pi/sunflower/build/sunflower_interfaces -- -j4 -l4
[36.509s] Invoking command in '/home/pi/sunflower/build/sunflower_interfaces': CMAKE_PREFIX_PATH=${CMAKE_PREFIX_PATH}:/home/pi/sunflower/install/tflite_pkg:/home/pi/sunflower/install/test_pkg:/opt/ros/foxy /usr/bin/cmake --install /home/pi/sunflower/build/sunflower_interfaces
[36.570s] -- Install configuration: ""
[36.572s] -- Execute custom install script
[36.574s] -- Up-to-date symlink: /home/pi/sunflower/install/sunflower_interfaces/share/ament_index/resource_index/rosidl_interfaces/sunflower_interfaces
[36.577s] -- Up-to-date symlink: /home/pi/sunflower/install/sunflower_interfaces/include/sunflower_interfaces/msg/detail/tflite_result__functions.h
[36.579s] -- Up-to-date symlink: /home/pi/sunflower/install/sunflower_interfaces/include/sunflower_interfaces/msg/detail/tflite_result__struct.h
[36.580s] -- Up-to-date symlink: /home/pi/sunflower/install/sunflower_interfaces/include/sunflower_interfaces/msg/detail/tflite_result__type_support.h
[36.582s] -- Up-to-date symlink: /home/pi/sunflower/install/sunflower_interfaces/include/sunflower_interfaces/msg/rosidl_generator_c__visibility_control.h
[36.583s] -- Up-to-date symlink: /home/pi/sunflower/install/sunflower_interfaces/include/sunflower_interfaces/msg/tflite_result.h
[36.585s] -- Up-to-date symlink: /home/pi/sunflower/install/sunflower_interfaces/share/sunflower_interfaces/environment/library_path.sh
[36.587s] -- Up-to-date symlink: /home/pi/sunflower/install/sunflower_interfaces/share/sunflower_interfaces/environment/library_path.dsv
[36.591s] -- Up-to-date symlink: /home/pi/sunflower/install/sunflower_interfaces/include/sunflower_interfaces/msg/detail/tflite_result__rosidl_typesupport_fastrtps_c.h
[36.592s] -- Up-to-date symlink: /home/pi/sunflower/install/sunflower_interfaces/include/sunflower_interfaces/msg/rosidl_typesupport_fastrtps_c__visibility_control.h
[36.594s] -- Up-to-date symlink: /home/pi/sunflower/install/sunflower_interfaces/lib/libsunflower_interfaces__rosidl_typesupport_fastrtps_c.so
[36.598s] -- Up-to-date symlink: /home/pi/sunflower/install/sunflower_interfaces/include/sunflower_interfaces/msg/detail/tflite_result__rosidl_typesupport_fastrtps_cpp.hpp
[36.600s] -- Up-to-date symlink: /home/pi/sunflower/install/sunflower_interfaces/include/sunflower_interfaces/msg/rosidl_typesupport_fastrtps_cpp__visibility_control.h
[36.602s] -- Up-to-date symlink: /home/pi/sunflower/install/sunflower_interfaces/lib/libsunflower_interfaces__rosidl_typesupport_fastrtps_cpp.so
[36.606s] -- Up-to-date symlink: /home/pi/sunflower/install/sunflower_interfaces/include/sunflower_interfaces/msg/detail/tflite_result__rosidl_typesupport_introspection_c.h
[36.608s] -- Up-to-date symlink: /home/pi/sunflower/install/sunflower_interfaces/include/sunflower_interfaces/msg/rosidl_typesupport_introspection_c__visibility_control.h
[36.613s] -- Up-to-date symlink: /home/pi/sunflower/install/sunflower_interfaces/include/sunflower_interfaces/msg/detail/tflite_result__builder.hpp
[36.615s] -- Up-to-date symlink: /home/pi/sunflower/install/sunflower_interfaces/include/sunflower_interfaces/msg/detail/tflite_result__struct.hpp
[36.617s] -- Up-to-date symlink: /home/pi/sunflower/install/sunflower_interfaces/include/sunflower_interfaces/msg/detail/tflite_result__traits.hpp
[36.619s] -- Up-to-date symlink: /home/pi/sunflower/install/sunflower_interfaces/include/sunflower_interfaces/msg/tflite_result.hpp
[36.623s] -- Up-to-date symlink: /home/pi/sunflower/install/sunflower_interfaces/include/sunflower_interfaces/msg/detail/tflite_result__rosidl_typesupport_introspection_cpp.hpp
[36.627s] -- Up-to-date symlink: /home/pi/sunflower/install/sunflower_interfaces/share/sunflower_interfaces/environment/pythonpath.sh
[36.630s] -- Up-to-date symlink: /home/pi/sunflower/install/sunflower_interfaces/share/sunflower_interfaces/environment/pythonpath.dsv
[36.632s] -- Up-to-date symlink: /home/pi/sunflower/install/sunflower_interfaces/lib/python3.8/site-packages/sunflower_interfaces/__init__.py
[36.634s] -- Up-to-date symlink: /home/pi/sunflower/install/sunflower_interfaces/lib/python3.8/site-packages/sunflower_interfaces/msg/__init__.py
[36.637s] -- Up-to-date symlink: /home/pi/sunflower/install/sunflower_interfaces/lib/python3.8/site-packages/sunflower_interfaces/msg/_tflite_result.py
[36.641s] -- Up-to-date symlink: /home/pi/sunflower/install/sunflower_interfaces/lib/python3.8/site-packages/sunflower_interfaces/sunflower_interfaces_s__rosidl_typesupport_fastrtps_c.cpython-38-aarch64-linux-gnu.so
[36.644s] -- Up-to-date symlink: /home/pi/sunflower/install/sunflower_interfaces/lib/python3.8/site-packages/sunflower_interfaces/sunflower_interfaces_s__rosidl_typesupport_introspection_c.cpython-38-aarch64-linux-gnu.so
[36.647s] -- Up-to-date symlink: /home/pi/sunflower/install/sunflower_interfaces/lib/python3.8/site-packages/sunflower_interfaces/sunflower_interfaces_s__rosidl_typesupport_c.cpython-38-aarch64-linux-gnu.so
[36.650s] -- Up-to-date symlink: /home/pi/sunflower/install/sunflower_interfaces/lib/libsunflower_interfaces__python.so
[36.654s] -- Up-to-date symlink: /home/pi/sunflower/install/sunflower_interfaces/share/sunflower_interfaces/msg/TfliteResult.idl
[36.657s] -- Up-to-date symlink: /home/pi/sunflower/install/sunflower_interfaces/share/sunflower_interfaces/msg/TfliteResult.msg
[36.659s] -- Up-to-date symlink: /home/pi/sunflower/install/sunflower_interfaces/share/ament_index/resource_index/package_run_dependencies/sunflower_interfaces
[36.662s] -- Up-to-date symlink: /home/pi/sunflower/install/sunflower_interfaces/share/ament_index/resource_index/parent_prefix_path/sunflower_interfaces
[36.664s] -- Up-to-date symlink: /home/pi/sunflower/install/sunflower_interfaces/share/sunflower_interfaces/environment/ament_prefix_path.sh
[36.668s] -- Up-to-date symlink: /home/pi/sunflower/install/sunflower_interfaces/share/sunflower_interfaces/environment/ament_prefix_path.dsv
[36.670s] -- Up-to-date symlink: /home/pi/sunflower/install/sunflower_interfaces/share/sunflower_interfaces/environment/path.sh
[36.673s] -- Up-to-date symlink: /home/pi/sunflower/install/sunflower_interfaces/share/sunflower_interfaces/environment/path.dsv
[36.675s] -- Up-to-date symlink: /home/pi/sunflower/install/sunflower_interfaces/share/sunflower_interfaces/local_setup.bash
[36.678s] -- Up-to-date symlink: /home/pi/sunflower/install/sunflower_interfaces/share/sunflower_interfaces/local_setup.sh
[36.681s] -- Up-to-date symlink: /home/pi/sunflower/install/sunflower_interfaces/share/sunflower_interfaces/local_setup.zsh
[36.684s] -- Up-to-date symlink: /home/pi/sunflower/install/sunflower_interfaces/share/sunflower_interfaces/local_setup.dsv
[36.687s] -- Symlinking: /home/pi/sunflower/install/sunflower_interfaces/share/sunflower_interfaces/package.dsv
[36.735s] -- Up-to-date symlink: /home/pi/sunflower/install/sunflower_interfaces/share/ament_index/resource_index/packages/sunflower_interfaces
[36.736s] -- Up-to-date symlink: /home/pi/sunflower/install/sunflower_interfaces/share/sunflower_interfaces/cmake/rosidl_cmake-extras.cmake
[36.738s] -- Up-to-date symlink: /home/pi/sunflower/install/sunflower_interfaces/share/sunflower_interfaces/cmake/ament_cmake_export_dependencies-extras.cmake
[36.741s] -- Up-to-date symlink: /home/pi/sunflower/install/sunflower_interfaces/share/sunflower_interfaces/cmake/ament_cmake_export_libraries-extras.cmake
[36.743s] -- Up-to-date symlink: /home/pi/sunflower/install/sunflower_interfaces/share/sunflower_interfaces/cmake/ament_cmake_export_targets-extras.cmake
[36.746s] -- Up-to-date symlink: /home/pi/sunflower/install/sunflower_interfaces/share/sunflower_interfaces/cmake/ament_cmake_export_include_directories-extras.cmake
[36.747s] -- Up-to-date symlink: /home/pi/sunflower/install/sunflower_interfaces/share/sunflower_interfaces/cmake/rosidl_cmake_export_typesupport_libraries-extras.cmake
[36.758s] -- Up-to-date symlink: /home/pi/sunflower/install/sunflower_interfaces/share/sunflower_interfaces/cmake/rosidl_cmake_export_typesupport_targets-extras.cmake
[36.761s] -- Up-to-date symlink: /home/pi/sunflower/install/sunflower_interfaces/share/sunflower_interfaces/cmake/sunflower_interfacesConfig.cmake
[36.762s] -- Up-to-date symlink: /home/pi/sunflower/install/sunflower_interfaces/share/sunflower_interfaces/cmake/sunflower_interfacesConfig-version.cmake
[36.764s] -- Up-to-date symlink: /home/pi/sunflower/install/sunflower_interfaces/share/sunflower_interfaces/package.xml
[36.766s] -- Installing: /home/pi/sunflower/install/sunflower_interfaces/lib/libsunflower_interfaces__rosidl_generator_c.so
[36.772s] -- Set runtime path of "/home/pi/sunflower/install/sunflower_interfaces/lib/libsunflower_interfaces__rosidl_generator_c.so" to ""
[36.773s] -- Installing: /home/pi/sunflower/install/sunflower_interfaces/lib/libsunflower_interfaces__rosidl_typesupport_introspection_c.so
[36.776s] -- Set runtime path of "/home/pi/sunflower/install/sunflower_interfaces/lib/libsunflower_interfaces__rosidl_typesupport_introspection_c.so" to ""
[36.780s] -- Installing: /home/pi/sunflower/install/sunflower_interfaces/lib/libsunflower_interfaces__rosidl_typesupport_c.so
[36.782s] -- Set runtime path of "/home/pi/sunflower/install/sunflower_interfaces/lib/libsunflower_interfaces__rosidl_typesupport_c.so" to ""
[36.785s] -- Installing: /home/pi/sunflower/install/sunflower_interfaces/lib/libsunflower_interfaces__rosidl_typesupport_introspection_cpp.so
[36.789s] -- Set runtime path of "/home/pi/sunflower/install/sunflower_interfaces/lib/libsunflower_interfaces__rosidl_typesupport_introspection_cpp.so" to ""
[36.791s] -- Installing: /home/pi/sunflower/install/sunflower_interfaces/lib/libsunflower_interfaces__rosidl_typesupport_cpp.so
[36.793s] -- Set runtime path of "/home/pi/sunflower/install/sunflower_interfaces/lib/libsunflower_interfaces__rosidl_typesupport_cpp.so" to ""
[37.007s] Compiling '/home/pi/sunflower/install/sunflower_interfaces/lib/python3.8/site-packages/sunflower_interfaces/__init__.py'...
[37.040s] -- Up-to-date: /home/pi/sunflower/install/sunflower_interfaces/share/sunflower_interfaces/cmake/sunflower_interfaces__rosidl_generator_cExport.cmake
[37.042s] -- Installing: /home/pi/sunflower/install/sunflower_interfaces/share/sunflower_interfaces/cmake/sunflower_interfaces__rosidl_generator_cExport-noconfig.cmake
[37.043s] -- Up-to-date: /home/pi/sunflower/install/sunflower_interfaces/share/sunflower_interfaces/cmake/sunflower_interfaces__rosidl_typesupport_introspection_cExport.cmake
[37.044s] -- Installing: /home/pi/sunflower/install/sunflower_interfaces/share/sunflower_interfaces/cmake/sunflower_interfaces__rosidl_typesupport_introspection_cExport-noconfig.cmake
[37.044s] -- Up-to-date: /home/pi/sunflower/install/sunflower_interfaces/share/sunflower_interfaces/cmake/sunflower_interfaces__rosidl_typesupport_cExport.cmake
[37.045s] -- Installing: /home/pi/sunflower/install/sunflower_interfaces/share/sunflower_interfaces/cmake/sunflower_interfaces__rosidl_typesupport_cExport-noconfig.cmake
[37.046s] -- Up-to-date: /home/pi/sunflower/install/sunflower_interfaces/share/sunflower_interfaces/cmake/sunflower_interfaces__rosidl_generator_cppExport.cmake
[37.048s] -- Up-to-date: /home/pi/sunflower/install/sunflower_interfaces/share/sunflower_interfaces/cmake/sunflower_interfaces__rosidl_typesupport_introspection_cppExport.cmake
[37.050s] -- Installing: /home/pi/sunflower/install/sunflower_interfaces/share/sunflower_interfaces/cmake/sunflower_interfaces__rosidl_typesupport_introspection_cppExport-noconfig.cmake
[37.053s] -- Up-to-date: /home/pi/sunflower/install/sunflower_interfaces/share/sunflower_interfaces/cmake/sunflower_interfaces__rosidl_typesupport_cppExport.cmake
[37.055s] -- Installing: /home/pi/sunflower/install/sunflower_interfaces/share/sunflower_interfaces/cmake/sunflower_interfaces__rosidl_typesupport_cppExport-noconfig.cmake
[37.068s] Invoked command in '/home/pi/sunflower/build/sunflower_interfaces' returned '0': CMAKE_PREFIX_PATH=${CMAKE_PREFIX_PATH}:/home/pi/sunflower/install/tflite_pkg:/home/pi/sunflower/install/test_pkg:/opt/ros/foxy /usr/bin/cmake --install /home/pi/sunflower/build/sunflower_interfaces
