[2.971s] Invoking command in '/home/pi/sunflower/build/stem_pkg': PYTHONPATH=/home/pi/sunflower/install/stem_pkg/lib/python3.8/site-packages:${PYTHONPATH} /usr/bin/python3 setup.py develop --prefix /home/pi/sunflower/install/stem_pkg --editable --build-directory /home/pi/sunflower/build/stem_pkg/build --no-deps install_data --install-dir /home/pi/sunflower/install/stem_pkg
[4.073s] running develop
[4.765s] running egg_info
[4.766s] writing stem_pkg.egg-info/PKG-INFO
[4.767s] writing dependency_links to stem_pkg.egg-info/dependency_links.txt
[4.768s] writing entry points to stem_pkg.egg-info/entry_points.txt
[4.768s] writing requirements to stem_pkg.egg-info/requires.txt
[4.769s] writing top-level names to stem_pkg.egg-info/top_level.txt
[4.892s] reading manifest file 'stem_pkg.egg-info/SOURCES.txt'
[4.895s] writing manifest file 'stem_pkg.egg-info/SOURCES.txt'
[5.048s] running build_ext
[5.050s] Creating /home/pi/sunflower/install/stem_pkg/lib/python3.8/site-packages/stem-pkg.egg-link (link to .)
[5.055s] Installing calculator script to /home/pi/sunflower/install/stem_pkg/lib/stem_pkg
[5.057s] Installing cmd_selector script to /home/pi/sunflower/install/stem_pkg/lib/stem_pkg
[5.057s] Installing serial_talker script to /home/pi/sunflower/install/stem_pkg/lib/stem_pkg
[5.059s] Installing tensor script to /home/pi/sunflower/install/stem_pkg/lib/stem_pkg
[5.059s] Installing tensor_publisher script to /home/pi/sunflower/install/stem_pkg/lib/stem_pkg
[5.061s] 
[5.062s] Installed /home/pi/sunflower/build/stem_pkg
[5.064s] running install_data
[5.201s] Invoked command in '/home/pi/sunflower/build/stem_pkg' returned '0': PYTHONPATH=/home/pi/sunflower/install/stem_pkg/lib/python3.8/site-packages:${PYTHONPATH} /usr/bin/python3 setup.py develop --prefix /home/pi/sunflower/install/stem_pkg --editable --build-directory /home/pi/sunflower/build/stem_pkg/build --no-deps install_data --install-dir /home/pi/sunflower/install/stem_pkg
