[0.597s] DEBUG:colcon:Command line arguments: ['/usr/bin/colcon', 'build', '--symlink-install', '--packages-select', 'stem_pkg']
[0.597s] DEBUG:colcon:Parsed command line arguments: Namespace(allow_overriding=[], ament_cmake_args=None, base_paths=['.'], build_base='build', catkin_cmake_args=None, catkin_skip_building_tests=False, cmake_args=None, cmake_clean_cache=False, cmake_clean_first=False, cmake_force_configure=False, cmake_target=None, cmake_target_skip_unavailable=False, continue_on_error=False, event_handlers=None, executor='parallel', ignore_user_meta=False, install_base='install', log_base=None, log_level=None, main=<bound method BuildVerb.main of <colcon_core.verb.build.BuildVerb object at 0xffff8d333160>>, merge_install=False, metas=['./colcon.meta'], packages_above=None, packages_above_and_dependencies=None, packages_above_depth=None, packages_end=None, packages_ignore=None, packages_ignore_regex=None, packages_select=['stem_pkg'], packages_select_build_failed=False, packages_select_by_dep=None, packages_select_regex=None, packages_select_test_failures=False, packages_skip=None, packages_skip_build_finished=False, packages_skip_by_dep=None, packages_skip_regex=None, packages_skip_test_passed=False, packages_skip_up_to=None, packages_start=None, packages_up_to=None, packages_up_to_regex=None, parallel_workers=4, paths=None, symlink_install=True, test_result_base=None, verb_extension=<colcon_core.verb.build.BuildVerb object at 0xffff8d333160>, verb_name='build', verb_parser=<colcon_defaults.argument_parser.defaults.DefaultArgumentsDecorator object at 0xffff8d3336a0>)
[0.703s] Level 1:colcon.colcon_core.package_discovery:discover_packages(colcon_meta) check parameters
[0.704s] Level 1:colcon.colcon_core.package_discovery:discover_packages(recursive) check parameters
[0.704s] Level 1:colcon.colcon_core.package_discovery:discover_packages(ignore) check parameters
[0.704s] Level 1:colcon.colcon_core.package_discovery:discover_packages(path) check parameters
[0.704s] Level 1:colcon.colcon_core.package_discovery:discover_packages(colcon_meta) discover
[0.705s] Level 1:colcon.colcon_core.package_discovery:discover_packages(recursive) discover
[0.705s] INFO:colcon.colcon_core.package_discovery:Crawling recursively for packages in '/home/pi/sunflower'
[0.705s] Level 1:colcon.colcon_core.package_identification:_identify(.) by extensions ['ignore', 'ignore_ament_install']
[0.706s] Level 1:colcon.colcon_core.package_identification:_identify(.) by extension 'ignore'
[0.707s] Level 1:colcon.colcon_core.package_identification:_identify(.) by extension 'ignore_ament_install'
[0.707s] Level 1:colcon.colcon_core.package_identification:_identify(.) by extensions ['colcon_pkg']
[0.707s] Level 1:colcon.colcon_core.package_identification:_identify(.) by extension 'colcon_pkg'
[0.707s] Level 1:colcon.colcon_core.package_identification:_identify(.) by extensions ['colcon_meta']
[0.707s] Level 1:colcon.colcon_core.package_identification:_identify(.) by extension 'colcon_meta'
[0.707s] Level 1:colcon.colcon_core.package_identification:_identify(.) by extensions ['ros']
[0.708s] Level 1:colcon.colcon_core.package_identification:_identify(.) by extension 'ros'
[0.756s] Level 1:colcon.colcon_core.package_identification:_identify(.) by extensions ['cmake', 'python']
[0.756s] Level 1:colcon.colcon_core.package_identification:_identify(.) by extension 'cmake'
[0.756s] Level 1:colcon.colcon_core.package_identification:_identify(.) by extension 'python'
[0.756s] Level 1:colcon.colcon_core.package_identification:_identify(.) by extensions ['python_setup_py']
[0.757s] Level 1:colcon.colcon_core.package_identification:_identify(.) by extension 'python_setup_py'
[0.757s] Level 1:colcon.colcon_core.package_identification:_identify(__pycache__) by extensions ['ignore', 'ignore_ament_install']
[0.757s] Level 1:colcon.colcon_core.package_identification:_identify(__pycache__) by extension 'ignore'
[0.758s] Level 1:colcon.colcon_core.package_identification:_identify(__pycache__) by extension 'ignore_ament_install'
[0.758s] Level 1:colcon.colcon_core.package_identification:_identify(__pycache__) by extensions ['colcon_pkg']
[0.758s] Level 1:colcon.colcon_core.package_identification:_identify(__pycache__) by extension 'colcon_pkg'
[0.758s] Level 1:colcon.colcon_core.package_identification:_identify(__pycache__) by extensions ['colcon_meta']
[0.758s] Level 1:colcon.colcon_core.package_identification:_identify(__pycache__) by extension 'colcon_meta'
[0.759s] Level 1:colcon.colcon_core.package_identification:_identify(__pycache__) by extensions ['ros']
[0.759s] Level 1:colcon.colcon_core.package_identification:_identify(__pycache__) by extension 'ros'
[0.759s] Level 1:colcon.colcon_core.package_identification:_identify(__pycache__) by extensions ['cmake', 'python']
[0.759s] Level 1:colcon.colcon_core.package_identification:_identify(__pycache__) by extension 'cmake'
[0.760s] Level 1:colcon.colcon_core.package_identification:_identify(__pycache__) by extension 'python'
[0.760s] Level 1:colcon.colcon_core.package_identification:_identify(__pycache__) by extensions ['python_setup_py']
[0.760s] Level 1:colcon.colcon_core.package_identification:_identify(__pycache__) by extension 'python_setup_py'
[0.760s] Level 1:colcon.colcon_core.package_identification:_identify(build) by extensions ['ignore', 'ignore_ament_install']
[0.761s] Level 1:colcon.colcon_core.package_identification:_identify(build) by extension 'ignore'
[0.761s] Level 1:colcon.colcon_core.package_identification:_identify(build) ignored
[0.761s] Level 1:colcon.colcon_core.package_identification:_identify(install) by extensions ['ignore', 'ignore_ament_install']
[0.762s] Level 1:colcon.colcon_core.package_identification:_identify(install) by extension 'ignore'
[0.762s] Level 1:colcon.colcon_core.package_identification:_identify(install) ignored
[0.763s] Level 1:colcon.colcon_core.package_identification:_identify(log) by extensions ['ignore', 'ignore_ament_install']
[0.763s] Level 1:colcon.colcon_core.package_identification:_identify(log) by extension 'ignore'
[0.764s] Level 1:colcon.colcon_core.package_identification:_identify(log) ignored
[0.764s] Level 1:colcon.colcon_core.package_identification:_identify(src) by extensions ['ignore', 'ignore_ament_install']
[0.765s] Level 1:colcon.colcon_core.package_identification:_identify(src) by extension 'ignore'
[0.765s] Level 1:colcon.colcon_core.package_identification:_identify(src) by extension 'ignore_ament_install'
[0.765s] Level 1:colcon.colcon_core.package_identification:_identify(src) by extensions ['colcon_pkg']
[0.765s] Level 1:colcon.colcon_core.package_identification:_identify(src) by extension 'colcon_pkg'
[0.766s] Level 1:colcon.colcon_core.package_identification:_identify(src) by extensions ['colcon_meta']
[0.766s] Level 1:colcon.colcon_core.package_identification:_identify(src) by extension 'colcon_meta'
[0.767s] Level 1:colcon.colcon_core.package_identification:_identify(src) by extensions ['ros']
[0.767s] Level 1:colcon.colcon_core.package_identification:_identify(src) by extension 'ros'
[0.767s] Level 1:colcon.colcon_core.package_identification:_identify(src) by extensions ['cmake', 'python']
[0.767s] Level 1:colcon.colcon_core.package_identification:_identify(src) by extension 'cmake'
[0.767s] Level 1:colcon.colcon_core.package_identification:_identify(src) by extension 'python'
[0.768s] Level 1:colcon.colcon_core.package_identification:_identify(src) by extensions ['python_setup_py']
[0.768s] Level 1:colcon.colcon_core.package_identification:_identify(src) by extension 'python_setup_py'
[0.768s] Level 1:colcon.colcon_core.package_identification:_identify(src/stem_pkg) by extensions ['ignore', 'ignore_ament_install']
[0.769s] Level 1:colcon.colcon_core.package_identification:_identify(src/stem_pkg) by extension 'ignore'
[0.769s] Level 1:colcon.colcon_core.package_identification:_identify(src/stem_pkg) by extension 'ignore_ament_install'
[0.769s] Level 1:colcon.colcon_core.package_identification:_identify(src/stem_pkg) by extensions ['colcon_pkg']
[0.769s] Level 1:colcon.colcon_core.package_identification:_identify(src/stem_pkg) by extension 'colcon_pkg'
[0.769s] Level 1:colcon.colcon_core.package_identification:_identify(src/stem_pkg) by extensions ['colcon_meta']
[0.769s] Level 1:colcon.colcon_core.package_identification:_identify(src/stem_pkg) by extension 'colcon_meta'
[0.770s] Level 1:colcon.colcon_core.package_identification:_identify(src/stem_pkg) by extensions ['ros']
[0.770s] Level 1:colcon.colcon_core.package_identification:_identify(src/stem_pkg) by extension 'ros'
[0.774s] DEBUG:colcon.colcon_core.package_identification:Failed to parse potential ROS package manifest in'src/stem_pkg': Error(s) in package 'src/stem_pkg/package.xml':
The manifest contains invalid XML:
mismatched tag: line 22, column 2
[0.774s] Level 1:colcon.colcon_core.package_identification:_identify(src/stem_pkg) by extensions ['cmake', 'python']
[0.774s] Level 1:colcon.colcon_core.package_identification:_identify(src/stem_pkg) by extension 'cmake'
[0.774s] Level 1:colcon.colcon_core.package_identification:_identify(src/stem_pkg) by extension 'python'
[0.775s] DEBUG:colcon.colcon_core.package_identification:Python package in 'src/stem_pkg' passes arguments to the setup() function which requires a different identification extension than 'python'
[0.775s] Level 1:colcon.colcon_core.package_identification:_identify(src/stem_pkg) by extensions ['python_setup_py']
[0.775s] Level 1:colcon.colcon_core.package_identification:_identify(src/stem_pkg) by extension 'python_setup_py'
[2.197s] DEBUG:colcon.colcon_core.package_identification:Package 'src/stem_pkg' with type 'python' and name 'stem_pkg'
[2.198s] Level 1:colcon.colcon_core.package_identification:_identify(src/sunflower_interfaces) by extensions ['ignore', 'ignore_ament_install']
[2.199s] Level 1:colcon.colcon_core.package_identification:_identify(src/sunflower_interfaces) by extension 'ignore'
[2.200s] Level 1:colcon.colcon_core.package_identification:_identify(src/sunflower_interfaces) by extension 'ignore_ament_install'
[2.201s] Level 1:colcon.colcon_core.package_identification:_identify(src/sunflower_interfaces) by extensions ['colcon_pkg']
[2.201s] Level 1:colcon.colcon_core.package_identification:_identify(src/sunflower_interfaces) by extension 'colcon_pkg'
[2.202s] Level 1:colcon.colcon_core.package_identification:_identify(src/sunflower_interfaces) by extensions ['colcon_meta']
[2.202s] Level 1:colcon.colcon_core.package_identification:_identify(src/sunflower_interfaces) by extension 'colcon_meta'
[2.202s] Level 1:colcon.colcon_core.package_identification:_identify(src/sunflower_interfaces) by extensions ['ros']
[2.203s] Level 1:colcon.colcon_core.package_identification:_identify(src/sunflower_interfaces) by extension 'ros'
[2.213s] DEBUG:colcon.colcon_core.package_identification:Package 'src/sunflower_interfaces' with type 'ros.ament_cmake' and name 'sunflower_interfaces'
[2.214s] Level 1:colcon.colcon_core.package_identification:_identify(src/test_pkg) by extensions ['ignore', 'ignore_ament_install']
[2.215s] Level 1:colcon.colcon_core.package_identification:_identify(src/test_pkg) by extension 'ignore'
[2.215s] Level 1:colcon.colcon_core.package_identification:_identify(src/test_pkg) by extension 'ignore_ament_install'
[2.216s] Level 1:colcon.colcon_core.package_identification:_identify(src/test_pkg) by extensions ['colcon_pkg']
[2.216s] Level 1:colcon.colcon_core.package_identification:_identify(src/test_pkg) by extension 'colcon_pkg'
[2.217s] Level 1:colcon.colcon_core.package_identification:_identify(src/test_pkg) by extensions ['colcon_meta']
[2.217s] Level 1:colcon.colcon_core.package_identification:_identify(src/test_pkg) by extension 'colcon_meta'
[2.218s] Level 1:colcon.colcon_core.package_identification:_identify(src/test_pkg) by extensions ['ros']
[2.219s] Level 1:colcon.colcon_core.package_identification:_identify(src/test_pkg) by extension 'ros'
[2.222s] DEBUG:colcon.colcon_core.package_identification:Package 'src/test_pkg' with type 'ros.ament_python' and name 'test_pkg'
[2.223s] Level 1:colcon.colcon_core.package_identification:_identify(src/tflite_pkg) by extensions ['ignore', 'ignore_ament_install']
[2.224s] Level 1:colcon.colcon_core.package_identification:_identify(src/tflite_pkg) by extension 'ignore'
[2.225s] Level 1:colcon.colcon_core.package_identification:_identify(src/tflite_pkg) by extension 'ignore_ament_install'
[2.226s] Level 1:colcon.colcon_core.package_identification:_identify(src/tflite_pkg) by extensions ['colcon_pkg']
[2.226s] Level 1:colcon.colcon_core.package_identification:_identify(src/tflite_pkg) by extension 'colcon_pkg'
[2.227s] Level 1:colcon.colcon_core.package_identification:_identify(src/tflite_pkg) by extensions ['colcon_meta']
[2.228s] Level 1:colcon.colcon_core.package_identification:_identify(src/tflite_pkg) by extension 'colcon_meta'
[2.229s] Level 1:colcon.colcon_core.package_identification:_identify(src/tflite_pkg) by extensions ['ros']
[2.229s] Level 1:colcon.colcon_core.package_identification:_identify(src/tflite_pkg) by extension 'ros'
[2.236s] DEBUG:colcon.colcon_core.package_identification:Package 'src/tflite_pkg' with type 'ros.ament_python' and name 'tflite_pkg'
[2.236s] Level 1:colcon.colcon_core.package_discovery:discover_packages(recursive) using defaults
[2.237s] Level 1:colcon.colcon_core.package_discovery:discover_packages(ignore) discover
[2.237s] Level 1:colcon.colcon_core.package_discovery:discover_packages(ignore) using defaults
[2.237s] Level 1:colcon.colcon_core.package_discovery:discover_packages(path) discover
[2.238s] Level 1:colcon.colcon_core.package_discovery:discover_packages(path) using defaults
[2.324s] INFO:colcon.colcon_core.package_selection:Skipping not selected package 'sunflower_interfaces' in 'src/sunflower_interfaces'
[2.325s] INFO:colcon.colcon_core.package_selection:Skipping not selected package 'test_pkg' in 'src/test_pkg'
[2.325s] INFO:colcon.colcon_core.package_selection:Skipping not selected package 'tflite_pkg' in 'src/tflite_pkg'
[2.332s] Level 1:colcon.colcon_core.package_discovery:discover_packages(prefix_path) check parameters
[2.333s] Level 1:colcon.colcon_core.package_discovery:discover_packages(prefix_path) discover
[2.358s] DEBUG:colcon.colcon_installed_package_information.package_discovery:Found 2 installed packages in /home/pi/sunflower/install
[2.368s] DEBUG:colcon.colcon_installed_package_information.package_discovery:Found 263 installed packages in /opt/ros/foxy
[2.439s] Level 1:colcon.colcon_core.package_discovery:discover_packages(prefix_path) using defaults
[3.004s] Level 5:colcon.colcon_core.verb:set package 'stem_pkg' build argument 'cmake_args' from command line to 'None'
[3.004s] Level 5:colcon.colcon_core.verb:set package 'stem_pkg' build argument 'cmake_target' from command line to 'None'
[3.004s] Level 5:colcon.colcon_core.verb:set package 'stem_pkg' build argument 'cmake_target_skip_unavailable' from command line to 'False'
[3.004s] Level 5:colcon.colcon_core.verb:set package 'stem_pkg' build argument 'cmake_clean_cache' from command line to 'False'
[3.004s] Level 5:colcon.colcon_core.verb:set package 'stem_pkg' build argument 'cmake_clean_first' from command line to 'False'
[3.004s] Level 5:colcon.colcon_core.verb:set package 'stem_pkg' build argument 'cmake_force_configure' from command line to 'False'
[3.005s] Level 5:colcon.colcon_core.verb:set package 'stem_pkg' build argument 'ament_cmake_args' from command line to 'None'
[3.005s] Level 5:colcon.colcon_core.verb:set package 'stem_pkg' build argument 'catkin_cmake_args' from command line to 'None'
[3.005s] Level 5:colcon.colcon_core.verb:set package 'stem_pkg' build argument 'catkin_skip_building_tests' from command line to 'False'
[3.005s] DEBUG:colcon.colcon_core.verb:Building package 'stem_pkg' with the following arguments: {'ament_cmake_args': None, 'build_base': '/home/pi/sunflower/build/stem_pkg', 'catkin_cmake_args': None, 'catkin_skip_building_tests': False, 'cmake_args': None, 'cmake_clean_cache': False, 'cmake_clean_first': False, 'cmake_force_configure': False, 'cmake_target': None, 'cmake_target_skip_unavailable': False, 'install_base': '/home/pi/sunflower/install/stem_pkg', 'merge_install': False, 'path': '/home/pi/sunflower/src/stem_pkg', 'symlink_install': True, 'test_result_base': None}
[3.007s] INFO:colcon.colcon_core.executor:Executing jobs using 'parallel' executor
[3.014s] DEBUG:colcon.colcon_parallel_executor.executor.parallel:run_until_complete
[3.016s] INFO:colcon.colcon_core.task.python.build:Building Python package in '/home/pi/sunflower/src/stem_pkg'
[3.041s] INFO:colcon.colcon_core.plugin_system:Skipping extension 'colcon_core.shell.bat': Not used on non-Windows systems
[3.042s] INFO:colcon.colcon_core.shell:Skip shell extension 'powershell' for command environment: Not usable outside of PowerShell
[3.042s] DEBUG:colcon.colcon_core.shell:Skip shell extension 'dsv' for command environment
[6.170s] DEBUG:colcon.colcon_core.task.python.build:While undoing a previous installation files outside the Python library path are being ignored: /home/pi/sunflower/install/stem_pkg/share/ament_index/resource_index/packages/stem_pkg
[6.170s] DEBUG:colcon.colcon_core.task.python.build:While undoing a previous installation files outside the Python library path are being ignored: /home/pi/sunflower/install/stem_pkg/share/stem_pkg/package.xml
[6.170s] DEBUG:colcon.colcon_core.task.python.build:While undoing a previous installation files outside the Python library path are being ignored: /home/pi/sunflower/install/stem_pkg/share/stem_pkg/stem.launch.py
[6.171s] DEBUG:colcon.colcon_core.task.python.build:While undoing a previous installation files outside the Python library path are being ignored: /home/pi/sunflower/install/stem_pkg/lib/stem_pkg/calculator
[6.171s] DEBUG:colcon.colcon_core.task.python.build:While undoing a previous installation files outside the Python library path are being ignored: /home/pi/sunflower/install/stem_pkg/lib/stem_pkg/cmd_selector
[6.171s] DEBUG:colcon.colcon_core.task.python.build:While undoing a previous installation files outside the Python library path are being ignored: /home/pi/sunflower/install/stem_pkg/lib/stem_pkg/serial_talker
[6.171s] DEBUG:colcon.colcon_core.task.python.build:While undoing a previous installation files outside the Python library path are being ignored: /home/pi/sunflower/install/stem_pkg/lib/stem_pkg/tensor
[6.172s] DEBUG:colcon.colcon_core.task.python.build:While undoing a previous installation files outside the Python library path are being ignored: /home/pi/sunflower/install/stem_pkg/lib/stem_pkg/tensor_publisher
[6.179s] DEBUG:colcon.colcon_core.event_handler.log_command:Invoking command in '/home/pi/sunflower/build/stem_pkg': PYTHONPATH=/home/pi/sunflower/install/stem_pkg/lib/python3.8/site-packages:${PYTHONPATH} /usr/bin/python3 setup.py develop --prefix /home/pi/sunflower/install/stem_pkg --editable --build-directory /home/pi/sunflower/build/stem_pkg/build --no-deps install_data --install-dir /home/pi/sunflower/install/stem_pkg
[8.419s] Level 1:colcon.colcon_core.shell:create_environment_hook('stem_pkg', 'pythonpath_develop')
[8.421s] INFO:colcon.colcon_core.shell:Creating environment hook '/home/pi/sunflower/build/stem_pkg/share/stem_pkg/hook/pythonpath_develop.ps1'
[8.423s] DEBUG:colcon.colcon_core.event_handler.log_command:Invoked command in '/home/pi/sunflower/build/stem_pkg' returned '0': PYTHONPATH=/home/pi/sunflower/install/stem_pkg/lib/python3.8/site-packages:${PYTHONPATH} /usr/bin/python3 setup.py develop --prefix /home/pi/sunflower/install/stem_pkg --editable --build-directory /home/pi/sunflower/build/stem_pkg/build --no-deps install_data --install-dir /home/pi/sunflower/install/stem_pkg
[8.428s] INFO:colcon.colcon_core.shell:Creating environment descriptor '/home/pi/sunflower/build/stem_pkg/share/stem_pkg/hook/pythonpath_develop.dsv'
[8.432s] INFO:colcon.colcon_core.shell:Creating environment hook '/home/pi/sunflower/build/stem_pkg/share/stem_pkg/hook/pythonpath_develop.sh'
[8.469s] Level 1:colcon.colcon_core.environment:checking '/home/pi/sunflower/install/stem_pkg' for CMake module files
[8.471s] Level 1:colcon.colcon_core.environment:checking '/home/pi/sunflower/install/stem_pkg' for CMake config files
[8.475s] Level 1:colcon.colcon_core.environment:checking '/home/pi/sunflower/install/stem_pkg/lib'
[8.476s] Level 1:colcon.colcon_core.environment:checking '/home/pi/sunflower/install/stem_pkg/bin'
[8.476s] Level 1:colcon.colcon_core.environment:checking '/home/pi/sunflower/install/stem_pkg/lib/pkgconfig/stem_pkg.pc'
[8.477s] Level 1:colcon.colcon_core.environment:checking '/home/pi/sunflower/install/stem_pkg/lib/python3.8/site-packages'
[8.478s] Level 1:colcon.colcon_core.shell:create_environment_hook('stem_pkg', 'pythonpath')
[8.480s] INFO:colcon.colcon_core.shell:Creating environment hook '/home/pi/sunflower/install/stem_pkg/share/stem_pkg/hook/pythonpath.ps1'
[8.482s] INFO:colcon.colcon_core.shell:Creating environment descriptor '/home/pi/sunflower/install/stem_pkg/share/stem_pkg/hook/pythonpath.dsv'
[8.483s] INFO:colcon.colcon_core.shell:Creating environment hook '/home/pi/sunflower/install/stem_pkg/share/stem_pkg/hook/pythonpath.sh'
[8.486s] Level 1:colcon.colcon_core.environment:checking '/home/pi/sunflower/install/stem_pkg/bin'
[8.486s] Level 1:colcon.colcon_core.environment:create_environment_scripts_only(stem_pkg)
[8.489s] INFO:colcon.colcon_core.shell:Creating package script '/home/pi/sunflower/install/stem_pkg/share/stem_pkg/package.ps1'
[8.495s] INFO:colcon.colcon_core.shell:Creating package descriptor '/home/pi/sunflower/install/stem_pkg/share/stem_pkg/package.dsv'
[8.499s] INFO:colcon.colcon_core.shell:Creating package script '/home/pi/sunflower/install/stem_pkg/share/stem_pkg/package.sh'
[8.503s] INFO:colcon.colcon_core.shell:Creating package script '/home/pi/sunflower/install/stem_pkg/share/stem_pkg/package.bash'
[8.508s] INFO:colcon.colcon_core.shell:Creating package script '/home/pi/sunflower/install/stem_pkg/share/stem_pkg/package.zsh'
[8.512s] Level 1:colcon.colcon_core.environment:create_file_with_runtime_dependencies(/home/pi/sunflower/install/stem_pkg/share/colcon-core/packages/stem_pkg)
[8.515s] DEBUG:colcon.colcon_parallel_executor.executor.parallel:closing loop
[8.516s] DEBUG:colcon.colcon_parallel_executor.executor.parallel:loop closed
[8.517s] DEBUG:colcon.colcon_parallel_executor.executor.parallel:run_until_complete finished with '0'
[8.518s] DEBUG:colcon.colcon_core.event_reactor:joining thread
[8.546s] INFO:colcon.colcon_core.plugin_system:Skipping extension 'colcon_notification.desktop_notification.terminal_notifier': Not used on non-Darwin systems
[8.546s] INFO:colcon.colcon_core.plugin_system:Skipping extension 'colcon_notification.desktop_notification.win32': Not used on non-Windows systems
[8.547s] INFO:colcon.colcon_notification.desktop_notification:Sending desktop notification using 'notify2'
[8.636s] DEBUG:colcon.colcon_core.event_reactor:joined thread
[8.639s] INFO:colcon.colcon_core.shell:Creating prefix script '/home/pi/sunflower/install/local_setup.ps1'
[8.647s] INFO:colcon.colcon_core.shell:Creating prefix util module '/home/pi/sunflower/install/_local_setup_util_ps1.py'
[8.655s] INFO:colcon.colcon_core.shell:Creating prefix chain script '/home/pi/sunflower/install/setup.ps1'
[8.662s] INFO:colcon.colcon_core.shell:Creating prefix script '/home/pi/sunflower/install/local_setup.sh'
[8.685s] INFO:colcon.colcon_core.shell:Creating prefix util module '/home/pi/sunflower/install/_local_setup_util_sh.py'
[8.688s] INFO:colcon.colcon_core.shell:Creating prefix chain script '/home/pi/sunflower/install/setup.sh'
[8.709s] INFO:colcon.colcon_core.shell:Creating prefix script '/home/pi/sunflower/install/local_setup.bash'
[8.716s] INFO:colcon.colcon_core.shell:Creating prefix chain script '/home/pi/sunflower/install/setup.bash'
[8.724s] INFO:colcon.colcon_core.shell:Creating prefix script '/home/pi/sunflower/install/local_setup.zsh'
[8.729s] INFO:colcon.colcon_core.shell:Creating prefix chain script '/home/pi/sunflower/install/setup.zsh'
