[1.851s] Invoking command in '/home/pi/sunflower/build/sunflower_interfaces': CMAKE_PREFIX_PATH=${CMAKE_PREFIX_PATH}:/home/pi/sunflower/install/tflite_pkg:/home/pi/sunflower/install/test_pkg:/opt/ros/foxy /usr/bin/cmake --build /home/pi/sunflower/build/sunflower_interfaces -- -j4 -l4
[4.492s] [  3%] Built target sunflower_interfaces__cpp
[4.496s] [ 12%] Built target sunflower_interfaces__rosidl_generator_c
[4.497s] [ 22%] Built target sunflower_interfaces__rosidl_typesupport_introspection_c
[4.498s] [ 32%] Built target sunflower_interfaces__rosidl_typesupport_cpp
[4.499s] [ 41%] Built target sunflower_interfaces__rosidl_typesupport_introspection_cpp
[4.506s] [ 51%] Built target sunflower_interfaces__rosidl_typesupport_fastrtps_cpp
[4.508s] [ 61%] Built target sunflower_interfaces__rosidl_typesupport_c
[4.508s] [ 70%] Built target sunflower_interfaces__rosidl_typesupport_fastrtps_c
[4.509s] [ 70%] Built target sunflower_interfaces
[4.509s] [ 74%] Built target sunflower_interfaces__py
[4.510s] [ 80%] Built target sunflower_interfaces__python
[4.511s] [ 87%] Built target sunflower_interfaces__rosidl_typesupport_c__pyext
[4.512s] [ 93%] Built target sunflower_interfaces__rosidl_typesupport_fastrtps_c__pyext
[4.512s] [100%] Built target sunflower_interfaces__rosidl_typesupport_introspection_c__pyext
[6.284s] Invoked command in '/home/pi/sunflower/build/sunflower_interfaces' returned '0': CMAKE_PREFIX_PATH=${CMAKE_PREFIX_PATH}:/home/pi/sunflower/install/tflite_pkg:/home/pi/sunflower/install/test_pkg:/opt/ros/foxy /usr/bin/cmake --build /home/pi/sunflower/build/sunflower_interfaces -- -j4 -l4
[8.197s] Invoking command in '/home/pi/sunflower/build/sunflower_interfaces': CMAKE_PREFIX_PATH=${CMAKE_PREFIX_PATH}:/home/pi/sunflower/install/tflite_pkg:/home/pi/sunflower/install/test_pkg:/opt/ros/foxy /usr/bin/cmake --install /home/pi/sunflower/build/sunflower_interfaces
[8.277s] -- Install configuration: ""
[8.282s] -- Execute custom install script
[8.287s] -- Up-to-date symlink: /home/pi/sunflower/install/sunflower_interfaces/share/ament_index/resource_index/rosidl_interfaces/sunflower_interfaces
[8.293s] -- Up-to-date symlink: /home/pi/sunflower/install/sunflower_interfaces/include/sunflower_interfaces/msg/detail/tflite_result__functions.h
[8.297s] -- Up-to-date symlink: /home/pi/sunflower/install/sunflower_interfaces/include/sunflower_interfaces/msg/detail/tflite_result__struct.h
[8.301s] -- Up-to-date symlink: /home/pi/sunflower/install/sunflower_interfaces/include/sunflower_interfaces/msg/detail/tflite_result__type_support.h
[8.304s] -- Up-to-date symlink: /home/pi/sunflower/install/sunflower_interfaces/include/sunflower_interfaces/msg/rosidl_generator_c__visibility_control.h
[8.308s] -- Up-to-date symlink: /home/pi/sunflower/install/sunflower_interfaces/include/sunflower_interfaces/msg/tflite_result.h
[8.314s] -- Up-to-date symlink: /home/pi/sunflower/install/sunflower_interfaces/share/sunflower_interfaces/environment/library_path.sh
[8.319s] -- Up-to-date symlink: /home/pi/sunflower/install/sunflower_interfaces/share/sunflower_interfaces/environment/library_path.dsv
[8.325s] -- Up-to-date symlink: /home/pi/sunflower/install/sunflower_interfaces/include/sunflower_interfaces/msg/detail/tflite_result__rosidl_typesupport_fastrtps_c.h
[8.329s] -- Up-to-date symlink: /home/pi/sunflower/install/sunflower_interfaces/include/sunflower_interfaces/msg/rosidl_typesupport_fastrtps_c__visibility_control.h
[8.333s] -- Up-to-date symlink: /home/pi/sunflower/install/sunflower_interfaces/lib/libsunflower_interfaces__rosidl_typesupport_fastrtps_c.so
[8.342s] -- Up-to-date symlink: /home/pi/sunflower/install/sunflower_interfaces/include/sunflower_interfaces/msg/detail/tflite_result__rosidl_typesupport_fastrtps_cpp.hpp
[8.346s] -- Up-to-date symlink: /home/pi/sunflower/install/sunflower_interfaces/include/sunflower_interfaces/msg/rosidl_typesupport_fastrtps_cpp__visibility_control.h
[8.352s] -- Up-to-date symlink: /home/pi/sunflower/install/sunflower_interfaces/lib/libsunflower_interfaces__rosidl_typesupport_fastrtps_cpp.so
[8.359s] -- Up-to-date symlink: /home/pi/sunflower/install/sunflower_interfaces/include/sunflower_interfaces/msg/detail/tflite_result__rosidl_typesupport_introspection_c.h
[8.364s] -- Up-to-date symlink: /home/pi/sunflower/install/sunflower_interfaces/include/sunflower_interfaces/msg/rosidl_typesupport_introspection_c__visibility_control.h
[8.374s] -- Up-to-date symlink: /home/pi/sunflower/install/sunflower_interfaces/include/sunflower_interfaces/msg/detail/tflite_result__builder.hpp
[8.379s] -- Up-to-date symlink: /home/pi/sunflower/install/sunflower_interfaces/include/sunflower_interfaces/msg/detail/tflite_result__struct.hpp
[8.383s] -- Up-to-date symlink: /home/pi/sunflower/install/sunflower_interfaces/include/sunflower_interfaces/msg/detail/tflite_result__traits.hpp
[8.388s] -- Up-to-date symlink: /home/pi/sunflower/install/sunflower_interfaces/include/sunflower_interfaces/msg/tflite_result.hpp
[8.395s] -- Up-to-date symlink: /home/pi/sunflower/install/sunflower_interfaces/include/sunflower_interfaces/msg/detail/tflite_result__rosidl_typesupport_introspection_cpp.hpp
[8.401s] -- Up-to-date symlink: /home/pi/sunflower/install/sunflower_interfaces/share/sunflower_interfaces/environment/pythonpath.sh
[8.405s] -- Up-to-date symlink: /home/pi/sunflower/install/sunflower_interfaces/share/sunflower_interfaces/environment/pythonpath.dsv
[8.410s] -- Up-to-date symlink: /home/pi/sunflower/install/sunflower_interfaces/lib/python3.8/site-packages/sunflower_interfaces/__init__.py
[8.416s] -- Up-to-date symlink: /home/pi/sunflower/install/sunflower_interfaces/lib/python3.8/site-packages/sunflower_interfaces/msg/__init__.py
[8.420s] -- Up-to-date symlink: /home/pi/sunflower/install/sunflower_interfaces/lib/python3.8/site-packages/sunflower_interfaces/msg/_tflite_result.py
[8.426s] -- Up-to-date symlink: /home/pi/sunflower/install/sunflower_interfaces/lib/python3.8/site-packages/sunflower_interfaces/sunflower_interfaces_s__rosidl_typesupport_fastrtps_c.cpython-38-aarch64-linux-gnu.so
[8.432s] -- Up-to-date symlink: /home/pi/sunflower/install/sunflower_interfaces/lib/python3.8/site-packages/sunflower_interfaces/sunflower_interfaces_s__rosidl_typesupport_introspection_c.cpython-38-aarch64-linux-gnu.so
[8.439s] -- Up-to-date symlink: /home/pi/sunflower/install/sunflower_interfaces/lib/python3.8/site-packages/sunflower_interfaces/sunflower_interfaces_s__rosidl_typesupport_c.cpython-38-aarch64-linux-gnu.so
[8.445s] -- Up-to-date symlink: /home/pi/sunflower/install/sunflower_interfaces/lib/libsunflower_interfaces__python.so
[8.449s] -- Up-to-date symlink: /home/pi/sunflower/install/sunflower_interfaces/share/sunflower_interfaces/msg/TfliteResult.idl
[8.453s] -- Up-to-date symlink: /home/pi/sunflower/install/sunflower_interfaces/share/sunflower_interfaces/msg/TfliteResult.msg
[8.459s] -- Up-to-date symlink: /home/pi/sunflower/install/sunflower_interfaces/share/ament_index/resource_index/package_run_dependencies/sunflower_interfaces
[8.475s] -- Up-to-date symlink: /home/pi/sunflower/install/sunflower_interfaces/share/ament_index/resource_index/parent_prefix_path/sunflower_interfaces
[8.481s] -- Up-to-date symlink: /home/pi/sunflower/install/sunflower_interfaces/share/sunflower_interfaces/environment/ament_prefix_path.sh
[8.485s] -- Up-to-date symlink: /home/pi/sunflower/install/sunflower_interfaces/share/sunflower_interfaces/environment/ament_prefix_path.dsv
[8.500s] -- Up-to-date symlink: /home/pi/sunflower/install/sunflower_interfaces/share/sunflower_interfaces/environment/path.sh
[8.504s] -- Up-to-date symlink: /home/pi/sunflower/install/sunflower_interfaces/share/sunflower_interfaces/environment/path.dsv
[8.508s] -- Up-to-date symlink: /home/pi/sunflower/install/sunflower_interfaces/share/sunflower_interfaces/local_setup.bash
[8.513s] -- Up-to-date symlink: /home/pi/sunflower/install/sunflower_interfaces/share/sunflower_interfaces/local_setup.sh
[8.518s] -- Up-to-date symlink: /home/pi/sunflower/install/sunflower_interfaces/share/sunflower_interfaces/local_setup.zsh
[8.522s] -- Up-to-date symlink: /home/pi/sunflower/install/sunflower_interfaces/share/sunflower_interfaces/local_setup.dsv
[8.527s] -- Symlinking: /home/pi/sunflower/install/sunflower_interfaces/share/sunflower_interfaces/package.dsv
[8.584s] -- Up-to-date symlink: /home/pi/sunflower/install/sunflower_interfaces/share/ament_index/resource_index/packages/sunflower_interfaces
[8.586s] -- Up-to-date symlink: /home/pi/sunflower/install/sunflower_interfaces/share/sunflower_interfaces/cmake/rosidl_cmake-extras.cmake
[8.588s] -- Up-to-date symlink: /home/pi/sunflower/install/sunflower_interfaces/share/sunflower_interfaces/cmake/ament_cmake_export_dependencies-extras.cmake
[8.590s] -- Up-to-date symlink: /home/pi/sunflower/install/sunflower_interfaces/share/sunflower_interfaces/cmake/ament_cmake_export_libraries-extras.cmake
[8.594s] -- Up-to-date symlink: /home/pi/sunflower/install/sunflower_interfaces/share/sunflower_interfaces/cmake/ament_cmake_export_targets-extras.cmake
[8.609s] -- Up-to-date symlink: /home/pi/sunflower/install/sunflower_interfaces/share/sunflower_interfaces/cmake/ament_cmake_export_include_directories-extras.cmake
[8.612s] -- Up-to-date symlink: /home/pi/sunflower/install/sunflower_interfaces/share/sunflower_interfaces/cmake/rosidl_cmake_export_typesupport_libraries-extras.cmake
[8.615s] -- Up-to-date symlink: /home/pi/sunflower/install/sunflower_interfaces/share/sunflower_interfaces/cmake/rosidl_cmake_export_typesupport_targets-extras.cmake
[8.618s] -- Up-to-date symlink: /home/pi/sunflower/install/sunflower_interfaces/share/sunflower_interfaces/cmake/sunflower_interfacesConfig.cmake
[8.620s] -- Up-to-date symlink: /home/pi/sunflower/install/sunflower_interfaces/share/sunflower_interfaces/cmake/sunflower_interfacesConfig-version.cmake
[8.632s] -- Up-to-date symlink: /home/pi/sunflower/install/sunflower_interfaces/share/sunflower_interfaces/package.xml
[8.634s] -- Up-to-date: /home/pi/sunflower/install/sunflower_interfaces/lib/libsunflower_interfaces__rosidl_generator_c.so
[8.638s] -- Up-to-date: /home/pi/sunflower/install/sunflower_interfaces/lib/libsunflower_interfaces__rosidl_typesupport_introspection_c.so
[8.642s] -- Up-to-date: /home/pi/sunflower/install/sunflower_interfaces/lib/libsunflower_interfaces__rosidl_typesupport_c.so
[8.658s] -- Up-to-date: /home/pi/sunflower/install/sunflower_interfaces/lib/libsunflower_interfaces__rosidl_typesupport_introspection_cpp.so
[8.662s] -- Up-to-date: /home/pi/sunflower/install/sunflower_interfaces/lib/libsunflower_interfaces__rosidl_typesupport_cpp.so
[9.163s] -- Up-to-date: /home/pi/sunflower/install/sunflower_interfaces/share/sunflower_interfaces/cmake/sunflower_interfaces__rosidl_generator_cExport.cmake
[9.163s] -- Up-to-date: /home/pi/sunflower/install/sunflower_interfaces/share/sunflower_interfaces/cmake/sunflower_interfaces__rosidl_generator_cExport-noconfig.cmake
[9.164s] -- Up-to-date: /home/pi/sunflower/install/sunflower_interfaces/share/sunflower_interfaces/cmake/sunflower_interfaces__rosidl_typesupport_introspection_cExport.cmake
[9.166s] -- Up-to-date: /home/pi/sunflower/install/sunflower_interfaces/share/sunflower_interfaces/cmake/sunflower_interfaces__rosidl_typesupport_introspection_cExport-noconfig.cmake
[9.168s] -- Up-to-date: /home/pi/sunflower/install/sunflower_interfaces/share/sunflower_interfaces/cmake/sunflower_interfaces__rosidl_typesupport_cExport.cmake
[9.170s] -- Up-to-date: /home/pi/sunflower/install/sunflower_interfaces/share/sunflower_interfaces/cmake/sunflower_interfaces__rosidl_typesupport_cExport-noconfig.cmake
[9.173s] -- Up-to-date: /home/pi/sunflower/install/sunflower_interfaces/share/sunflower_interfaces/cmake/sunflower_interfaces__rosidl_generator_cppExport.cmake
[9.184s] -- Up-to-date: /home/pi/sunflower/install/sunflower_interfaces/share/sunflower_interfaces/cmake/sunflower_interfaces__rosidl_typesupport_introspection_cppExport.cmake
[9.189s] -- Up-to-date: /home/pi/sunflower/install/sunflower_interfaces/share/sunflower_interfaces/cmake/sunflower_interfaces__rosidl_typesupport_introspection_cppExport-noconfig.cmake
[9.193s] -- Up-to-date: /home/pi/sunflower/install/sunflower_interfaces/share/sunflower_interfaces/cmake/sunflower_interfaces__rosidl_typesupport_cppExport.cmake
[9.197s] -- Up-to-date: /home/pi/sunflower/install/sunflower_interfaces/share/sunflower_interfaces/cmake/sunflower_interfaces__rosidl_typesupport_cppExport-noconfig.cmake
[9.215s] Invoked command in '/home/pi/sunflower/build/sunflower_interfaces' returned '0': CMAKE_PREFIX_PATH=${CMAKE_PREFIX_PATH}:/home/pi/sunflower/install/tflite_pkg:/home/pi/sunflower/install/test_pkg:/opt/ros/foxy /usr/bin/cmake --install /home/pi/sunflower/build/sunflower_interfaces
