[2.922s] Invoking command in '/home/pi/sunflower/build/stem_pkg': PYTHONPATH=/home/pi/sunflower/install/stem_pkg/lib/python3.8/site-packages:${PYTHONPATH} /usr/bin/python3 setup.py develop --prefix /home/pi/sunflower/install/stem_pkg --editable --build-directory /home/pi/sunflower/build/stem_pkg/build --no-deps install_data --install-dir /home/pi/sunflower/install/stem_pkg
[4.042s] running develop
[4.724s] running egg_info
[4.724s] writing stem_pkg.egg-info/PKG-INFO
[4.725s] writing dependency_links to stem_pkg.egg-info/dependency_links.txt
[4.726s] writing entry points to stem_pkg.egg-info/entry_points.txt
[4.727s] writing requirements to stem_pkg.egg-info/requires.txt
[4.728s] writing top-level names to stem_pkg.egg-info/top_level.txt
[4.851s] reading manifest file 'stem_pkg.egg-info/SOURCES.txt'
[4.854s] writing manifest file 'stem_pkg.egg-info/SOURCES.txt'
[5.003s] running build_ext
[5.004s] Creating /home/pi/sunflower/install/stem_pkg/lib/python3.8/site-packages/stem-pkg.egg-link (link to .)
[5.007s] Installing calculator script to /home/pi/sunflower/install/stem_pkg/lib/stem_pkg
[5.008s] Installing cmd_selector script to /home/pi/sunflower/install/stem_pkg/lib/stem_pkg
[5.009s] Installing serial_talker script to /home/pi/sunflower/install/stem_pkg/lib/stem_pkg
[5.010s] Installing tensor script to /home/pi/sunflower/install/stem_pkg/lib/stem_pkg
[5.010s] Installing tensor_publisher script to /home/pi/sunflower/install/stem_pkg/lib/stem_pkg
[5.012s] 
[5.012s] Installed /home/pi/sunflower/build/stem_pkg
[5.013s] running install_data
[5.013s] copying package.xml -> /home/pi/sunflower/install/stem_pkg/share/stem_pkg
[5.136s] Invoked command in '/home/pi/sunflower/build/stem_pkg' returned '0': PYTHONPATH=/home/pi/sunflower/install/stem_pkg/lib/python3.8/site-packages:${PYTHONPATH} /usr/bin/python3 setup.py develop --prefix /home/pi/sunflower/install/stem_pkg --editable --build-directory /home/pi/sunflower/build/stem_pkg/build --no-deps install_data --install-dir /home/pi/sunflower/install/stem_pkg
