running develop
running egg_info
writing ../../build/stem_pkg/stem_pkg.egg-info/PKG-INFO
writing dependency_links to ../../build/stem_pkg/stem_pkg.egg-info/dependency_links.txt
writing entry points to ../../build/stem_pkg/stem_pkg.egg-info/entry_points.txt
writing requirements to ../../build/stem_pkg/stem_pkg.egg-info/requires.txt
writing top-level names to ../../build/stem_pkg/stem_pkg.egg-info/top_level.txt
reading manifest file '../../build/stem_pkg/stem_pkg.egg-info/SOURCES.txt'
writing manifest file '../../build/stem_pkg/stem_pkg.egg-info/SOURCES.txt'
running build
running build_py
running install
running install_lib
running install_data
copying package.xml -> /home/pi/sunflower/install/stem_pkg/share/stem_pkg
running install_egg_info
removing '/home/pi/sunflower/install/stem_pkg/lib/python3.8/site-packages/stem_pkg-0.0.0-py3.8.egg-info' (and everything under it)
Copying ../../build/stem_pkg/stem_pkg.egg-info to /home/pi/sunflower/install/stem_pkg/lib/python3.8/site-packages/stem_pkg-0.0.0-py3.8.egg-info
running install_scripts
Installing calculator script to /home/pi/sunflower/install/stem_pkg/lib/stem_pkg
Installing cmd_selector script to /home/pi/sunflower/install/stem_pkg/lib/stem_pkg
Installing serial_talker script to /home/pi/sunflower/install/stem_pkg/lib/stem_pkg
Installing tensor script to /home/pi/sunflower/install/stem_pkg/lib/stem_pkg
Installing tensor_publisher script to /home/pi/sunflower/install/stem_pkg/lib/stem_pkg
writing list of installed files to '/home/pi/sunflower/build/stem_pkg/install.log'
