[4.227s] Invoking command in '/home/pi/sunflower/build/sunflower_interfaces': CMAKE_PREFIX_PATH=${CMAKE_PREFIX_PATH}:/home/pi/sunflower/install/tflite_pkg:/home/pi/sunflower/install/test_pkg:/opt/ros/foxy /usr/bin/cmake --build /home/pi/sunflower/build/sunflower_interfaces -- -j4 -l4
[4.700s] [  3%] Built target sunflower_interfaces__cpp
[4.813s] [ 12%] Built target sunflower_interfaces__rosidl_generator_c
[5.097s] [ 22%] Built target sunflower_interfaces__rosidl_typesupport_introspection_c
[5.114s] [ 35%] Built target sunflower_interfaces__rosidl_typesupport_fastrtps_cpp
[5.115s] [ 41%] Built target sunflower_interfaces__rosidl_typesupport_cpp
[5.130s] [ 51%] Built target sunflower_interfaces__rosidl_typesupport_introspection_cpp
[5.328s] [ 61%] Built target sunflower_interfaces__rosidl_typesupport_c
[5.399s] [ 70%] Built target sunflower_interfaces__rosidl_typesupport_fastrtps_c
[5.505s] [ 70%] Built target sunflower_interfaces
[5.635s] [ 74%] Built target sunflower_interfaces__py
[5.861s] [ 80%] Built target sunflower_interfaces__python
[6.326s] [ 87%] Built target sunflower_interfaces__rosidl_typesupport_introspection_c__pyext
[6.345s] [ 93%] Built target sunflower_interfaces__rosidl_typesupport_fastrtps_c__pyext
[6.357s] [100%] Built target sunflower_interfaces__rosidl_typesupport_c__pyext
[6.765s] Invoked command in '/home/pi/sunflower/build/sunflower_interfaces' returned '0': CMAKE_PREFIX_PATH=${CMAKE_PREFIX_PATH}:/home/pi/sunflower/install/tflite_pkg:/home/pi/sunflower/install/test_pkg:/opt/ros/foxy /usr/bin/cmake --build /home/pi/sunflower/build/sunflower_interfaces -- -j4 -l4
[8.752s] Invoking command in '/home/pi/sunflower/build/sunflower_interfaces': CMAKE_PREFIX_PATH=${CMAKE_PREFIX_PATH}:/home/pi/sunflower/install/tflite_pkg:/home/pi/sunflower/install/test_pkg:/opt/ros/foxy /usr/bin/cmake --install /home/pi/sunflower/build/sunflower_interfaces
[8.854s] -- Install configuration: ""
[8.858s] -- Execute custom install script
[8.863s] -- Up-to-date symlink: /home/pi/sunflower/install/sunflower_interfaces/share/ament_index/resource_index/rosidl_interfaces/sunflower_interfaces
[8.873s] -- Up-to-date symlink: /home/pi/sunflower/install/sunflower_interfaces/include/sunflower_interfaces/msg/detail/tflite_result__functions.h
[8.890s] -- Up-to-date symlink: /home/pi/sunflower/install/sunflower_interfaces/include/sunflower_interfaces/msg/detail/tflite_result__struct.h
[8.893s] -- Up-to-date symlink: /home/pi/sunflower/install/sunflower_interfaces/include/sunflower_interfaces/msg/detail/tflite_result__type_support.h
[8.895s] -- Up-to-date symlink: /home/pi/sunflower/install/sunflower_interfaces/include/sunflower_interfaces/msg/rosidl_generator_c__visibility_control.h
[8.898s] -- Up-to-date symlink: /home/pi/sunflower/install/sunflower_interfaces/include/sunflower_interfaces/msg/tflite_result.h
[8.901s] -- Up-to-date symlink: /home/pi/sunflower/install/sunflower_interfaces/share/sunflower_interfaces/environment/library_path.sh
[8.904s] -- Up-to-date symlink: /home/pi/sunflower/install/sunflower_interfaces/share/sunflower_interfaces/environment/library_path.dsv
[8.915s] -- Up-to-date symlink: /home/pi/sunflower/install/sunflower_interfaces/include/sunflower_interfaces/msg/detail/tflite_result__rosidl_typesupport_fastrtps_c.h
[8.918s] -- Up-to-date symlink: /home/pi/sunflower/install/sunflower_interfaces/include/sunflower_interfaces/msg/rosidl_typesupport_fastrtps_c__visibility_control.h
[8.925s] -- Up-to-date symlink: /home/pi/sunflower/install/sunflower_interfaces/lib/libsunflower_interfaces__rosidl_typesupport_fastrtps_c.so
[8.942s] -- Up-to-date symlink: /home/pi/sunflower/install/sunflower_interfaces/include/sunflower_interfaces/msg/detail/tflite_result__rosidl_typesupport_fastrtps_cpp.hpp
[8.945s] -- Up-to-date symlink: /home/pi/sunflower/install/sunflower_interfaces/include/sunflower_interfaces/msg/rosidl_typesupport_fastrtps_cpp__visibility_control.h
[8.949s] -- Up-to-date symlink: /home/pi/sunflower/install/sunflower_interfaces/lib/libsunflower_interfaces__rosidl_typesupport_fastrtps_cpp.so
[8.959s] -- Up-to-date symlink: /home/pi/sunflower/install/sunflower_interfaces/include/sunflower_interfaces/msg/detail/tflite_result__rosidl_typesupport_introspection_c.h
[8.962s] -- Up-to-date symlink: /home/pi/sunflower/install/sunflower_interfaces/include/sunflower_interfaces/msg/rosidl_typesupport_introspection_c__visibility_control.h
[8.971s] -- Up-to-date symlink: /home/pi/sunflower/install/sunflower_interfaces/include/sunflower_interfaces/msg/detail/tflite_result__builder.hpp
[8.975s] -- Up-to-date symlink: /home/pi/sunflower/install/sunflower_interfaces/include/sunflower_interfaces/msg/detail/tflite_result__struct.hpp
[8.978s] -- Up-to-date symlink: /home/pi/sunflower/install/sunflower_interfaces/include/sunflower_interfaces/msg/detail/tflite_result__traits.hpp
[8.981s] -- Up-to-date symlink: /home/pi/sunflower/install/sunflower_interfaces/include/sunflower_interfaces/msg/tflite_result.hpp
[8.991s] -- Up-to-date symlink: /home/pi/sunflower/install/sunflower_interfaces/include/sunflower_interfaces/msg/detail/tflite_result__rosidl_typesupport_introspection_cpp.hpp
[8.991s] -- Up-to-date symlink: /home/pi/sunflower/install/sunflower_interfaces/share/sunflower_interfaces/environment/pythonpath.sh
[8.993s] -- Up-to-date symlink: /home/pi/sunflower/install/sunflower_interfaces/share/sunflower_interfaces/environment/pythonpath.dsv
[8.998s] -- Up-to-date symlink: /home/pi/sunflower/install/sunflower_interfaces/lib/python3.8/site-packages/sunflower_interfaces/__init__.py
[9.024s] -- Up-to-date symlink: /home/pi/sunflower/install/sunflower_interfaces/lib/python3.8/site-packages/sunflower_interfaces/msg/__init__.py
[9.027s] -- Up-to-date symlink: /home/pi/sunflower/install/sunflower_interfaces/lib/python3.8/site-packages/sunflower_interfaces/msg/_tflite_result.py
[9.040s] -- Up-to-date symlink: /home/pi/sunflower/install/sunflower_interfaces/lib/python3.8/site-packages/sunflower_interfaces/sunflower_interfaces_s__rosidl_typesupport_fastrtps_c.cpython-38-aarch64-linux-gnu.so
[9.055s] -- Up-to-date symlink: /home/pi/sunflower/install/sunflower_interfaces/lib/python3.8/site-packages/sunflower_interfaces/sunflower_interfaces_s__rosidl_typesupport_introspection_c.cpython-38-aarch64-linux-gnu.so
[9.071s] -- Up-to-date symlink: /home/pi/sunflower/install/sunflower_interfaces/lib/python3.8/site-packages/sunflower_interfaces/sunflower_interfaces_s__rosidl_typesupport_c.cpython-38-aarch64-linux-gnu.so
[9.076s] -- Up-to-date symlink: /home/pi/sunflower/install/sunflower_interfaces/lib/libsunflower_interfaces__python.so
[9.083s] -- Up-to-date symlink: /home/pi/sunflower/install/sunflower_interfaces/share/sunflower_interfaces/msg/TfliteResult.idl
[9.097s] -- Up-to-date symlink: /home/pi/sunflower/install/sunflower_interfaces/share/sunflower_interfaces/msg/TfliteResult.msg
[9.101s] -- Up-to-date symlink: /home/pi/sunflower/install/sunflower_interfaces/share/ament_index/resource_index/package_run_dependencies/sunflower_interfaces
[9.104s] -- Up-to-date symlink: /home/pi/sunflower/install/sunflower_interfaces/share/ament_index/resource_index/parent_prefix_path/sunflower_interfaces
[9.115s] -- Up-to-date symlink: /home/pi/sunflower/install/sunflower_interfaces/share/sunflower_interfaces/environment/ament_prefix_path.sh
[9.120s] -- Up-to-date symlink: /home/pi/sunflower/install/sunflower_interfaces/share/sunflower_interfaces/environment/ament_prefix_path.dsv
[9.124s] -- Up-to-date symlink: /home/pi/sunflower/install/sunflower_interfaces/share/sunflower_interfaces/environment/path.sh
[9.127s] -- Up-to-date symlink: /home/pi/sunflower/install/sunflower_interfaces/share/sunflower_interfaces/environment/path.dsv
[9.130s] -- Up-to-date symlink: /home/pi/sunflower/install/sunflower_interfaces/share/sunflower_interfaces/local_setup.bash
[9.131s] -- Up-to-date symlink: /home/pi/sunflower/install/sunflower_interfaces/share/sunflower_interfaces/local_setup.sh
[9.133s] -- Up-to-date symlink: /home/pi/sunflower/install/sunflower_interfaces/share/sunflower_interfaces/local_setup.zsh
[9.135s] -- Up-to-date symlink: /home/pi/sunflower/install/sunflower_interfaces/share/sunflower_interfaces/local_setup.dsv
[9.137s] -- Symlinking: /home/pi/sunflower/install/sunflower_interfaces/share/sunflower_interfaces/package.dsv
[9.221s] -- Up-to-date symlink: /home/pi/sunflower/install/sunflower_interfaces/share/ament_index/resource_index/packages/sunflower_interfaces
[9.225s] -- Up-to-date symlink: /home/pi/sunflower/install/sunflower_interfaces/share/sunflower_interfaces/cmake/rosidl_cmake-extras.cmake
[9.227s] -- Up-to-date symlink: /home/pi/sunflower/install/sunflower_interfaces/share/sunflower_interfaces/cmake/ament_cmake_export_dependencies-extras.cmake
[9.242s] -- Up-to-date symlink: /home/pi/sunflower/install/sunflower_interfaces/share/sunflower_interfaces/cmake/ament_cmake_export_libraries-extras.cmake
[9.245s] -- Up-to-date symlink: /home/pi/sunflower/install/sunflower_interfaces/share/sunflower_interfaces/cmake/ament_cmake_export_targets-extras.cmake
[9.254s] -- Up-to-date symlink: /home/pi/sunflower/install/sunflower_interfaces/share/sunflower_interfaces/cmake/ament_cmake_export_include_directories-extras.cmake
[9.256s] -- Up-to-date symlink: /home/pi/sunflower/install/sunflower_interfaces/share/sunflower_interfaces/cmake/rosidl_cmake_export_typesupport_libraries-extras.cmake
[9.258s] -- Up-to-date symlink: /home/pi/sunflower/install/sunflower_interfaces/share/sunflower_interfaces/cmake/rosidl_cmake_export_typesupport_targets-extras.cmake
[9.263s] -- Up-to-date symlink: /home/pi/sunflower/install/sunflower_interfaces/share/sunflower_interfaces/cmake/sunflower_interfacesConfig.cmake
[9.264s] -- Up-to-date symlink: /home/pi/sunflower/install/sunflower_interfaces/share/sunflower_interfaces/cmake/sunflower_interfacesConfig-version.cmake
[9.265s] -- Up-to-date symlink: /home/pi/sunflower/install/sunflower_interfaces/share/sunflower_interfaces/package.xml
[9.281s] -- Up-to-date: /home/pi/sunflower/install/sunflower_interfaces/lib/libsunflower_interfaces__rosidl_generator_c.so
[9.286s] -- Up-to-date: /home/pi/sunflower/install/sunflower_interfaces/lib/libsunflower_interfaces__rosidl_typesupport_introspection_c.so
[9.301s] -- Up-to-date: /home/pi/sunflower/install/sunflower_interfaces/lib/libsunflower_interfaces__rosidl_typesupport_c.so
[9.305s] -- Up-to-date: /home/pi/sunflower/install/sunflower_interfaces/lib/libsunflower_interfaces__rosidl_typesupport_introspection_cpp.so
[9.307s] -- Up-to-date: /home/pi/sunflower/install/sunflower_interfaces/lib/libsunflower_interfaces__rosidl_typesupport_cpp.so
[9.694s] -- Up-to-date: /home/pi/sunflower/install/sunflower_interfaces/share/sunflower_interfaces/cmake/sunflower_interfaces__rosidl_generator_cExport.cmake
[9.696s] -- Up-to-date: /home/pi/sunflower/install/sunflower_interfaces/share/sunflower_interfaces/cmake/sunflower_interfaces__rosidl_generator_cExport-noconfig.cmake
[9.698s] -- Up-to-date: /home/pi/sunflower/install/sunflower_interfaces/share/sunflower_interfaces/cmake/sunflower_interfaces__rosidl_typesupport_introspection_cExport.cmake
[9.699s] -- Up-to-date: /home/pi/sunflower/install/sunflower_interfaces/share/sunflower_interfaces/cmake/sunflower_interfaces__rosidl_typesupport_introspection_cExport-noconfig.cmake
[9.701s] -- Up-to-date: /home/pi/sunflower/install/sunflower_interfaces/share/sunflower_interfaces/cmake/sunflower_interfaces__rosidl_typesupport_cExport.cmake
[9.702s] -- Up-to-date: /home/pi/sunflower/install/sunflower_interfaces/share/sunflower_interfaces/cmake/sunflower_interfaces__rosidl_typesupport_cExport-noconfig.cmake
[9.705s] -- Up-to-date: /home/pi/sunflower/install/sunflower_interfaces/share/sunflower_interfaces/cmake/sunflower_interfaces__rosidl_generator_cppExport.cmake
[9.716s] -- Up-to-date: /home/pi/sunflower/install/sunflower_interfaces/share/sunflower_interfaces/cmake/sunflower_interfaces__rosidl_typesupport_introspection_cppExport.cmake
[9.718s] -- Up-to-date: /home/pi/sunflower/install/sunflower_interfaces/share/sunflower_interfaces/cmake/sunflower_interfaces__rosidl_typesupport_introspection_cppExport-noconfig.cmake
[9.721s] -- Up-to-date: /home/pi/sunflower/install/sunflower_interfaces/share/sunflower_interfaces/cmake/sunflower_interfaces__rosidl_typesupport_cppExport.cmake
[9.722s] -- Up-to-date: /home/pi/sunflower/install/sunflower_interfaces/share/sunflower_interfaces/cmake/sunflower_interfaces__rosidl_typesupport_cppExport-noconfig.cmake
[9.727s] Invoked command in '/home/pi/sunflower/build/sunflower_interfaces' returned '0': CMAKE_PREFIX_PATH=${CMAKE_PREFIX_PATH}:/home/pi/sunflower/install/tflite_pkg:/home/pi/sunflower/install/test_pkg:/opt/ros/foxy /usr/bin/cmake --install /home/pi/sunflower/build/sunflower_interfaces
