[3.161s] Invoking command in '/home/pi/sunflower/build/stem_pkg': PYTHONPATH=/home/pi/sunflower/install/stem_pkg/lib/python3.8/site-packages:${PYTHONPATH} /usr/bin/python3 setup.py develop --prefix /home/pi/sunflower/install/stem_pkg --editable --build-directory /home/pi/sunflower/build/stem_pkg/build --no-deps install_data --install-dir /home/pi/sunflower/install/stem_pkg
[4.289s] running develop
[4.961s] running egg_info
[4.961s] writing stem_pkg.egg-info/PKG-INFO
[4.963s] writing dependency_links to stem_pkg.egg-info/dependency_links.txt
[4.963s] writing entry points to stem_pkg.egg-info/entry_points.txt
[4.964s] writing requirements to stem_pkg.egg-info/requires.txt
[4.965s] writing top-level names to stem_pkg.egg-info/top_level.txt
[5.107s] reading manifest file 'stem_pkg.egg-info/SOURCES.txt'
[5.112s] writing manifest file 'stem_pkg.egg-info/SOURCES.txt'
[5.265s] running build_ext
[5.270s] Creating /home/pi/sunflower/install/stem_pkg/lib/python3.8/site-packages/stem-pkg.egg-link (link to .)
[5.275s] Installing calculator script to /home/pi/sunflower/install/stem_pkg/lib/stem_pkg
[5.275s] Installing cmd_selector script to /home/pi/sunflower/install/stem_pkg/lib/stem_pkg
[5.276s] Installing serial_talker script to /home/pi/sunflower/install/stem_pkg/lib/stem_pkg
[5.277s] Installing tensor script to /home/pi/sunflower/install/stem_pkg/lib/stem_pkg
[5.278s] Installing tensor_publisher script to /home/pi/sunflower/install/stem_pkg/lib/stem_pkg
[5.279s] 
[5.280s] Installed /home/pi/sunflower/build/stem_pkg
[5.281s] running install_data
[5.405s] Invoked command in '/home/pi/sunflower/build/stem_pkg' returned '0': PYTHONPATH=/home/pi/sunflower/install/stem_pkg/lib/python3.8/site-packages:${PYTHONPATH} /usr/bin/python3 setup.py develop --prefix /home/pi/sunflower/install/stem_pkg --editable --build-directory /home/pi/sunflower/build/stem_pkg/build --no-deps install_data --install-dir /home/pi/sunflower/install/stem_pkg
