[3.744s] Invoking command in '/home/pi/sunflower/build/sunflower_interfaces': CMAKE_PREFIX_PATH=${CMAKE_PREFIX_PATH}:/home/pi/sunflower/install/tflite_pkg:/home/pi/sunflower/install/test_pkg:/opt/ros/foxy /usr/bin/cmake --build /home/pi/sunflower/build/sunflower_interfaces -- -j4 -l4
[4.510s] [  3%] Built target sunflower_interfaces__cpp
[4.624s] [ 12%] Built target sunflower_interfaces__rosidl_generator_c
[4.947s] [ 22%] Built target sunflower_interfaces__rosidl_typesupport_cpp
[5.035s] [ 32%] Built target sunflower_interfaces__rosidl_typesupport_introspection_c
[5.042s] [ 41%] Built target sunflower_interfaces__rosidl_typesupport_introspection_cpp
[5.161s] [ 51%] Built target sunflower_interfaces__rosidl_typesupport_fastrtps_cpp
[5.325s] [ 61%] Built target sunflower_interfaces__rosidl_typesupport_c
[5.629s] [ 70%] Built target sunflower_interfaces__rosidl_typesupport_fastrtps_c
[5.950s] [ 70%] Built target sunflower_interfaces
[6.257s] [ 74%] Built target sunflower_interfaces__py
[6.675s] [ 80%] Built target sunflower_interfaces__python
[7.186s] [ 87%] Built target sunflower_interfaces__rosidl_typesupport_c__pyext
[7.220s] [ 93%] Built target sunflower_interfaces__rosidl_typesupport_introspection_c__pyext
[7.224s] [100%] Built target sunflower_interfaces__rosidl_typesupport_fastrtps_c__pyext
[7.372s] Invoked command in '/home/pi/sunflower/build/sunflower_interfaces' returned '0': CMAKE_PREFIX_PATH=${CMAKE_PREFIX_PATH}:/home/pi/sunflower/install/tflite_pkg:/home/pi/sunflower/install/test_pkg:/opt/ros/foxy /usr/bin/cmake --build /home/pi/sunflower/build/sunflower_interfaces -- -j4 -l4
[9.640s] Invoking command in '/home/pi/sunflower/build/sunflower_interfaces': CMAKE_PREFIX_PATH=${CMAKE_PREFIX_PATH}:/home/pi/sunflower/install/tflite_pkg:/home/pi/sunflower/install/test_pkg:/opt/ros/foxy /usr/bin/cmake --install /home/pi/sunflower/build/sunflower_interfaces
[9.779s] -- Install configuration: ""
[9.781s] -- Execute custom install script
[9.783s] -- Up-to-date symlink: /home/pi/sunflower/install/sunflower_interfaces/share/ament_index/resource_index/rosidl_interfaces/sunflower_interfaces
[9.814s] -- Up-to-date symlink: /home/pi/sunflower/install/sunflower_interfaces/include/sunflower_interfaces/msg/detail/tflite_result__functions.h
[9.816s] -- Up-to-date symlink: /home/pi/sunflower/install/sunflower_interfaces/include/sunflower_interfaces/msg/detail/tflite_result__struct.h
[9.818s] -- Up-to-date symlink: /home/pi/sunflower/install/sunflower_interfaces/include/sunflower_interfaces/msg/detail/tflite_result__type_support.h
[9.838s] -- Up-to-date symlink: /home/pi/sunflower/install/sunflower_interfaces/include/sunflower_interfaces/msg/rosidl_generator_c__visibility_control.h
[9.840s] -- Up-to-date symlink: /home/pi/sunflower/install/sunflower_interfaces/include/sunflower_interfaces/msg/tflite_result.h
[9.843s] -- Up-to-date symlink: /home/pi/sunflower/install/sunflower_interfaces/share/sunflower_interfaces/environment/library_path.sh
[9.846s] -- Up-to-date symlink: /home/pi/sunflower/install/sunflower_interfaces/share/sunflower_interfaces/environment/library_path.dsv
[9.886s] -- Up-to-date symlink: /home/pi/sunflower/install/sunflower_interfaces/include/sunflower_interfaces/msg/detail/tflite_result__rosidl_typesupport_fastrtps_c.h
[9.888s] -- Up-to-date symlink: /home/pi/sunflower/install/sunflower_interfaces/include/sunflower_interfaces/msg/rosidl_typesupport_fastrtps_c__visibility_control.h
[9.891s] -- Up-to-date symlink: /home/pi/sunflower/install/sunflower_interfaces/lib/libsunflower_interfaces__rosidl_typesupport_fastrtps_c.so
[9.906s] -- Up-to-date symlink: /home/pi/sunflower/install/sunflower_interfaces/include/sunflower_interfaces/msg/detail/tflite_result__rosidl_typesupport_fastrtps_cpp.hpp
[9.914s] -- Up-to-date symlink: /home/pi/sunflower/install/sunflower_interfaces/include/sunflower_interfaces/msg/rosidl_typesupport_fastrtps_cpp__visibility_control.h
[9.926s] -- Up-to-date symlink: /home/pi/sunflower/install/sunflower_interfaces/lib/libsunflower_interfaces__rosidl_typesupport_fastrtps_cpp.so
[9.934s] -- Up-to-date symlink: /home/pi/sunflower/install/sunflower_interfaces/include/sunflower_interfaces/msg/detail/tflite_result__rosidl_typesupport_introspection_c.h
[9.943s] -- Up-to-date symlink: /home/pi/sunflower/install/sunflower_interfaces/include/sunflower_interfaces/msg/rosidl_typesupport_introspection_c__visibility_control.h
[9.946s] -- Up-to-date symlink: /home/pi/sunflower/install/sunflower_interfaces/include/sunflower_interfaces/msg/detail/tflite_result__builder.hpp
[9.950s] -- Up-to-date symlink: /home/pi/sunflower/install/sunflower_interfaces/include/sunflower_interfaces/msg/detail/tflite_result__struct.hpp
[9.953s] -- Up-to-date symlink: /home/pi/sunflower/install/sunflower_interfaces/include/sunflower_interfaces/msg/detail/tflite_result__traits.hpp
[9.957s] -- Up-to-date symlink: /home/pi/sunflower/install/sunflower_interfaces/include/sunflower_interfaces/msg/tflite_result.hpp
[9.975s] -- Up-to-date symlink: /home/pi/sunflower/install/sunflower_interfaces/include/sunflower_interfaces/msg/detail/tflite_result__rosidl_typesupport_introspection_cpp.hpp
[9.977s] -- Up-to-date symlink: /home/pi/sunflower/install/sunflower_interfaces/share/sunflower_interfaces/environment/pythonpath.sh
[9.979s] -- Up-to-date symlink: /home/pi/sunflower/install/sunflower_interfaces/share/sunflower_interfaces/environment/pythonpath.dsv
[9.982s] -- Up-to-date symlink: /home/pi/sunflower/install/sunflower_interfaces/lib/python3.8/site-packages/sunflower_interfaces/__init__.py
[9.985s] -- Up-to-date symlink: /home/pi/sunflower/install/sunflower_interfaces/lib/python3.8/site-packages/sunflower_interfaces/msg/__init__.py
[9.993s] -- Up-to-date symlink: /home/pi/sunflower/install/sunflower_interfaces/lib/python3.8/site-packages/sunflower_interfaces/msg/_tflite_result.py
[9.996s] -- Up-to-date symlink: /home/pi/sunflower/install/sunflower_interfaces/lib/python3.8/site-packages/sunflower_interfaces/sunflower_interfaces_s__rosidl_typesupport_fastrtps_c.cpython-38-aarch64-linux-gnu.so
[10.003s] -- Up-to-date symlink: /home/pi/sunflower/install/sunflower_interfaces/lib/python3.8/site-packages/sunflower_interfaces/sunflower_interfaces_s__rosidl_typesupport_introspection_c.cpython-38-aarch64-linux-gnu.so
[10.019s] -- Up-to-date symlink: /home/pi/sunflower/install/sunflower_interfaces/lib/python3.8/site-packages/sunflower_interfaces/sunflower_interfaces_s__rosidl_typesupport_c.cpython-38-aarch64-linux-gnu.so
[10.022s] -- Up-to-date symlink: /home/pi/sunflower/install/sunflower_interfaces/lib/libsunflower_interfaces__python.so
[10.024s] -- Up-to-date symlink: /home/pi/sunflower/install/sunflower_interfaces/share/sunflower_interfaces/msg/TfliteResult.idl
[10.026s] -- Up-to-date symlink: /home/pi/sunflower/install/sunflower_interfaces/share/sunflower_interfaces/msg/TfliteResult.msg
[10.029s] -- Up-to-date symlink: /home/pi/sunflower/install/sunflower_interfaces/share/ament_index/resource_index/package_run_dependencies/sunflower_interfaces
[10.032s] -- Up-to-date symlink: /home/pi/sunflower/install/sunflower_interfaces/share/ament_index/resource_index/parent_prefix_path/sunflower_interfaces
[10.047s] -- Up-to-date symlink: /home/pi/sunflower/install/sunflower_interfaces/share/sunflower_interfaces/environment/ament_prefix_path.sh
[10.050s] -- Up-to-date symlink: /home/pi/sunflower/install/sunflower_interfaces/share/sunflower_interfaces/environment/ament_prefix_path.dsv
[10.053s] -- Up-to-date symlink: /home/pi/sunflower/install/sunflower_interfaces/share/sunflower_interfaces/environment/path.sh
[10.057s] -- Up-to-date symlink: /home/pi/sunflower/install/sunflower_interfaces/share/sunflower_interfaces/environment/path.dsv
[10.059s] -- Up-to-date symlink: /home/pi/sunflower/install/sunflower_interfaces/share/sunflower_interfaces/local_setup.bash
[10.074s] -- Up-to-date symlink: /home/pi/sunflower/install/sunflower_interfaces/share/sunflower_interfaces/local_setup.sh
[10.077s] -- Up-to-date symlink: /home/pi/sunflower/install/sunflower_interfaces/share/sunflower_interfaces/local_setup.zsh
[10.080s] -- Up-to-date symlink: /home/pi/sunflower/install/sunflower_interfaces/share/sunflower_interfaces/local_setup.dsv
[10.083s] -- Symlinking: /home/pi/sunflower/install/sunflower_interfaces/share/sunflower_interfaces/package.dsv
[10.193s] -- Up-to-date symlink: /home/pi/sunflower/install/sunflower_interfaces/share/ament_index/resource_index/packages/sunflower_interfaces
[10.195s] -- Up-to-date symlink: /home/pi/sunflower/install/sunflower_interfaces/share/sunflower_interfaces/cmake/rosidl_cmake-extras.cmake
[10.197s] -- Up-to-date symlink: /home/pi/sunflower/install/sunflower_interfaces/share/sunflower_interfaces/cmake/ament_cmake_export_dependencies-extras.cmake
[10.201s] -- Up-to-date symlink: /home/pi/sunflower/install/sunflower_interfaces/share/sunflower_interfaces/cmake/ament_cmake_export_libraries-extras.cmake
[10.215s] -- Up-to-date symlink: /home/pi/sunflower/install/sunflower_interfaces/share/sunflower_interfaces/cmake/ament_cmake_export_targets-extras.cmake
[10.218s] -- Up-to-date symlink: /home/pi/sunflower/install/sunflower_interfaces/share/sunflower_interfaces/cmake/ament_cmake_export_include_directories-extras.cmake
[10.221s] -- Up-to-date symlink: /home/pi/sunflower/install/sunflower_interfaces/share/sunflower_interfaces/cmake/rosidl_cmake_export_typesupport_libraries-extras.cmake
[10.224s] -- Up-to-date symlink: /home/pi/sunflower/install/sunflower_interfaces/share/sunflower_interfaces/cmake/rosidl_cmake_export_typesupport_targets-extras.cmake
[10.227s] -- Up-to-date symlink: /home/pi/sunflower/install/sunflower_interfaces/share/sunflower_interfaces/cmake/sunflower_interfacesConfig.cmake
[10.238s] -- Up-to-date symlink: /home/pi/sunflower/install/sunflower_interfaces/share/sunflower_interfaces/cmake/sunflower_interfacesConfig-version.cmake
[10.242s] -- Up-to-date symlink: /home/pi/sunflower/install/sunflower_interfaces/share/sunflower_interfaces/package.xml
[10.245s] -- Up-to-date: /home/pi/sunflower/install/sunflower_interfaces/lib/libsunflower_interfaces__rosidl_generator_c.so
[10.249s] -- Up-to-date: /home/pi/sunflower/install/sunflower_interfaces/lib/libsunflower_interfaces__rosidl_typesupport_introspection_c.so
[10.253s] -- Up-to-date: /home/pi/sunflower/install/sunflower_interfaces/lib/libsunflower_interfaces__rosidl_typesupport_c.so
[10.263s] -- Up-to-date: /home/pi/sunflower/install/sunflower_interfaces/lib/libsunflower_interfaces__rosidl_typesupport_introspection_cpp.so
[10.268s] -- Up-to-date: /home/pi/sunflower/install/sunflower_interfaces/lib/libsunflower_interfaces__rosidl_typesupport_cpp.so
[10.691s] -- Up-to-date: /home/pi/sunflower/install/sunflower_interfaces/share/sunflower_interfaces/cmake/sunflower_interfaces__rosidl_generator_cExport.cmake
[10.694s] -- Up-to-date: /home/pi/sunflower/install/sunflower_interfaces/share/sunflower_interfaces/cmake/sunflower_interfaces__rosidl_generator_cExport-noconfig.cmake
[10.697s] -- Up-to-date: /home/pi/sunflower/install/sunflower_interfaces/share/sunflower_interfaces/cmake/sunflower_interfaces__rosidl_typesupport_introspection_cExport.cmake
[10.700s] -- Up-to-date: /home/pi/sunflower/install/sunflower_interfaces/share/sunflower_interfaces/cmake/sunflower_interfaces__rosidl_typesupport_introspection_cExport-noconfig.cmake
[10.703s] -- Up-to-date: /home/pi/sunflower/install/sunflower_interfaces/share/sunflower_interfaces/cmake/sunflower_interfaces__rosidl_typesupport_cExport.cmake
[10.706s] -- Up-to-date: /home/pi/sunflower/install/sunflower_interfaces/share/sunflower_interfaces/cmake/sunflower_interfaces__rosidl_typesupport_cExport-noconfig.cmake
[10.710s] -- Up-to-date: /home/pi/sunflower/install/sunflower_interfaces/share/sunflower_interfaces/cmake/sunflower_interfaces__rosidl_generator_cppExport.cmake
[10.726s] -- Up-to-date: /home/pi/sunflower/install/sunflower_interfaces/share/sunflower_interfaces/cmake/sunflower_interfaces__rosidl_typesupport_introspection_cppExport.cmake
[10.730s] -- Up-to-date: /home/pi/sunflower/install/sunflower_interfaces/share/sunflower_interfaces/cmake/sunflower_interfaces__rosidl_typesupport_introspection_cppExport-noconfig.cmake
[10.735s] -- Up-to-date: /home/pi/sunflower/install/sunflower_interfaces/share/sunflower_interfaces/cmake/sunflower_interfaces__rosidl_typesupport_cppExport.cmake
[10.738s] -- Up-to-date: /home/pi/sunflower/install/sunflower_interfaces/share/sunflower_interfaces/cmake/sunflower_interfaces__rosidl_typesupport_cppExport-noconfig.cmake
[10.759s] Invoked command in '/home/pi/sunflower/build/sunflower_interfaces' returned '0': CMAKE_PREFIX_PATH=${CMAKE_PREFIX_PATH}:/home/pi/sunflower/install/tflite_pkg:/home/pi/sunflower/install/test_pkg:/opt/ros/foxy /usr/bin/cmake --install /home/pi/sunflower/build/sunflower_interfaces
