[4.159s] Invoking command in '/home/pi/sunflower/build/stem_pkg': PYTHONPATH=/home/pi/sunflower/install/stem_pkg/lib/python3.8/site-packages:${PYTHONPATH} /usr/bin/python3 setup.py develop --prefix /home/pi/sunflower/install/stem_pkg --uninstall --editable --build-directory /home/pi/sunflower/build/stem_pkg/build
[6.167s] running develop
[7.749s] Removing /home/pi/sunflower/install/stem_pkg/lib/python3.8/site-packages/stem-pkg.egg-link (link to .)
[7.895s] Invoked command in '/home/pi/sunflower/build/stem_pkg' returned '0': PYTHONPATH=/home/pi/sunflower/install/stem_pkg/lib/python3.8/site-packages:${PYTHONPATH} /usr/bin/python3 setup.py develop --prefix /home/pi/sunflower/install/stem_pkg --uninstall --editable --build-directory /home/pi/sunflower/build/stem_pkg/build
[7.900s] Invoking command in '/home/pi/sunflower/src/stem_pkg': PYTHONPATH=/home/pi/sunflower/install/stem_pkg/lib/python3.8/site-packages:${PYTHONPATH} /usr/bin/python3 setup.py egg_info --egg-base ../../build/stem_pkg build --build-base /home/pi/sunflower/build/stem_pkg/build install --prefix /home/pi/sunflower/install/stem_pkg --record /home/pi/sunflower/build/stem_pkg/install.log --single-version-externally-managed
[9.367s] running egg_info
[9.371s] writing ../../build/stem_pkg/stem_pkg.egg-info/PKG-INFO
[9.373s] writing dependency_links to ../../build/stem_pkg/stem_pkg.egg-info/dependency_links.txt
[9.374s] writing entry points to ../../build/stem_pkg/stem_pkg.egg-info/entry_points.txt
[9.375s] writing requirements to ../../build/stem_pkg/stem_pkg.egg-info/requires.txt
[9.376s] writing top-level names to ../../build/stem_pkg/stem_pkg.egg-info/top_level.txt
[9.529s] reading manifest file '../../build/stem_pkg/stem_pkg.egg-info/SOURCES.txt'
[9.534s] writing manifest file '../../build/stem_pkg/stem_pkg.egg-info/SOURCES.txt'
[9.535s] running build
[9.536s] running build_py
[9.539s] running install
[9.549s] running install_lib
[9.553s] creating /home/pi/sunflower/install/stem_pkg/lib/python3.8/site-packages/stem_pkg
[9.556s] copying /home/pi/sunflower/build/stem_pkg/build/lib/stem_pkg/serial_talker.py -> /home/pi/sunflower/install/stem_pkg/lib/python3.8/site-packages/stem_pkg
[9.557s] copying /home/pi/sunflower/build/stem_pkg/build/lib/stem_pkg/__init__.py -> /home/pi/sunflower/install/stem_pkg/lib/python3.8/site-packages/stem_pkg
[9.558s] copying /home/pi/sunflower/build/stem_pkg/build/lib/stem_pkg/controller.py -> /home/pi/sunflower/install/stem_pkg/lib/python3.8/site-packages/stem_pkg
[9.559s] copying /home/pi/sunflower/build/stem_pkg/build/lib/stem_pkg/async_serial_talker.py -> /home/pi/sunflower/install/stem_pkg/lib/python3.8/site-packages/stem_pkg
[9.559s] copying /home/pi/sunflower/build/stem_pkg/build/lib/stem_pkg/cmd_selector.py -> /home/pi/sunflower/install/stem_pkg/lib/python3.8/site-packages/stem_pkg
[9.560s] copying /home/pi/sunflower/build/stem_pkg/build/lib/stem_pkg/calculator.py -> /home/pi/sunflower/install/stem_pkg/lib/python3.8/site-packages/stem_pkg
[9.560s] copying /home/pi/sunflower/build/stem_pkg/build/lib/stem_pkg/tensor.py -> /home/pi/sunflower/install/stem_pkg/lib/python3.8/site-packages/stem_pkg
[9.561s] copying /home/pi/sunflower/build/stem_pkg/build/lib/stem_pkg/tester.py -> /home/pi/sunflower/install/stem_pkg/lib/python3.8/site-packages/stem_pkg
[9.562s] copying /home/pi/sunflower/build/stem_pkg/build/lib/stem_pkg/tensor_publisher.py -> /home/pi/sunflower/install/stem_pkg/lib/python3.8/site-packages/stem_pkg
[9.564s] byte-compiling /home/pi/sunflower/install/stem_pkg/lib/python3.8/site-packages/stem_pkg/serial_talker.py to serial_talker.cpython-38.pyc
[9.580s] byte-compiling /home/pi/sunflower/install/stem_pkg/lib/python3.8/site-packages/stem_pkg/__init__.py to __init__.cpython-38.pyc
[9.587s] byte-compiling /home/pi/sunflower/install/stem_pkg/lib/python3.8/site-packages/stem_pkg/controller.py to controller.cpython-38.pyc
[9.589s] byte-compiling /home/pi/sunflower/install/stem_pkg/lib/python3.8/site-packages/stem_pkg/async_serial_talker.py to async_serial_talker.cpython-38.pyc
[9.590s] byte-compiling /home/pi/sunflower/install/stem_pkg/lib/python3.8/site-packages/stem_pkg/cmd_selector.py to cmd_selector.cpython-38.pyc
[9.592s] byte-compiling /home/pi/sunflower/install/stem_pkg/lib/python3.8/site-packages/stem_pkg/calculator.py to calculator.cpython-38.pyc
[9.599s] byte-compiling /home/pi/sunflower/install/stem_pkg/lib/python3.8/site-packages/stem_pkg/tensor.py to tensor.cpython-38.pyc
[9.604s] byte-compiling /home/pi/sunflower/install/stem_pkg/lib/python3.8/site-packages/stem_pkg/tester.py to tester.cpython-38.pyc
[9.610s] byte-compiling /home/pi/sunflower/install/stem_pkg/lib/python3.8/site-packages/stem_pkg/tensor_publisher.py to tensor_publisher.cpython-38.pyc
[9.617s] running install_data
[9.628s] running install_egg_info
[9.639s] Copying ../../build/stem_pkg/stem_pkg.egg-info to /home/pi/sunflower/install/stem_pkg/lib/python3.8/site-packages/stem_pkg-0.0.0-py3.8.egg-info
[9.660s] running install_scripts
[9.793s] Installing calculator script to /home/pi/sunflower/install/stem_pkg/lib/stem_pkg
[9.794s] Installing cmd_selector script to /home/pi/sunflower/install/stem_pkg/lib/stem_pkg
[9.796s] Installing serial_talker script to /home/pi/sunflower/install/stem_pkg/lib/stem_pkg
[9.797s] Installing tensor script to /home/pi/sunflower/install/stem_pkg/lib/stem_pkg
[9.799s] Installing tensor_publisher script to /home/pi/sunflower/install/stem_pkg/lib/stem_pkg
[9.803s] writing list of installed files to '/home/pi/sunflower/build/stem_pkg/install.log'
[9.940s] Invoked command in '/home/pi/sunflower/src/stem_pkg' returned '0': PYTHONPATH=/home/pi/sunflower/install/stem_pkg/lib/python3.8/site-packages:${PYTHONPATH} /usr/bin/python3 setup.py egg_info --egg-base ../../build/stem_pkg build --build-base /home/pi/sunflower/build/stem_pkg/build install --prefix /home/pi/sunflower/install/stem_pkg --record /home/pi/sunflower/build/stem_pkg/install.log --single-version-externally-managed
