[0.874s] DEBUG:colcon:Command line arguments: ['/usr/bin/colcon', 'test']
[0.875s] DEBUG:colcon:Parsed command line arguments: Namespace(abort_on_error=False, allow_overriding=[], base_paths=['.'], build_base='build', ctest_args=None, event_handlers=None, executor='parallel', ignore_user_meta=False, install_base='install', log_base=None, log_level=None, main=<bound method TestVerb.main of <colcon_core.verb.test.TestVerb object at 0xffff829c03d0>>, merge_install=False, metas=['./colcon.meta'], packages_above=None, packages_above_and_dependencies=None, packages_above_depth=None, packages_end=None, packages_ignore=None, packages_ignore_regex=None, packages_select=None, packages_select_build_failed=False, packages_select_by_dep=None, packages_select_regex=None, packages_select_test_failures=False, packages_skip=None, packages_skip_build_finished=False, packages_skip_by_dep=None, packages_skip_regex=None, packages_skip_test_passed=False, packages_skip_up_to=None, packages_start=None, packages_up_to=None, packages_up_to_regex=None, parallel_workers=4, paths=None, pytest_args=None, pytest_with_coverage=False, python_testing=None, retest_until_fail=0, retest_until_pass=0, return_code_on_test_failure=False, test_result_base=None, unittest_args=None, verb_extension=<colcon_core.verb.test.TestVerb object at 0xffff829c03d0>, verb_name='test', verb_parser=<colcon_defaults.argument_parser.defaults.DefaultArgumentsDecorator object at 0xffff829cc640>)
[0.963s] Level 1:colcon.colcon_core.package_discovery:discover_packages(colcon_meta) check parameters
[0.964s] Level 1:colcon.colcon_core.package_discovery:discover_packages(recursive) check parameters
[0.965s] Level 1:colcon.colcon_core.package_discovery:discover_packages(ignore) check parameters
[0.965s] Level 1:colcon.colcon_core.package_discovery:discover_packages(path) check parameters
[0.965s] Level 1:colcon.colcon_core.package_discovery:discover_packages(colcon_meta) discover
[0.966s] Level 1:colcon.colcon_core.package_discovery:discover_packages(recursive) discover
[0.966s] INFO:colcon.colcon_core.package_discovery:Crawling recursively for packages in '/home/pi/sunflower'
[0.967s] Level 1:colcon.colcon_core.package_identification:_identify(.) by extensions ['ignore', 'ignore_ament_install']
[0.968s] Level 1:colcon.colcon_core.package_identification:_identify(.) by extension 'ignore'
[0.968s] Level 1:colcon.colcon_core.package_identification:_identify(.) by extension 'ignore_ament_install'
[0.971s] Level 1:colcon.colcon_core.package_identification:_identify(.) by extensions ['colcon_pkg']
[0.971s] Level 1:colcon.colcon_core.package_identification:_identify(.) by extension 'colcon_pkg'
[0.972s] Level 1:colcon.colcon_core.package_identification:_identify(.) by extensions ['colcon_meta']
[0.972s] Level 1:colcon.colcon_core.package_identification:_identify(.) by extension 'colcon_meta'
[0.972s] Level 1:colcon.colcon_core.package_identification:_identify(.) by extensions ['ros']
[0.973s] Level 1:colcon.colcon_core.package_identification:_identify(.) by extension 'ros'
[1.036s] Level 1:colcon.colcon_core.package_identification:_identify(.) by extensions ['cmake', 'python']
[1.036s] Level 1:colcon.colcon_core.package_identification:_identify(.) by extension 'cmake'
[1.036s] Level 1:colcon.colcon_core.package_identification:_identify(.) by extension 'python'
[1.037s] Level 1:colcon.colcon_core.package_identification:_identify(.) by extensions ['python_setup_py']
[1.037s] Level 1:colcon.colcon_core.package_identification:_identify(.) by extension 'python_setup_py'
[1.038s] Level 1:colcon.colcon_core.package_identification:_identify(__pycache__) by extensions ['ignore', 'ignore_ament_install']
[1.039s] Level 1:colcon.colcon_core.package_identification:_identify(__pycache__) by extension 'ignore'
[1.039s] Level 1:colcon.colcon_core.package_identification:_identify(__pycache__) by extension 'ignore_ament_install'
[1.040s] Level 1:colcon.colcon_core.package_identification:_identify(__pycache__) by extensions ['colcon_pkg']
[1.040s] Level 1:colcon.colcon_core.package_identification:_identify(__pycache__) by extension 'colcon_pkg'
[1.040s] Level 1:colcon.colcon_core.package_identification:_identify(__pycache__) by extensions ['colcon_meta']
[1.041s] Level 1:colcon.colcon_core.package_identification:_identify(__pycache__) by extension 'colcon_meta'
[1.041s] Level 1:colcon.colcon_core.package_identification:_identify(__pycache__) by extensions ['ros']
[1.041s] Level 1:colcon.colcon_core.package_identification:_identify(__pycache__) by extension 'ros'
[1.042s] Level 1:colcon.colcon_core.package_identification:_identify(__pycache__) by extensions ['cmake', 'python']
[1.042s] Level 1:colcon.colcon_core.package_identification:_identify(__pycache__) by extension 'cmake'
[1.042s] Level 1:colcon.colcon_core.package_identification:_identify(__pycache__) by extension 'python'
[1.043s] Level 1:colcon.colcon_core.package_identification:_identify(__pycache__) by extensions ['python_setup_py']
[1.043s] Level 1:colcon.colcon_core.package_identification:_identify(__pycache__) by extension 'python_setup_py'
[1.044s] Level 1:colcon.colcon_core.package_identification:_identify(build) by extensions ['ignore', 'ignore_ament_install']
[1.044s] Level 1:colcon.colcon_core.package_identification:_identify(build) by extension 'ignore'
[1.045s] Level 1:colcon.colcon_core.package_identification:_identify(build) ignored
[1.045s] Level 1:colcon.colcon_core.package_identification:_identify(install) by extensions ['ignore', 'ignore_ament_install']
[1.046s] Level 1:colcon.colcon_core.package_identification:_identify(install) by extension 'ignore'
[1.046s] Level 1:colcon.colcon_core.package_identification:_identify(install) ignored
[1.047s] Level 1:colcon.colcon_core.package_identification:_identify(log) by extensions ['ignore', 'ignore_ament_install']
[1.048s] Level 1:colcon.colcon_core.package_identification:_identify(log) by extension 'ignore'
[1.048s] Level 1:colcon.colcon_core.package_identification:_identify(log) ignored
[1.049s] Level 1:colcon.colcon_core.package_identification:_identify(src) by extensions ['ignore', 'ignore_ament_install']
[1.050s] Level 1:colcon.colcon_core.package_identification:_identify(src) by extension 'ignore'
[1.050s] Level 1:colcon.colcon_core.package_identification:_identify(src) by extension 'ignore_ament_install'
[1.051s] Level 1:colcon.colcon_core.package_identification:_identify(src) by extensions ['colcon_pkg']
[1.051s] Level 1:colcon.colcon_core.package_identification:_identify(src) by extension 'colcon_pkg'
[1.051s] Level 1:colcon.colcon_core.package_identification:_identify(src) by extensions ['colcon_meta']
[1.052s] Level 1:colcon.colcon_core.package_identification:_identify(src) by extension 'colcon_meta'
[1.052s] Level 1:colcon.colcon_core.package_identification:_identify(src) by extensions ['ros']
[1.052s] Level 1:colcon.colcon_core.package_identification:_identify(src) by extension 'ros'
[1.053s] Level 1:colcon.colcon_core.package_identification:_identify(src) by extensions ['cmake', 'python']
[1.053s] Level 1:colcon.colcon_core.package_identification:_identify(src) by extension 'cmake'
[1.053s] Level 1:colcon.colcon_core.package_identification:_identify(src) by extension 'python'
[1.054s] Level 1:colcon.colcon_core.package_identification:_identify(src) by extensions ['python_setup_py']
[1.054s] Level 1:colcon.colcon_core.package_identification:_identify(src) by extension 'python_setup_py'
[1.055s] Level 1:colcon.colcon_core.package_identification:_identify(src/sf_pkg) by extensions ['ignore', 'ignore_ament_install']
[1.055s] Level 1:colcon.colcon_core.package_identification:_identify(src/sf_pkg) by extension 'ignore'
[1.056s] Level 1:colcon.colcon_core.package_identification:_identify(src/sf_pkg) by extension 'ignore_ament_install'
[1.056s] Level 1:colcon.colcon_core.package_identification:_identify(src/sf_pkg) by extensions ['colcon_pkg']
[1.057s] Level 1:colcon.colcon_core.package_identification:_identify(src/sf_pkg) by extension 'colcon_pkg'
[1.057s] Level 1:colcon.colcon_core.package_identification:_identify(src/sf_pkg) by extensions ['colcon_meta']
[1.057s] Level 1:colcon.colcon_core.package_identification:_identify(src/sf_pkg) by extension 'colcon_meta'
[1.058s] Level 1:colcon.colcon_core.package_identification:_identify(src/sf_pkg) by extensions ['ros']
[1.058s] Level 1:colcon.colcon_core.package_identification:_identify(src/sf_pkg) by extension 'ros'
[1.072s] DEBUG:colcon.colcon_core.package_identification:Package 'src/sf_pkg' with type 'ros.ament_python' and name 'sf_pkg'
[1.073s] Level 1:colcon.colcon_core.package_identification:_identify(src/stem_pkg) by extensions ['ignore', 'ignore_ament_install']
[1.075s] Level 1:colcon.colcon_core.package_identification:_identify(src/stem_pkg) by extension 'ignore'
[1.075s] Level 1:colcon.colcon_core.package_identification:_identify(src/stem_pkg) by extension 'ignore_ament_install'
[1.076s] Level 1:colcon.colcon_core.package_identification:_identify(src/stem_pkg) by extensions ['colcon_pkg']
[1.077s] Level 1:colcon.colcon_core.package_identification:_identify(src/stem_pkg) by extension 'colcon_pkg'
[1.077s] Level 1:colcon.colcon_core.package_identification:_identify(src/stem_pkg) by extensions ['colcon_meta']
[1.078s] Level 1:colcon.colcon_core.package_identification:_identify(src/stem_pkg) by extension 'colcon_meta'
[1.078s] Level 1:colcon.colcon_core.package_identification:_identify(src/stem_pkg) by extensions ['ros']
[1.079s] Level 1:colcon.colcon_core.package_identification:_identify(src/stem_pkg) by extension 'ros'
[1.082s] DEBUG:colcon.colcon_core.package_identification:Failed to parse potential ROS package manifest in'src/stem_pkg': Error(s) in package 'src/stem_pkg/package.xml':
The manifest contains invalid XML:
mismatched tag: line 21, column 29
[1.083s] Level 1:colcon.colcon_core.package_identification:_identify(src/stem_pkg) by extensions ['cmake', 'python']
[1.083s] Level 1:colcon.colcon_core.package_identification:_identify(src/stem_pkg) by extension 'cmake'
[1.083s] Level 1:colcon.colcon_core.package_identification:_identify(src/stem_pkg) by extension 'python'
[1.084s] DEBUG:colcon.colcon_core.package_identification:Python package in 'src/stem_pkg' passes arguments to the setup() function which requires a different identification extension than 'python'
[1.085s] Level 1:colcon.colcon_core.package_identification:_identify(src/stem_pkg) by extensions ['python_setup_py']
[1.085s] Level 1:colcon.colcon_core.package_identification:_identify(src/stem_pkg) by extension 'python_setup_py'
[2.934s] DEBUG:colcon.colcon_core.package_identification:Package 'src/stem_pkg' with type 'python' and name 'stem_pkg'
[2.935s] Level 1:colcon.colcon_core.package_identification:_identify(src/sunflower_interfaces) by extensions ['ignore', 'ignore_ament_install']
[2.936s] Level 1:colcon.colcon_core.package_identification:_identify(src/sunflower_interfaces) by extension 'ignore'
[2.937s] Level 1:colcon.colcon_core.package_identification:_identify(src/sunflower_interfaces) by extension 'ignore_ament_install'
[2.938s] Level 1:colcon.colcon_core.package_identification:_identify(src/sunflower_interfaces) by extensions ['colcon_pkg']
[2.938s] Level 1:colcon.colcon_core.package_identification:_identify(src/sunflower_interfaces) by extension 'colcon_pkg'
[2.938s] Level 1:colcon.colcon_core.package_identification:_identify(src/sunflower_interfaces) by extensions ['colcon_meta']
[2.939s] Level 1:colcon.colcon_core.package_identification:_identify(src/sunflower_interfaces) by extension 'colcon_meta'
[2.939s] Level 1:colcon.colcon_core.package_identification:_identify(src/sunflower_interfaces) by extensions ['ros']
[2.940s] Level 1:colcon.colcon_core.package_identification:_identify(src/sunflower_interfaces) by extension 'ros'
[2.947s] DEBUG:colcon.colcon_core.package_identification:Package 'src/sunflower_interfaces' with type 'ros.ament_cmake' and name 'sunflower_interfaces'
[2.947s] Level 1:colcon.colcon_core.package_identification:_identify(src/test_pkg) by extensions ['ignore', 'ignore_ament_install']
[2.948s] Level 1:colcon.colcon_core.package_identification:_identify(src/test_pkg) by extension 'ignore'
[2.949s] Level 1:colcon.colcon_core.package_identification:_identify(src/test_pkg) by extension 'ignore_ament_install'
[2.949s] Level 1:colcon.colcon_core.package_identification:_identify(src/test_pkg) by extensions ['colcon_pkg']
[2.950s] Level 1:colcon.colcon_core.package_identification:_identify(src/test_pkg) by extension 'colcon_pkg'
[2.950s] Level 1:colcon.colcon_core.package_identification:_identify(src/test_pkg) by extensions ['colcon_meta']
[2.950s] Level 1:colcon.colcon_core.package_identification:_identify(src/test_pkg) by extension 'colcon_meta'
[2.951s] Level 1:colcon.colcon_core.package_identification:_identify(src/test_pkg) by extensions ['ros']
[2.951s] Level 1:colcon.colcon_core.package_identification:_identify(src/test_pkg) by extension 'ros'
[2.954s] DEBUG:colcon.colcon_core.package_identification:Package 'src/test_pkg' with type 'ros.ament_python' and name 'test_pkg'
[2.954s] Level 1:colcon.colcon_core.package_identification:_identify(src/tflite_pkg) by extensions ['ignore', 'ignore_ament_install']
[2.955s] Level 1:colcon.colcon_core.package_identification:_identify(src/tflite_pkg) by extension 'ignore'
[2.956s] Level 1:colcon.colcon_core.package_identification:_identify(src/tflite_pkg) by extension 'ignore_ament_install'
[2.956s] Level 1:colcon.colcon_core.package_identification:_identify(src/tflite_pkg) by extensions ['colcon_pkg']
[2.956s] Level 1:colcon.colcon_core.package_identification:_identify(src/tflite_pkg) by extension 'colcon_pkg'
[2.957s] Level 1:colcon.colcon_core.package_identification:_identify(src/tflite_pkg) by extensions ['colcon_meta']
[2.957s] Level 1:colcon.colcon_core.package_identification:_identify(src/tflite_pkg) by extension 'colcon_meta'
[2.957s] Level 1:colcon.colcon_core.package_identification:_identify(src/tflite_pkg) by extensions ['ros']
[2.958s] Level 1:colcon.colcon_core.package_identification:_identify(src/tflite_pkg) by extension 'ros'
[2.960s] DEBUG:colcon.colcon_core.package_identification:Package 'src/tflite_pkg' with type 'ros.ament_python' and name 'tflite_pkg'
[2.961s] Level 1:colcon.colcon_core.package_discovery:discover_packages(recursive) using defaults
[2.961s] Level 1:colcon.colcon_core.package_discovery:discover_packages(ignore) discover
[2.962s] Level 1:colcon.colcon_core.package_discovery:discover_packages(ignore) using defaults
[2.962s] Level 1:colcon.colcon_core.package_discovery:discover_packages(path) discover
[2.962s] Level 1:colcon.colcon_core.package_discovery:discover_packages(path) using defaults
[2.990s] Level 5:colcon.colcon_core.verb:set package 'sf_pkg' test argument 'ctest_args' from command line to 'None'
[2.991s] Level 5:colcon.colcon_core.verb:set package 'sf_pkg' test argument 'python_testing' from command line to 'None'
[2.991s] Level 5:colcon.colcon_core.verb:set package 'sf_pkg' test argument 'pytest_args' from command line to 'None'
[2.991s] Level 5:colcon.colcon_core.verb:set package 'sf_pkg' test argument 'pytest_with_coverage' from command line to 'False'
[2.992s] Level 5:colcon.colcon_core.verb:set package 'sf_pkg' test argument 'unittest_args' from command line to 'None'
[2.992s] Level 5:colcon.colcon_core.verb:set package 'sf_pkg' test argument 'retest_until_pass' from command line to '0'
[2.992s] Level 5:colcon.colcon_core.verb:set package 'sf_pkg' test argument 'retest_until_fail' from command line to '0'
[2.993s] DEBUG:colcon.colcon_core.verb.test:Testing package 'sf_pkg' with the following arguments: {'build_base': '/home/pi/sunflower/build/sf_pkg', 'ctest_args': None, 'install_base': '/home/pi/sunflower/install/sf_pkg', 'path': '/home/pi/sunflower/src/sf_pkg', 'pytest_args': None, 'pytest_with_coverage': False, 'python_testing': None, 'retest_until_fail': 0, 'retest_until_pass': 0, 'test_result_base': None, 'unittest_args': None}
[2.997s] Level 5:colcon.colcon_core.verb:set package 'stem_pkg' test argument 'ctest_args' from command line to 'None'
[2.997s] Level 5:colcon.colcon_core.verb:set package 'stem_pkg' test argument 'python_testing' from command line to 'None'
[2.998s] Level 5:colcon.colcon_core.verb:set package 'stem_pkg' test argument 'pytest_args' from command line to 'None'
[2.999s] Level 5:colcon.colcon_core.verb:set package 'stem_pkg' test argument 'pytest_with_coverage' from command line to 'False'
[2.999s] Level 5:colcon.colcon_core.verb:set package 'stem_pkg' test argument 'unittest_args' from command line to 'None'
[3.000s] Level 5:colcon.colcon_core.verb:set package 'stem_pkg' test argument 'retest_until_pass' from command line to '0'
[3.001s] Level 5:colcon.colcon_core.verb:set package 'stem_pkg' test argument 'retest_until_fail' from command line to '0'
[3.001s] DEBUG:colcon.colcon_core.verb.test:Testing package 'stem_pkg' with the following arguments: {'build_base': '/home/pi/sunflower/build/stem_pkg', 'ctest_args': None, 'install_base': '/home/pi/sunflower/install/stem_pkg', 'path': '/home/pi/sunflower/src/stem_pkg', 'pytest_args': None, 'pytest_with_coverage': False, 'python_testing': None, 'retest_until_fail': 0, 'retest_until_pass': 0, 'test_result_base': None, 'unittest_args': None}
[3.006s] Level 5:colcon.colcon_core.verb:set package 'sunflower_interfaces' test argument 'ctest_args' from command line to 'None'
[3.006s] Level 5:colcon.colcon_core.verb:set package 'sunflower_interfaces' test argument 'python_testing' from command line to 'None'
[3.007s] Level 5:colcon.colcon_core.verb:set package 'sunflower_interfaces' test argument 'pytest_args' from command line to 'None'
[3.007s] Level 5:colcon.colcon_core.verb:set package 'sunflower_interfaces' test argument 'pytest_with_coverage' from command line to 'False'
[3.007s] Level 5:colcon.colcon_core.verb:set package 'sunflower_interfaces' test argument 'unittest_args' from command line to 'None'
[3.008s] Level 5:colcon.colcon_core.verb:set package 'sunflower_interfaces' test argument 'retest_until_pass' from command line to '0'
[3.008s] Level 5:colcon.colcon_core.verb:set package 'sunflower_interfaces' test argument 'retest_until_fail' from command line to '0'
[3.008s] DEBUG:colcon.colcon_core.verb.test:Testing package 'sunflower_interfaces' with the following arguments: {'build_base': '/home/pi/sunflower/build/sunflower_interfaces', 'ctest_args': None, 'install_base': '/home/pi/sunflower/install/sunflower_interfaces', 'path': '/home/pi/sunflower/src/sunflower_interfaces', 'pytest_args': None, 'pytest_with_coverage': False, 'python_testing': None, 'retest_until_fail': 0, 'retest_until_pass': 0, 'test_result_base': None, 'unittest_args': None}
[3.012s] Level 5:colcon.colcon_core.verb:set package 'test_pkg' test argument 'ctest_args' from command line to 'None'
[3.012s] Level 5:colcon.colcon_core.verb:set package 'test_pkg' test argument 'python_testing' from command line to 'None'
[3.013s] Level 5:colcon.colcon_core.verb:set package 'test_pkg' test argument 'pytest_args' from command line to 'None'
[3.013s] Level 5:colcon.colcon_core.verb:set package 'test_pkg' test argument 'pytest_with_coverage' from command line to 'False'
[3.013s] Level 5:colcon.colcon_core.verb:set package 'test_pkg' test argument 'unittest_args' from command line to 'None'
[3.013s] Level 5:colcon.colcon_core.verb:set package 'test_pkg' test argument 'retest_until_pass' from command line to '0'
[3.014s] Level 5:colcon.colcon_core.verb:set package 'test_pkg' test argument 'retest_until_fail' from command line to '0'
[3.014s] DEBUG:colcon.colcon_core.verb.test:Testing package 'test_pkg' with the following arguments: {'build_base': '/home/pi/sunflower/build/test_pkg', 'ctest_args': None, 'install_base': '/home/pi/sunflower/install/test_pkg', 'path': '/home/pi/sunflower/src/test_pkg', 'pytest_args': None, 'pytest_with_coverage': False, 'python_testing': None, 'retest_until_fail': 0, 'retest_until_pass': 0, 'test_result_base': None, 'unittest_args': None}
[3.018s] Level 5:colcon.colcon_core.verb:set package 'tflite_pkg' test argument 'ctest_args' from command line to 'None'
[3.018s] Level 5:colcon.colcon_core.verb:set package 'tflite_pkg' test argument 'python_testing' from command line to 'None'
[3.019s] Level 5:colcon.colcon_core.verb:set package 'tflite_pkg' test argument 'pytest_args' from command line to 'None'
[3.019s] Level 5:colcon.colcon_core.verb:set package 'tflite_pkg' test argument 'pytest_with_coverage' from command line to 'False'
[3.019s] Level 5:colcon.colcon_core.verb:set package 'tflite_pkg' test argument 'unittest_args' from command line to 'None'
[3.019s] Level 5:colcon.colcon_core.verb:set package 'tflite_pkg' test argument 'retest_until_pass' from command line to '0'
[3.020s] Level 5:colcon.colcon_core.verb:set package 'tflite_pkg' test argument 'retest_until_fail' from command line to '0'
[3.020s] DEBUG:colcon.colcon_core.verb.test:Testing package 'tflite_pkg' with the following arguments: {'build_base': '/home/pi/sunflower/build/tflite_pkg', 'ctest_args': None, 'install_base': '/home/pi/sunflower/install/tflite_pkg', 'path': '/home/pi/sunflower/src/tflite_pkg', 'pytest_args': None, 'pytest_with_coverage': False, 'python_testing': None, 'retest_until_fail': 0, 'retest_until_pass': 0, 'test_result_base': None, 'unittest_args': None}
[3.022s] INFO:colcon.colcon_core.executor:Executing jobs using 'parallel' executor
[3.035s] DEBUG:colcon.colcon_parallel_executor.executor.parallel:run_until_complete
[3.038s] INFO:colcon.colcon_ros.task.ament_python.test:Testing ROS package in '/home/pi/sunflower/src/sf_pkg' with build type'ament_python'
[3.039s] INFO:colcon.colcon_core.task.python.test:Testing Python package in '/home/pi/sunflower/src/sf_pkg'
[3.088s] INFO:colcon.colcon_core.plugin_system:Skipping extension 'colcon_core.shell.bat': Not used on non-Windows systems
[3.090s] INFO:colcon.colcon_core.shell:Skip shell extension 'powershell' for command environment: Not usable outside of PowerShell
[3.091s] DEBUG:colcon.colcon_core.shell:Skip shell extension 'dsv' for command environment
[3.198s] INFO:colcon.colcon_core.task.python.test:Testing Python package in '/home/pi/sunflower/src/stem_pkg'
[3.203s] INFO:colcon.colcon_core.shell:Skip shell extension 'powershell' for command environment: Not usable outside of PowerShell
[3.205s] DEBUG:colcon.colcon_core.shell:Skip shell extension 'dsv' for command environment
[3.235s] INFO:colcon.colcon_ros.task.ament_cmake.test:Testing ROS package in '/home/pi/sunflower/src/sunflower_interfaces' with build type 'ament_cmake'
[3.237s] INFO:colcon.colcon_cmake.task.cmake.test:Testing CMake package in '/home/pi/sunflower/src/sunflower_interfaces'
[3.241s] INFO:colcon.colcon_core.shell:Skip shell extension 'powershell' for command environment: Not usable outside of PowerShell
[3.242s] DEBUG:colcon.colcon_core.shell:Skip shell extension 'dsv' for command environment
[3.271s] INFO:colcon.colcon_ros.task.ament_python.test:Testing ROS package in '/home/pi/sunflower/src/test_pkg' with build type'ament_python'
[3.272s] INFO:colcon.colcon_core.task.python.test:Testing Python package in '/home/pi/sunflower/src/test_pkg'
[3.276s] INFO:colcon.colcon_core.shell:Skip shell extension 'powershell' for command environment: Not usable outside of PowerShell
[3.277s] DEBUG:colcon.colcon_core.shell:Skip shell extension 'dsv' for command environment
[4.804s] Level 1:colcon.colcon_core.task.python.test:test() by extension 'pytest'
[4.805s] Level 1:colcon.colcon_core.task.python.test:test.step() by extension 'pytest'
[4.812s] DEBUG:colcon.colcon_core.event_handler.log_command:Invoking command in '/home/pi/sunflower/src/sf_pkg': AMENT_PREFIX_PATH=/home/pi/sunflower/install/sf_pkg:/home/pi/sunflower/install/tflite_pkg:/home/pi/sunflower/install/test_pkg:/home/pi/sunflower/install/sunflower_interfaces:/opt/ros/foxy PYTEST_ADDOPTS=--tb=short --junit-xml=/home/pi/sunflower/build/sf_pkg/pytest.xml --junit-prefix=sf_pkg -o cache_dir=/home/pi/sunflower/build/sf_pkg/.pytest_cache PYTHONPATH=/home/pi/sunflower/build/sf_pkg:/home/pi/sunflower/install/sf_pkg/lib/python3.8/site-packages:/home/pi/sunflower/build/tflite_pkg:/home/pi/sunflower/install/tflite_pkg/lib/python3.8/site-packages:/home/pi/sunflower/build/test_pkg:/home/pi/sunflower/install/test_pkg/lib/python3.8/site-packages:/home/pi/sunflower/install/sunflower_interfaces/lib/python3.8/site-packages:/home/pi/sunflower/build/stem_pkg:/home/pi/sunflower/install/stem_pkg/lib/python3.8/site-packages:/opt/ros/foxy/lib/python3.8/site-packages /usr/bin/python3 -m pytest
[6.678s] Level 1:colcon.colcon_core.task.python.test:test() by extension 'pytest'
[6.679s] Level 1:colcon.colcon_core.task.python.test:test.step() by extension 'pytest'
[6.695s] DEBUG:colcon.colcon_core.event_handler.log_command:Invoking command in '/home/pi/sunflower/src/stem_pkg': PYTEST_ADDOPTS=--tb=short --junit-xml=/home/pi/sunflower/build/stem_pkg/pytest.xml --junit-prefix=stem_pkg -o cache_dir=/home/pi/sunflower/build/stem_pkg/.pytest_cache PYTHONPATH=/home/pi/sunflower/build/stem_pkg:/home/pi/sunflower/install/stem_pkg/lib/python3.8/site-packages:/home/pi/sunflower/build/tflite_pkg:/home/pi/sunflower/install/tflite_pkg/lib/python3.8/site-packages:/home/pi/sunflower/build/test_pkg:/home/pi/sunflower/install/test_pkg/lib/python3.8/site-packages:/home/pi/sunflower/install/sunflower_interfaces/lib/python3.8/site-packages:/home/pi/sunflower/build/sf_pkg:/home/pi/sunflower/install/sf_pkg/lib/python3.8/site-packages:/opt/ros/foxy/lib/python3.8/site-packages /usr/bin/python3 -m pytest
[9.211s] Level 1:colcon.colcon_core.task.python.test:test() by extension 'pytest'
[9.212s] Level 1:colcon.colcon_core.task.python.test:test.step() by extension 'pytest'
[9.221s] DEBUG:colcon.colcon_core.event_handler.log_command:Invoking command in '/home/pi/sunflower/src/test_pkg': AMENT_PREFIX_PATH=/home/pi/sunflower/install/test_pkg:/home/pi/sunflower/install/tflite_pkg:/home/pi/sunflower/install/sunflower_interfaces:/home/pi/sunflower/install/sf_pkg:/opt/ros/foxy PYTEST_ADDOPTS=--tb=short --junit-xml=/home/pi/sunflower/build/test_pkg/pytest.xml --junit-prefix=test_pkg -o cache_dir=/home/pi/sunflower/build/test_pkg/.pytest_cache PYTHONPATH=/home/pi/sunflower/build/test_pkg:/home/pi/sunflower/install/test_pkg/lib/python3.8/site-packages:/home/pi/sunflower/build/tflite_pkg:/home/pi/sunflower/install/tflite_pkg/lib/python3.8/site-packages:/home/pi/sunflower/install/sunflower_interfaces/lib/python3.8/site-packages:/home/pi/sunflower/build/stem_pkg:/home/pi/sunflower/install/stem_pkg/lib/python3.8/site-packages:/home/pi/sunflower/build/sf_pkg:/home/pi/sunflower/install/sf_pkg/lib/python3.8/site-packages:/opt/ros/foxy/lib/python3.8/site-packages /usr/bin/python3 -m pytest
[9.255s] Level 5:colcon.colcon_cmake.task.cmake.test:No ctests found in '/home/pi/sunflower/src/sunflower_interfaces'
[9.279s] INFO:colcon.colcon_ros.task.ament_python.test:Testing ROS package in '/home/pi/sunflower/src/tflite_pkg' with build type'ament_python'
[9.280s] INFO:colcon.colcon_core.task.python.test:Testing Python package in '/home/pi/sunflower/src/tflite_pkg'
[9.283s] INFO:colcon.colcon_core.shell:Skip shell extension 'powershell' for command environment: Not usable outside of PowerShell
[9.284s] DEBUG:colcon.colcon_core.shell:Skip shell extension 'dsv' for command environment
[12.568s] Level 1:colcon.colcon_core.task.python.test:test() by extension 'pytest'
[12.569s] Level 1:colcon.colcon_core.task.python.test:test.step() by extension 'pytest'
[12.575s] DEBUG:colcon.colcon_core.event_handler.log_command:Invoking command in '/home/pi/sunflower/src/tflite_pkg': PYTEST_ADDOPTS=--tb=short --junit-xml=/home/pi/sunflower/build/tflite_pkg/pytest.xml --junit-prefix=tflite_pkg -o cache_dir=/home/pi/sunflower/build/tflite_pkg/.pytest_cache /usr/bin/python3 -m pytest
[13.826s] DEBUG:colcon.colcon_core.event_handler.log_command:Invoked command in '/home/pi/sunflower/src/sf_pkg' returned '1': AMENT_PREFIX_PATH=/home/pi/sunflower/install/sf_pkg:/home/pi/sunflower/install/tflite_pkg:/home/pi/sunflower/install/test_pkg:/home/pi/sunflower/install/sunflower_interfaces:/opt/ros/foxy PYTEST_ADDOPTS=--tb=short --junit-xml=/home/pi/sunflower/build/sf_pkg/pytest.xml --junit-prefix=sf_pkg -o cache_dir=/home/pi/sunflower/build/sf_pkg/.pytest_cache PYTHONPATH=/home/pi/sunflower/build/sf_pkg:/home/pi/sunflower/install/sf_pkg/lib/python3.8/site-packages:/home/pi/sunflower/build/tflite_pkg:/home/pi/sunflower/install/tflite_pkg/lib/python3.8/site-packages:/home/pi/sunflower/build/test_pkg:/home/pi/sunflower/install/test_pkg/lib/python3.8/site-packages:/home/pi/sunflower/install/sunflower_interfaces/lib/python3.8/site-packages:/home/pi/sunflower/build/stem_pkg:/home/pi/sunflower/install/stem_pkg/lib/python3.8/site-packages:/opt/ros/foxy/lib/python3.8/site-packages /usr/bin/python3 -m pytest
[18.240s] DEBUG:colcon.colcon_core.event_handler.log_command:Invoked command in '/home/pi/sunflower/src/stem_pkg' returned '1': PYTEST_ADDOPTS=--tb=short --junit-xml=/home/pi/sunflower/build/stem_pkg/pytest.xml --junit-prefix=stem_pkg -o cache_dir=/home/pi/sunflower/build/stem_pkg/.pytest_cache PYTHONPATH=/home/pi/sunflower/build/stem_pkg:/home/pi/sunflower/install/stem_pkg/lib/python3.8/site-packages:/home/pi/sunflower/build/tflite_pkg:/home/pi/sunflower/install/tflite_pkg/lib/python3.8/site-packages:/home/pi/sunflower/build/test_pkg:/home/pi/sunflower/install/test_pkg/lib/python3.8/site-packages:/home/pi/sunflower/install/sunflower_interfaces/lib/python3.8/site-packages:/home/pi/sunflower/build/sf_pkg:/home/pi/sunflower/install/sf_pkg/lib/python3.8/site-packages:/opt/ros/foxy/lib/python3.8/site-packages /usr/bin/python3 -m pytest
[18.262s] DEBUG:colcon.colcon_core.event_handler.log_command:Invoked command in '/home/pi/sunflower/src/test_pkg' returned '0': AMENT_PREFIX_PATH=/home/pi/sunflower/install/test_pkg:/home/pi/sunflower/install/tflite_pkg:/home/pi/sunflower/install/sunflower_interfaces:/home/pi/sunflower/install/sf_pkg:/opt/ros/foxy PYTEST_ADDOPTS=--tb=short --junit-xml=/home/pi/sunflower/build/test_pkg/pytest.xml --junit-prefix=test_pkg -o cache_dir=/home/pi/sunflower/build/test_pkg/.pytest_cache PYTHONPATH=/home/pi/sunflower/build/test_pkg:/home/pi/sunflower/install/test_pkg/lib/python3.8/site-packages:/home/pi/sunflower/build/tflite_pkg:/home/pi/sunflower/install/tflite_pkg/lib/python3.8/site-packages:/home/pi/sunflower/install/sunflower_interfaces/lib/python3.8/site-packages:/home/pi/sunflower/build/stem_pkg:/home/pi/sunflower/install/stem_pkg/lib/python3.8/site-packages:/home/pi/sunflower/build/sf_pkg:/home/pi/sunflower/install/sf_pkg/lib/python3.8/site-packages:/opt/ros/foxy/lib/python3.8/site-packages /usr/bin/python3 -m pytest
[19.531s] DEBUG:colcon.colcon_parallel_executor.executor.parallel:closing loop
[19.532s] DEBUG:colcon.colcon_core.event_handler.log_command:Invoked command in '/home/pi/sunflower/src/tflite_pkg' returned '0': PYTEST_ADDOPTS=--tb=short --junit-xml=/home/pi/sunflower/build/tflite_pkg/pytest.xml --junit-prefix=tflite_pkg -o cache_dir=/home/pi/sunflower/build/tflite_pkg/.pytest_cache /usr/bin/python3 -m pytest
[19.533s] DEBUG:colcon.colcon_parallel_executor.executor.parallel:loop closed
[19.534s] DEBUG:colcon.colcon_parallel_executor.executor.parallel:run_until_complete finished with '0'
[19.536s] DEBUG:colcon.colcon_core.event_reactor:joining thread
[19.564s] INFO:colcon.colcon_core.plugin_system:Skipping extension 'colcon_notification.desktop_notification.terminal_notifier': Not used on non-Darwin systems
[19.565s] INFO:colcon.colcon_core.plugin_system:Skipping extension 'colcon_notification.desktop_notification.win32': Not used on non-Windows systems
[19.565s] INFO:colcon.colcon_notification.desktop_notification:Sending desktop notification using 'notify2'
[19.584s] DEBUG:colcon.colcon_notification.desktop_notification.notify2:Failed to initialize notify2: org.freedesktop.DBus.Error.ServiceUnknown: The name org.freedesktop.Notifications was not provided by any .service files
[19.585s] DEBUG:colcon.colcon_core.event_reactor:joined thread
