[4.247s] Invoking command in '/home/pi/sunflower/build/sf_pkg': PYTHONPATH=/home/pi/sunflower/install/sf_pkg/lib/python3.8/site-packages:${PYTHONPATH} /usr/bin/python3 setup.py develop --prefix /home/pi/sunflower/install/sf_pkg --editable --build-directory /home/pi/sunflower/build/sf_pkg/build --no-deps install_data --install-dir /home/pi/sunflower/install/sf_pkg
[5.896s] running develop
[7.028s] running egg_info
[7.029s] writing sf_pkg.egg-info/PKG-INFO
[7.030s] writing dependency_links to sf_pkg.egg-info/dependency_links.txt
[7.031s] writing entry points to sf_pkg.egg-info/entry_points.txt
[7.033s] writing requirements to sf_pkg.egg-info/requires.txt
[7.033s] writing top-level names to sf_pkg.egg-info/top_level.txt
[7.183s] reading manifest file 'sf_pkg.egg-info/SOURCES.txt'
[7.188s] writing manifest file 'sf_pkg.egg-info/SOURCES.txt'
[7.399s] running build_ext
[7.400s] Creating /home/pi/sunflower/install/sf_pkg/lib/python3.8/site-packages/sf-pkg.egg-link (link to .)
[7.405s] Installing calculator script to /home/pi/sunflower/install/sf_pkg/lib/sf_pkg
[7.406s] Installing cmd_selector script to /home/pi/sunflower/install/sf_pkg/lib/sf_pkg
[7.408s] Installing serial_talker script to /home/pi/sunflower/install/sf_pkg/lib/sf_pkg
[7.410s] Installing tensor_publisher script to /home/pi/sunflower/install/sf_pkg/lib/sf_pkg
[7.429s] 
[7.431s] Installed /home/pi/sunflower/build/sf_pkg
[7.433s] running install_data
[7.562s] Invoked command in '/home/pi/sunflower/build/sf_pkg' returned '0': PYTHONPATH=/home/pi/sunflower/install/sf_pkg/lib/python3.8/site-packages:${PYTHONPATH} /usr/bin/python3 setup.py develop --prefix /home/pi/sunflower/install/sf_pkg --editable --build-directory /home/pi/sunflower/build/sf_pkg/build --no-deps install_data --install-dir /home/pi/sunflower/install/sf_pkg
